Using pre-set license
Built from '2021.3/staging' branch; Version is '2021.3.13f1 (9e7d58001ecf) revision 10386776'; Using compiler version '192829333'; Build Type 'Release'
OS: 'Windows 10  (10.0.19045) 64bit CoreSingleLanguage' Language: 'ru' Physical Memory: 16140 MB
BatchMode: 1, IsHumanControllingUs: 0, StartBugReporterOnCrash: 0, Is64bit: 1, IsPro: 1

COMMAND LINE ARGUMENTS:
C:\Program Files\Unity\Hub\Editor\2021.3.13f1\Editor\Unity.exe
-adb2
-batchMode
-noUpm
-name
AssetImportWorker1
-projectPath
C:/Users/HP/Desktop/проект наташи/-
-logFile
Logs/AssetImportWorker1.log
-srvPort
64388
Successfully changed project path to: C:/Users/HP/Desktop/проект наташи/-
C:/Users/HP/Desktop/проект наташи/-
[UnityMemory] Configuration Parameters - Can be set up in boot.config
    "memorysetup-bucket-allocator-granularity=16"
    "memorysetup-bucket-allocator-bucket-count=8"
    "memorysetup-bucket-allocator-block-size=33554432"
    "memorysetup-bucket-allocator-block-count=8"
    "memorysetup-main-allocator-block-size=16777216"
    "memorysetup-thread-allocator-block-size=16777216"
    "memorysetup-gfx-main-allocator-block-size=16777216"
    "memorysetup-gfx-thread-allocator-block-size=16777216"
    "memorysetup-cache-allocator-block-size=4194304"
    "memorysetup-typetree-allocator-block-size=2097152"
    "memorysetup-profiler-bucket-allocator-granularity=16"
    "memorysetup-profiler-bucket-allocator-bucket-count=8"
    "memorysetup-profiler-bucket-allocator-block-size=33554432"
    "memorysetup-profiler-bucket-allocator-block-count=8"
    "memorysetup-profiler-allocator-block-size=16777216"
    "memorysetup-profiler-editor-allocator-block-size=1048576"
    "memorysetup-temp-allocator-size-main=16777216"
    "memorysetup-job-temp-allocator-block-size=2097152"
    "memorysetup-job-temp-allocator-block-size-background=1048576"
    "memorysetup-job-temp-allocator-reduction-small-platforms=262144"
    "memorysetup-temp-allocator-size-background-worker=32768"
    "memorysetup-temp-allocator-size-job-worker=262144"
    "memorysetup-temp-allocator-size-preload-manager=33554432"
    "memorysetup-temp-allocator-size-nav-mesh-worker=65536"
    "memorysetup-temp-allocator-size-audio-worker=65536"
    "memorysetup-temp-allocator-size-cloud-worker=32768"
    "memorysetup-temp-allocator-size-gi-baking-worker=262144"
    "memorysetup-temp-allocator-size-gfx=262144"
Refreshing native plugins compatible for Editor in 139.15 ms, found 3 plugins.
Preloading 0 native plugins for Editor in 0.00 ms.
Initialize engine version: 2021.3.13f1 (9e7d58001ecf)
[Subsystems] Discovering subsystems at path C:/Program Files/Unity/Hub/Editor/2021.3.13f1/Editor/Data/Resources/UnitySubsystems
[Subsystems] Discovering subsystems at path C:/Users/HP/Desktop/проект наташи/-/Assets
GfxDevice: creating device client; threaded=0; jobified=0
Direct3D:
    Version:  Direct3D 11.0 [level 11.1]
    Renderer: NVIDIA GeForce MX350 (ID=0x1c94)
    Vendor:   NVIDIA
    VRAM:     1978 MB
    Driver:   31.0.15.4626
Initialize mono
Mono path[0] = 'C:/Program Files/Unity/Hub/Editor/2021.3.13f1/Editor/Data/Managed'
Mono path[1] = 'C:/Program Files/Unity/Hub/Editor/2021.3.13f1/Editor/Data/MonoBleedingEdge/lib/mono/unityjit-win32'
Mono config path = 'C:/Program Files/Unity/Hub/Editor/2021.3.13f1/Editor/Data/MonoBleedingEdge/etc'
Using monoOptions --debugger-agent=transport=dt_socket,embedding=1,server=y,suspend=n,address=127.0.0.1:56028
Begin MonoManager ReloadAssembly
Registering precompiled unity dll's ...
Register platform support module: C:/Program Files/Unity/Hub/Editor/2021.3.13f1/Editor/Data/PlaybackEngines/WebGLSupport/UnityEditor.WebGL.Extensions.dll
Register platform support module: C:/Program Files/Unity/Hub/Editor/2021.3.13f1/Editor/Data/PlaybackEngines/WindowsStandaloneSupport/UnityEditor.WindowsStandalone.Extensions.dll
Registered in 0.019524 seconds.
Native extension for WindowsStandalone target not found
Native extension for WebGL target not found
Refreshing native plugins compatible for Editor in 139.15 ms, found 3 plugins.
Preloading 0 native plugins for Editor in 0.00 ms.
Mono: successfully reloaded assembly
- Completed reload, in  1.140 seconds
Domain Reload Profiling:
	ReloadAssembly (1140ms)
		BeginReloadAssembly (176ms)
			ExecutionOrderSort (0ms)
			DisableScriptedObjects (0ms)
			BackupInstance (0ms)
			ReleaseScriptingObjects (0ms)
			CreateAndSetChildDomain (2ms)
		EndReloadAssembly (729ms)
			LoadAssemblies (170ms)
			RebuildTransferFunctionScriptingTraits (0ms)
			SetupTypeCache (195ms)
			ReleaseScriptCaches (0ms)
			RebuildScriptCaches (42ms)
			SetupLoadedEditorAssemblies (402ms)
				LogAssemblyErrors (0ms)
				InitializePlatformSupportModulesInManaged (13ms)
				SetLoadedEditorAssemblies (0ms)
				RefreshPlugins (139ms)
				BeforeProcessingInitializeOnLoad (2ms)
				ProcessInitializeOnLoadAttributes (174ms)
				ProcessInitializeOnLoadMethodAttributes (73ms)
				AfterProcessingInitializeOnLoad (0ms)
				EditorAssembliesLoaded (0ms)
			ExecutionOrderSort2 (0ms)
			AwakeInstancesAfterBackupRestoration (0ms)
Platform modules already initialized, skipping
Registering precompiled user dll's ...
Registered in 0.007803 seconds.
Begin MonoManager ReloadAssembly
Native extension for WindowsStandalone target not found
Native extension for WebGL target not found
Refreshing native plugins compatible for Editor in 149.56 ms, found 3 plugins.
Preloading 0 native plugins for Editor in 0.00 ms.
Mono: successfully reloaded assembly
- Completed reload, in  2.342 seconds
Domain Reload Profiling:
	ReloadAssembly (2343ms)
		BeginReloadAssembly (187ms)
			ExecutionOrderSort (0ms)
			DisableScriptedObjects (7ms)
			BackupInstance (0ms)
			ReleaseScriptingObjects (0ms)
			CreateAndSetChildDomain (33ms)
		EndReloadAssembly (1846ms)
			LoadAssemblies (162ms)
			RebuildTransferFunctionScriptingTraits (0ms)
			SetupTypeCache (461ms)
			ReleaseScriptCaches (1ms)
			RebuildScriptCaches (91ms)
			SetupLoadedEditorAssemblies (1055ms)
				LogAssemblyErrors (0ms)
				InitializePlatformSupportModulesInManaged (9ms)
				SetLoadedEditorAssemblies (0ms)
				RefreshPlugins (150ms)
				BeforeProcessingInitializeOnLoad (135ms)
				ProcessInitializeOnLoadAttributes (724ms)
				ProcessInitializeOnLoadMethodAttributes (22ms)
				AfterProcessingInitializeOnLoad (15ms)
				EditorAssembliesLoaded (0ms)
			ExecutionOrderSort2 (0ms)
			AwakeInstancesAfterBackupRestoration (10ms)
Platform modules already initialized, skipping
========================================================================
Worker process is ready to serve import requests
Launched and connected shader compiler UnityShaderCompiler.exe after 0.06 seconds
Refreshing native plugins compatible for Editor in 1.32 ms, found 3 plugins.
Preloading 0 native plugins for Editor in 0.00 ms.
Unloading 3532 Unused Serialized files (Serialized files now loaded: 0)
Unloading 24 unused Assets / (21.9 KB). Loaded Objects now: 3999.
Memory consumption went from 130.8 MB to 130.8 MB.
Total: 15.916900 ms (FindLiveObjects: 0.443400 ms CreateObjectMapping: 0.544700 ms MarkObjects: 14.884300 ms  DeleteObjects: 0.042100 ms)

AssetImportParameters requested are different than current active one (requested -> active):
  custom:video-decoder-ogg-theora: a1e56fd34408186e4bbccfd4996cb3dc -> 
  custom:container-muxer-webm: aa71ff27fc2769a1b78a27578f13a17b -> 
  custom:container-demuxer-webm: 4f35f7cbe854078d1ac9338744f61a02 -> 
  custom:video-encoder-webm-vp8: eb34c28f22e8b96e1ab97ce403110664 -> 
  custom:audio-encoder-webm-vorbis: bf7c407c2cedff20999df2af8eb42d56 -> 
  custom:framework-win-MediaFoundation: 216162199b28c13a410421893ffa2e32 -> 
  custom:container-demuxer-ogg: 62fdf1f143b41e24485cea50d1cbac27 -> 
  custom:video-decoder-webm-vp8: 9c59270c3fd7afecdb556c50c9e8de78 -> 
  custom:audio-decoder-ogg-vorbis: bf7c407c2cedff20999df2af8eb42d56 -> 
========================================================================
Received Import Request.
  Time since last request: 18553.103954 seconds.
  path: Assets/подсказка.png
  artifactKey: Guid(8e6bbce1eb0cc0c499feceff2ae66bec) Importer(815301076,1909f56bfc062723c751e8b465ee728b)
Start importing Assets/подсказка.png using Guid(8e6bbce1eb0cc0c499feceff2ae66bec) Importer(815301076,1909f56bfc062723c751e8b465ee728b)  -> (artifact id: 'dcf86f8b60167a5ccac84786c53160cf') in 0.306270 seconds 
========================================================================
Received Prepare
Registering precompiled user dll's ...
Registered in 0.012910 seconds.
Begin MonoManager ReloadAssembly
Native extension for WindowsStandalone target not found
Native extension for WebGL target not found
Refreshing native plugins compatible for Editor in 1.54 ms, found 3 plugins.
Preloading 0 native plugins for Editor in 0.00 ms.
Mono: successfully reloaded assembly
- Completed reload, in  2.439 seconds
Domain Reload Profiling:
	ReloadAssembly (2440ms)
		BeginReloadAssembly (270ms)
			ExecutionOrderSort (0ms)
			DisableScriptedObjects (10ms)
			BackupInstance (0ms)
			ReleaseScriptingObjects (0ms)
			CreateAndSetChildDomain (67ms)
		EndReloadAssembly (1958ms)
			LoadAssemblies (185ms)
			RebuildTransferFunctionScriptingTraits (0ms)
			SetupTypeCache (471ms)
			ReleaseScriptCaches (2ms)
			RebuildScriptCaches (103ms)
			SetupLoadedEditorAssemblies (1144ms)
				LogAssemblyErrors (0ms)
				InitializePlatformSupportModulesInManaged (82ms)
				SetLoadedEditorAssemblies (1ms)
				RefreshPlugins (2ms)
				BeforeProcessingInitializeOnLoad (134ms)
				ProcessInitializeOnLoadAttributes (884ms)
				ProcessInitializeOnLoadMethodAttributes (26ms)
				AfterProcessingInitializeOnLoad (15ms)
				EditorAssembliesLoaded (0ms)
			ExecutionOrderSort2 (0ms)
			AwakeInstancesAfterBackupRestoration (8ms)
Platform modules already initialized, skipping
Refreshing native plugins compatible for Editor in 2.86 ms, found 3 plugins.
Preloading 0 native plugins for Editor in 0.00 ms.
Unloading 3505 Unused Serialized files (Serialized files now loaded: 0)
Unloading 16 unused Assets / (24.6 KB). Loaded Objects now: 4009.
Memory consumption went from 132.8 MB to 132.7 MB.
Total: 3.748800 ms (FindLiveObjects: 0.316500 ms CreateObjectMapping: 0.133800 ms MarkObjects: 3.261000 ms  DeleteObjects: 0.035900 ms)

AssetImportParameters requested are different than current active one (requested -> active):
  custom:video-decoder-ogg-theora: a1e56fd34408186e4bbccfd4996cb3dc -> 
  custom:container-muxer-webm: aa71ff27fc2769a1b78a27578f13a17b -> 
  custom:container-demuxer-webm: 4f35f7cbe854078d1ac9338744f61a02 -> 
  custom:video-encoder-webm-vp8: eb34c28f22e8b96e1ab97ce403110664 -> 
  custom:audio-encoder-webm-vorbis: bf7c407c2cedff20999df2af8eb42d56 -> 
  custom:framework-win-MediaFoundation: 216162199b28c13a410421893ffa2e32 -> 
  custom:container-demuxer-ogg: 62fdf1f143b41e24485cea50d1cbac27 -> 
  custom:video-decoder-webm-vp8: 9c59270c3fd7afecdb556c50c9e8de78 -> 
  custom:audio-decoder-ogg-vorbis: bf7c407c2cedff20999df2af8eb42d56 -> 
========================================================================
Received Prepare
Registering precompiled user dll's ...
Registered in 0.008309 seconds.
Begin MonoManager ReloadAssembly
Native extension for WindowsStandalone target not found
Native extension for WebGL target not found
Refreshing native plugins compatible for Editor in 1.55 ms, found 3 plugins.
Preloading 0 native plugins for Editor in 0.00 ms.
Mono: successfully reloaded assembly
- Completed reload, in  2.054 seconds
Domain Reload Profiling:
	ReloadAssembly (2055ms)
		BeginReloadAssembly (223ms)
			ExecutionOrderSort (0ms)
			DisableScriptedObjects (10ms)
			BackupInstance (0ms)
			ReleaseScriptingObjects (0ms)
			CreateAndSetChildDomain (48ms)
		EndReloadAssembly (1604ms)
			LoadAssemblies (163ms)
			RebuildTransferFunctionScriptingTraits (0ms)
			SetupTypeCache (463ms)
			ReleaseScriptCaches (2ms)
			RebuildScriptCaches (79ms)
			SetupLoadedEditorAssemblies (803ms)
				LogAssemblyErrors (0ms)
				InitializePlatformSupportModulesInManaged (28ms)
				SetLoadedEditorAssemblies (1ms)
				RefreshPlugins (2ms)
				BeforeProcessingInitializeOnLoad (135ms)
				ProcessInitializeOnLoadAttributes (579ms)
				ProcessInitializeOnLoadMethodAttributes (39ms)
				AfterProcessingInitializeOnLoad (20ms)
				EditorAssembliesLoaded (0ms)
			ExecutionOrderSort2 (0ms)
			AwakeInstancesAfterBackupRestoration (13ms)
Platform modules already initialized, skipping
Refreshing native plugins compatible for Editor in 4.13 ms, found 3 plugins.
Preloading 0 native plugins for Editor in 0.00 ms.
Unloading 3505 Unused Serialized files (Serialized files now loaded: 0)
Unloading 16 unused Assets / (24.5 KB). Loaded Objects now: 4012.
Memory consumption went from 132.8 MB to 132.8 MB.
Total: 8.296000 ms (FindLiveObjects: 0.381000 ms CreateObjectMapping: 0.414100 ms MarkObjects: 7.468300 ms  DeleteObjects: 0.031200 ms)

AssetImportParameters requested are different than current active one (requested -> active):
  custom:video-decoder-ogg-theora: a1e56fd34408186e4bbccfd4996cb3dc -> 
  custom:container-muxer-webm: aa71ff27fc2769a1b78a27578f13a17b -> 
  custom:container-demuxer-webm: 4f35f7cbe854078d1ac9338744f61a02 -> 
  custom:video-encoder-webm-vp8: eb34c28f22e8b96e1ab97ce403110664 -> 
  custom:audio-encoder-webm-vorbis: bf7c407c2cedff20999df2af8eb42d56 -> 
  custom:framework-win-MediaFoundation: 216162199b28c13a410421893ffa2e32 -> 
  custom:container-demuxer-ogg: 62fdf1f143b41e24485cea50d1cbac27 -> 
  custom:video-decoder-webm-vp8: 9c59270c3fd7afecdb556c50c9e8de78 -> 
  custom:audio-decoder-ogg-vorbis: bf7c407c2cedff20999df2af8eb42d56 -> 
========================================================================
Received Prepare
Registering precompiled user dll's ...
Registered in 0.006390 seconds.
Begin MonoManager ReloadAssembly
Native extension for WindowsStandalone target not found
Native extension for WebGL target not found
Refreshing native plugins compatible for Editor in 1.55 ms, found 3 plugins.
Preloading 0 native plugins for Editor in 0.00 ms.
Mono: successfully reloaded assembly
- Completed reload, in  1.852 seconds
Domain Reload Profiling:
	ReloadAssembly (1854ms)
		BeginReloadAssembly (191ms)
			ExecutionOrderSort (0ms)
			DisableScriptedObjects (9ms)
			BackupInstance (0ms)
			ReleaseScriptingObjects (0ms)
			CreateAndSetChildDomain (45ms)
		EndReloadAssembly (1515ms)
			LoadAssemblies (133ms)
			RebuildTransferFunctionScriptingTraits (0ms)
			SetupTypeCache (408ms)
			ReleaseScriptCaches (1ms)
			RebuildScriptCaches (79ms)
			SetupLoadedEditorAssemblies (774ms)
				LogAssemblyErrors (0ms)
				InitializePlatformSupportModulesInManaged (36ms)
				SetLoadedEditorAssemblies (1ms)
				RefreshPlugins (2ms)
				BeforeProcessingInitializeOnLoad (125ms)
				ProcessInitializeOnLoadAttributes (557ms)
				ProcessInitializeOnLoadMethodAttributes (36ms)
				AfterProcessingInitializeOnLoad (16ms)
				EditorAssembliesLoaded (0ms)
			ExecutionOrderSort2 (0ms)
			AwakeInstancesAfterBackupRestoration (11ms)
Platform modules already initialized, skipping
Refreshing native plugins compatible for Editor in 4.79 ms, found 3 plugins.
Preloading 0 native plugins for Editor in 0.00 ms.
Unloading 3505 Unused Serialized files (Serialized files now loaded: 0)
Unloading 16 unused Assets / (24.7 KB). Loaded Objects now: 4015.
Memory consumption went from 132.8 MB to 132.8 MB.
Total: 4.867300 ms (FindLiveObjects: 0.735100 ms CreateObjectMapping: 0.344600 ms MarkObjects: 3.716800 ms  DeleteObjects: 0.068700 ms)

AssetImportParameters requested are different than current active one (requested -> active):
  custom:video-decoder-ogg-theora: a1e56fd34408186e4bbccfd4996cb3dc -> 
  custom:container-muxer-webm: aa71ff27fc2769a1b78a27578f13a17b -> 
  custom:container-demuxer-webm: 4f35f7cbe854078d1ac9338744f61a02 -> 
  custom:video-encoder-webm-vp8: eb34c28f22e8b96e1ab97ce403110664 -> 
  custom:audio-encoder-webm-vorbis: bf7c407c2cedff20999df2af8eb42d56 -> 
  custom:framework-win-MediaFoundation: 216162199b28c13a410421893ffa2e32 -> 
  custom:container-demuxer-ogg: 62fdf1f143b41e24485cea50d1cbac27 -> 
  custom:video-decoder-webm-vp8: 9c59270c3fd7afecdb556c50c9e8de78 -> 
  custom:audio-decoder-ogg-vorbis: bf7c407c2cedff20999df2af8eb42d56 -> 
========================================================================
Received Import Request.
  Time since last request: 121.575125 seconds.
  path: Assets/monsters/afterbirth/010.002_flaminggaper.png
  artifactKey: Guid(206dfe91f6ae4294dbcdac16466f076f) Importer(815301076,1909f56bfc062723c751e8b465ee728b)
Start importing Assets/monsters/afterbirth/010.002_flaminggaper.png using Guid(206dfe91f6ae4294dbcdac16466f076f) Importer(815301076,1909f56bfc062723c751e8b465ee728b)  -> (artifact id: '402ca0ecaa5f64e5d9d927914f9ae8f4') in 0.128023 seconds 
========================================================================
Received Import Request.
  Time since last request: 0.000032 seconds.
  path: Assets/monsters/afterbirth/024.002_dankglobin.png
  artifactKey: Guid(535f878780bacdd4c99b555af296df5f) Importer(815301076,1909f56bfc062723c751e8b465ee728b)
Start importing Assets/monsters/afterbirth/024.002_dankglobin.png using Guid(535f878780bacdd4c99b555af296df5f) Importer(815301076,1909f56bfc062723c751e8b465ee728b)  -> (artifact id: '6f5333b7aa292436c4846497146dca57') in 0.049760 seconds 
========================================================================
Received Import Request.
  Time since last request: 0.000045 seconds.
  path: Assets/monsters/afterbirth/023.001_drownedcharger.png
  artifactKey: Guid(ab67b4652d1d60044952927e7b3a8f82) Importer(815301076,1909f56bfc062723c751e8b465ee728b)
Start importing Assets/monsters/afterbirth/023.001_drownedcharger.png using Guid(ab67b4652d1d60044952927e7b3a8f82) Importer(815301076,1909f56bfc062723c751e8b465ee728b)  -> (artifact id: '98ec162eb5555fee8b1e083fae1150ea') in 0.046016 seconds 
========================================================================
Received Import Request.
  Time since last request: 0.000034 seconds.
  path: Assets/monsters/afterbirth/283.000_boneknight.png
  artifactKey: Guid(1bef8490b8f5bfc4ab6bad83bc8faba2) Importer(815301076,1909f56bfc062723c751e8b465ee728b)
Start importing Assets/monsters/afterbirth/283.000_boneknight.png using Guid(1bef8490b8f5bfc4ab6bad83bc8faba2) Importer(815301076,1909f56bfc062723c751e8b465ee728b)  -> (artifact id: '8cb1d9b732cf6a5374c2d34d8cac4c31') in 0.054675 seconds 
========================================================================
Received Import Request.
  Time since last request: 0.000040 seconds.
  path: Assets/monsters/afterbirth/058.001_scaredparabite_scarred.png
  artifactKey: Guid(37f4b243cdb261a41be55697dd6cfeeb) Importer(815301076,1909f56bfc062723c751e8b465ee728b)
Start importing Assets/monsters/afterbirth/058.001_scaredparabite_scarred.png using Guid(37f4b243cdb261a41be55697dd6cfeeb) Importer(815301076,1909f56bfc062723c751e8b465ee728b)  -> (artifact id: 'b5ec01688d598a87b3ca95cea5ff84b2') in 0.076763 seconds 
========================================================================
Received Import Request.
  Time since last request: 0.000343 seconds.
  path: Assets/monsters/afterbirth/277.000_blackboney body (2).png
  artifactKey: Guid(ab770da6488baaa46bc013f884b21db1) Importer(815301076,1909f56bfc062723c751e8b465ee728b)
Start importing Assets/monsters/afterbirth/277.000_blackboney body (2).png using Guid(ab770da6488baaa46bc013f884b21db1) Importer(815301076,1909f56bfc062723c751e8b465ee728b)  -> (artifact id: '8f7fc9c0ef82f05ce37ad36c6fa96623') in 0.089634 seconds 
========================================================================
Received Import Request.
  Time since last request: 0.000046 seconds.
  path: Assets/monsters/afterbirth/024.002_dankglobin (2).png
  artifactKey: Guid(25c2a16ed2c545c42af5b64ee36fcb17) Importer(815301076,1909f56bfc062723c751e8b465ee728b)
Start importing Assets/monsters/afterbirth/024.002_dankglobin (2).png using Guid(25c2a16ed2c545c42af5b64ee36fcb17) Importer(815301076,1909f56bfc062723c751e8b465ee728b)  -> (artifact id: '1d01846e420050163321801fb9b063ce') in 0.090320 seconds 
========================================================================
Received Import Request.
  Time since last request: 0.000062 seconds.
  path: Assets/monsters/afterbirth/259.000_imp (2).png
  artifactKey: Guid(75d9cea40a6a65c4dae63170b12f4999) Importer(815301076,1909f56bfc062723c751e8b465ee728b)
Start importing Assets/monsters/afterbirth/259.000_imp (2).png using Guid(75d9cea40a6a65c4dae63170b12f4999) Importer(815301076,1909f56bfc062723c751e8b465ee728b)  -> (artifact id: '26865235e76eff5b06581903afd9dc5f') in 0.090357 seconds 
========================================================================
Received Import Request.
  Time since last request: 0.000046 seconds.
  path: Assets/monsters/afterbirth/040.001_scarredguts (2).png
  artifactKey: Guid(7b63020c8d66096439e8b80d8516a4ca) Importer(815301076,1909f56bfc062723c751e8b465ee728b)
Start importing Assets/monsters/afterbirth/040.001_scarredguts (2).png using Guid(7b63020c8d66096439e8b80d8516a4ca) Importer(815301076,1909f56bfc062723c751e8b465ee728b)  -> (artifact id: '4e93fcac967f27e14e6d8a052615e0fa') in 0.066895 seconds 
========================================================================
Received Import Request.
  Time since last request: 0.000052 seconds.
  path: Assets/monsters/afterbirth/212.001_dankdeathshead (2).png
  artifactKey: Guid(af2ee5e85835a22478cf6f16e509da0d) Importer(815301076,1909f56bfc062723c751e8b465ee728b)
Start importing Assets/monsters/afterbirth/212.001_dankdeathshead (2).png using Guid(af2ee5e85835a22478cf6f16e509da0d) Importer(815301076,1909f56bfc062723c751e8b465ee728b)  -> (artifact id: '8bf767d4484539b293ba1fc7e50e4cdb') in 0.042978 seconds 
========================================================================
Received Import Request.
  Time since last request: 0.000043 seconds.
  path: Assets/monsters/afterbirth/280.000_cyclopia.png
  artifactKey: Guid(d328470cc8db7bf43bd573e33fca9a03) Importer(815301076,1909f56bfc062723c751e8b465ee728b)
Start importing Assets/monsters/afterbirth/280.000_cyclopia.png using Guid(d328470cc8db7bf43bd573e33fca9a03) Importer(815301076,1909f56bfc062723c751e8b465ee728b)  -> (artifact id: '66bd2939850d033f4c99c8f0978cc99c') in 0.051997 seconds 
========================================================================
Received Import Request.
  Time since last request: 0.000036 seconds.
  path: Assets/monsters/afterbirth/023.001_drownedcharger (2).png
  artifactKey: Guid(7445c8ce7d7e9c641bb9c86597daade4) Importer(815301076,1909f56bfc062723c751e8b465ee728b)
Start importing Assets/monsters/afterbirth/023.001_drownedcharger (2).png using Guid(7445c8ce7d7e9c641bb9c86597daade4) Importer(815301076,1909f56bfc062723c751e8b465ee728b)  -> (artifact id: '6bf0f4a33fafbaa3a8013a7bc7f256c7') in 0.067357 seconds 
========================================================================
Received Import Request.
  Time since last request: 0.000039 seconds.
  path: Assets/monsters/afterbirth/025.002_drownedboomfly.png
  artifactKey: Guid(f6cf89d21cb3e014484369c953482296) Importer(815301076,1909f56bfc062723c751e8b465ee728b)
Start importing Assets/monsters/afterbirth/025.002_drownedboomfly.png using Guid(f6cf89d21cb3e014484369c953482296) Importer(815301076,1909f56bfc062723c751e8b465ee728b)  -> (artifact id: '9791d10a59087fd339c1b3d113939f9b') in 0.061119 seconds 
========================================================================
Received Import Request.
  Time since last request: 0.000047 seconds.
  path: Assets/monsters/afterbirth/277.000_blackboney head.png
  artifactKey: Guid(6706d05f600290e4cb62ee14f3599c67) Importer(815301076,1909f56bfc062723c751e8b465ee728b)
Start importing Assets/monsters/afterbirth/277.000_blackboney head.png using Guid(6706d05f600290e4cb62ee14f3599c67) Importer(815301076,1909f56bfc062723c751e8b465ee728b)  -> (artifact id: 'f7c987b169d1f448708091a8509a12d7') in 0.051749 seconds 
========================================================================
Received Import Request.
  Time since last request: 0.000025 seconds.
  path: Assets/monsters/afterbirth/058.001_scarredparabite.png
  artifactKey: Guid(7daeb99426005f944b6f094221bff838) Importer(815301076,1909f56bfc062723c751e8b465ee728b)
Start importing Assets/monsters/afterbirth/058.001_scarredparabite.png using Guid(7daeb99426005f944b6f094221bff838) Importer(815301076,1909f56bfc062723c751e8b465ee728b)  -> (artifact id: '0a5fbf65c31a3b7b3f4fe00a7ec817eb') in 0.048613 seconds 
========================================================================
Received Import Request.
  Time since last request: 0.000035 seconds.
  path: Assets/monsters/afterbirth/257.001_blueconjoinedfatty.png
  artifactKey: Guid(0034cb723a8af7f4189379fefc6eed92) Importer(815301076,1909f56bfc062723c751e8b465ee728b)
Start importing Assets/monsters/afterbirth/257.001_blueconjoinedfatty.png using Guid(0034cb723a8af7f4189379fefc6eed92) Importer(815301076,1909f56bfc062723c751e8b465ee728b)  -> (artifact id: 'b45819f06f9c2c5d9ab6195383e69769') in 0.050357 seconds 
========================================================================
Received Import Request.
  Time since last request: 0.000031 seconds.
  path: Assets/monsters/afterbirth/280.000_cyclopia (2).png
  artifactKey: Guid(5434f231bd13a414d9338aae88efc07f) Importer(815301076,1909f56bfc062723c751e8b465ee728b)
Start importing Assets/monsters/afterbirth/280.000_cyclopia (2).png using Guid(5434f231bd13a414d9338aae88efc07f) Importer(815301076,1909f56bfc062723c751e8b465ee728b)  -> (artifact id: 'f59eee36a917e1cd3dec3f15af723d14') in 0.032950 seconds 
========================================================================
Received Import Request.
  Time since last request: 0.000051 seconds.
  path: Assets/monsters/afterbirth/280.000_blackglobinbody (2).png
  artifactKey: Guid(44befc103b33c784d93e00c85f68336d) Importer(815301076,1909f56bfc062723c751e8b465ee728b)
Start importing Assets/monsters/afterbirth/280.000_blackglobinbody (2).png using Guid(44befc103b33c784d93e00c85f68336d) Importer(815301076,1909f56bfc062723c751e8b465ee728b)  -> (artifact id: '9b013bf785644f12e4e4c6fc4265257b') in 0.058070 seconds 
========================================================================
Received Import Request.
  Time since last request: 0.000249 seconds.
  path: Assets/monsters/afterbirth/276.000_roundy.png
  artifactKey: Guid(64c48b10830dd0b48ad60629b59fcc2e) Importer(815301076,1909f56bfc062723c751e8b465ee728b)
Start importing Assets/monsters/afterbirth/276.000_roundy.png using Guid(64c48b10830dd0b48ad60629b59fcc2e) Importer(815301076,1909f56bfc062723c751e8b465ee728b)  -> (artifact id: '5726c2209784d52d43764b23cc023c34') in 0.049420 seconds 
========================================================================
Received Import Request.
  Time since last request: 0.000035 seconds.
  path: Assets/monsters/afterbirth/285.000_redghost.png
  artifactKey: Guid(2e1d609c4de7fce42b52ceffae2dbf8c) Importer(815301076,1909f56bfc062723c751e8b465ee728b)
Start importing Assets/monsters/afterbirth/285.000_redghost.png using Guid(2e1d609c4de7fce42b52ceffae2dbf8c) Importer(815301076,1909f56bfc062723c751e8b465ee728b)  -> (artifact id: 'c61e7ff607cf3d4406955cbabfdbbc63') in 0.067152 seconds 
========================================================================
Received Import Request.
  Time since last request: 0.000039 seconds.
  path: Assets/monsters/afterbirth/282.000_megaclotty (2).png
  artifactKey: Guid(307b8107c03f5d24c8b4a24049045afc) Importer(815301076,1909f56bfc062723c751e8b465ee728b)
Start importing Assets/monsters/afterbirth/282.000_megaclotty (2).png using Guid(307b8107c03f5d24c8b4a24049045afc) Importer(815301076,1909f56bfc062723c751e8b465ee728b)  -> (artifact id: '25fb0ba103817c7fcc60f55f8a6e63ce') in 0.054137 seconds 
========================================================================
Received Import Request.
  Time since last request: 0.000051 seconds.
  path: Assets/monsters/afterbirth/276.000_roundy (2).png
  artifactKey: Guid(7297ffb22642c594c81c6ec6b98a7115) Importer(815301076,1909f56bfc062723c751e8b465ee728b)
Start importing Assets/monsters/afterbirth/276.000_roundy (2).png using Guid(7297ffb22642c594c81c6ec6b98a7115) Importer(815301076,1909f56bfc062723c751e8b465ee728b)  -> (artifact id: 'e449f5416f2d76f18a99076fdbb19ce7') in 0.040243 seconds 
========================================================================
Received Import Request.
  Time since last request: 0.000055 seconds.
  path: Assets/monsters/afterbirth/039.003_scarreddoublevis (2).png
  artifactKey: Guid(73efe74876d4e5646baa2bc2bb0b1f9e) Importer(815301076,1909f56bfc062723c751e8b465ee728b)
Start importing Assets/monsters/afterbirth/039.003_scarreddoublevis (2).png using Guid(73efe74876d4e5646baa2bc2bb0b1f9e) Importer(815301076,1909f56bfc062723c751e8b465ee728b)  -> (artifact id: 'bddb5c4d7e93c660cc20ada5298828e4') in 0.049026 seconds 
========================================================================
Received Import Request.
  Time since last request: 0.000038 seconds.
  path: Assets/monsters/afterbirth/285.000_redghost (2).png
  artifactKey: Guid(2388ad42ff69ff04394c9583a25b62e3) Importer(815301076,1909f56bfc062723c751e8b465ee728b)
Start importing Assets/monsters/afterbirth/285.000_redghost (2).png using Guid(2388ad42ff69ff04394c9583a25b62e3) Importer(815301076,1909f56bfc062723c751e8b465ee728b)  -> (artifact id: '85c604af49cef654ebbb61164d6e7176') in 0.055297 seconds 
========================================================================
Received Import Request.
  Time since last request: 0.000038 seconds.
  path: Assets/monsters/afterbirth/212.001_dankdeathshead.png
  artifactKey: Guid(97c217bc19a4f5c469c5ee66b6652693) Importer(815301076,1909f56bfc062723c751e8b465ee728b)
Start importing Assets/monsters/afterbirth/212.001_dankdeathshead.png using Guid(97c217bc19a4f5c469c5ee66b6652693) Importer(815301076,1909f56bfc062723c751e8b465ee728b)  -> (artifact id: 'b374e27cb8a501068eb7d36bb9e460c8') in 0.049875 seconds 
========================================================================
Received Import Request.
  Time since last request: 1.014065 seconds.
  path: Assets/monsters/afterbirth/288.000_dukie.png
  artifactKey: Guid(890a7f6b185dadc49b7a5573eb348580) Importer(815301076,1909f56bfc062723c751e8b465ee728b)
Start importing Assets/monsters/afterbirth/288.000_dukie.png using Guid(890a7f6b185dadc49b7a5573eb348580) Importer(815301076,1909f56bfc062723c751e8b465ee728b)  -> (artifact id: '12550df06ee8aa70a2ce2dadd75845da') in 0.044438 seconds 
========================================================================
Received Import Request.
  Time since last request: 0.000103 seconds.
  path: Assets/monsters/afterbirth/290.000_meatball.png
  artifactKey: Guid(2c29dab8d0e4abf438143e1fce1357ee) Importer(815301076,1909f56bfc062723c751e8b465ee728b)
Start importing Assets/monsters/afterbirth/290.000_meatball.png using Guid(2c29dab8d0e4abf438143e1fce1357ee) Importer(815301076,1909f56bfc062723c751e8b465ee728b)  -> (artifact id: '82eee9342ec3a977422d293dee6b09f7') in 0.065425 seconds 
========================================================================
Received Import Request.
  Time since last request: 0.000056 seconds.
  path: Assets/monsters/afterbirth/294.000_ultragreeddoor.png
  artifactKey: Guid(73b5063520f0e574eb34081698587960) Importer(815301076,1909f56bfc062723c751e8b465ee728b)
Start importing Assets/monsters/afterbirth/294.000_ultragreeddoor.png using Guid(73b5063520f0e574eb34081698587960) Importer(815301076,1909f56bfc062723c751e8b465ee728b)  -> (artifact id: 'df049b8e37783c943006c971303951a9') in 0.064767 seconds 
========================================================================
Received Import Request.
  Time since last request: 0.000037 seconds.
  path: Assets/monsters/afterbirth/289.000_ulcer (2).png
  artifactKey: Guid(0d0ff5754cab5bb48a10d8f0d08f9814) Importer(815301076,1909f56bfc062723c751e8b465ee728b)
Start importing Assets/monsters/afterbirth/289.000_ulcer (2).png using Guid(0d0ff5754cab5bb48a10d8f0d08f9814) Importer(815301076,1909f56bfc062723c751e8b465ee728b)  -> (artifact id: 'bb32eb796797d4157256ef2ed96d5e00') in 0.065891 seconds 
========================================================================
Received Import Request.
  Time since last request: 0.000183 seconds.
  path: Assets/monsters/afterbirth/291.000_pitfall.png
  artifactKey: Guid(ffa33d69c5933a04b939078327c64555) Importer(815301076,1909f56bfc062723c751e8b465ee728b)
Start importing Assets/monsters/afterbirth/291.000_pitfall.png using Guid(ffa33d69c5933a04b939078327c64555) Importer(815301076,1909f56bfc062723c751e8b465ee728b)  -> (artifact id: 'c4850eee5266225c13860bd6ed383d93') in 0.198525 seconds 
========================================================================
Received Import Request.
  Time since last request: 0.000083 seconds.
  path: Assets/monsters/afterbirth/enemy_fire.png
  artifactKey: Guid(3e7436b1cdad6fb4d94ee6469f4bedbc) Importer(815301076,1909f56bfc062723c751e8b465ee728b)
Start importing Assets/monsters/afterbirth/enemy_fire.png using Guid(3e7436b1cdad6fb4d94ee6469f4bedbc) Importer(815301076,1909f56bfc062723c751e8b465ee728b)  -> (artifact id: '87eb4e00458d409d908b66b98dba254f') in 0.148923 seconds 
========================================================================
Received Import Request.
  Time since last request: 12.217369 seconds.
  path: Assets/enemy/SlimeA.png
  artifactKey: Guid(9d69ae98725365b4b94189120dc1b40a) Importer(815301076,1909f56bfc062723c751e8b465ee728b)
Start importing Assets/enemy/SlimeA.png using Guid(9d69ae98725365b4b94189120dc1b40a) Importer(815301076,1909f56bfc062723c751e8b465ee728b)  -> (artifact id: 'ee7d8e3a2e2481c8046e7d63f9633c37') in 0.054437 seconds 
========================================================================
Received Prepare
Registering precompiled user dll's ...
Registered in 0.027131 seconds.
Begin MonoManager ReloadAssembly
Native extension for WindowsStandalone target not found
Native extension for WebGL target not found
Refreshing native plugins compatible for Editor in 504.33 ms, found 4 plugins.
Preloading 0 native plugins for Editor in 0.00 ms.
Mono: successfully reloaded assembly
- Completed reload, in  7.164 seconds
Domain Reload Profiling:
	ReloadAssembly (7165ms)
		BeginReloadAssembly (462ms)
			ExecutionOrderSort (0ms)
			DisableScriptedObjects (12ms)
			BackupInstance (0ms)
			ReleaseScriptingObjects (0ms)
			CreateAndSetChildDomain (97ms)
		EndReloadAssembly (5266ms)
			LoadAssemblies (461ms)
			RebuildTransferFunctionScriptingTraits (1ms)
			SetupTypeCache (1951ms)
			ReleaseScriptCaches (4ms)
			RebuildScriptCaches (160ms)
			SetupLoadedEditorAssemblies (2405ms)
				LogAssemblyErrors (0ms)
				InitializePlatformSupportModulesInManaged (102ms)
				SetLoadedEditorAssemblies (0ms)
				RefreshPlugins (505ms)
				BeforeProcessingInitializeOnLoad (237ms)
				ProcessInitializeOnLoadAttributes (1458ms)
				ProcessInitializeOnLoadMethodAttributes (81ms)
				AfterProcessingInitializeOnLoad (22ms)
				EditorAssembliesLoaded (0ms)
			ExecutionOrderSort2 (0ms)
			AwakeInstancesAfterBackupRestoration (12ms)
Platform modules already initialized, skipping
Refreshing native plugins compatible for Editor in 3.86 ms, found 4 plugins.
Preloading 0 native plugins for Editor in 0.00 ms.
Unloading 4318 Unused Serialized files (Serialized files now loaded: 0)
Unloading 29 unused Assets / (166.3 KB). Loaded Objects now: 4873.
Memory consumption went from 170.2 MB to 170.0 MB.
Total: 5.607200 ms (FindLiveObjects: 1.008100 ms CreateObjectMapping: 0.334700 ms MarkObjects: 4.068600 ms  DeleteObjects: 0.194100 ms)

AssetImportParameters requested are different than current active one (requested -> active):
  custom:video-decoder-ogg-theora: a1e56fd34408186e4bbccfd4996cb3dc -> 
  custom:container-muxer-webm: aa71ff27fc2769a1b78a27578f13a17b -> 
  custom:container-demuxer-webm: 4f35f7cbe854078d1ac9338744f61a02 -> 
  custom:video-encoder-webm-vp8: eb34c28f22e8b96e1ab97ce403110664 -> 
  custom:audio-encoder-webm-vorbis: bf7c407c2cedff20999df2af8eb42d56 -> 
  custom:framework-win-MediaFoundation: 216162199b28c13a410421893ffa2e32 -> 
  custom:container-demuxer-ogg: 62fdf1f143b41e24485cea50d1cbac27 -> 
  custom:video-decoder-webm-vp8: 9c59270c3fd7afecdb556c50c9e8de78 -> 
  custom:audio-decoder-ogg-vorbis: bf7c407c2cedff20999df2af8eb42d56 -> 
========================================================================
Received Import Request.
  Time since last request: 323.487588 seconds.
  path: Assets/enemy/023.000.001_myshadow.png
  artifactKey: Guid(6778cfce7af50694bad6c810ced56197) Importer(815301076,1909f56bfc062723c751e8b465ee728b)
Start importing Assets/enemy/023.000.001_myshadow.png using Guid(6778cfce7af50694bad6c810ced56197) Importer(815301076,1909f56bfc062723c751e8b465ee728b)  -> (artifact id: '7dd90375d8c18118312b46720642d80c') in 0.207212 seconds 
========================================================================
Received Import Request.
  Time since last request: 0.000041 seconds.
  path: Assets/enemy/красный слизняк.png
  artifactKey: Guid(ae87b8cb4a1071845bc2387e94c41c64) Importer(815301076,1909f56bfc062723c751e8b465ee728b)
Start importing Assets/enemy/красный слизняк.png using Guid(ae87b8cb4a1071845bc2387e94c41c64) Importer(815301076,1909f56bfc062723c751e8b465ee728b)  -> (artifact id: '96e46e1edc131887d1e20bd4e384a859') in 0.063996 seconds 
========================================================================
Received Prepare
Registering precompiled user dll's ...
Registered in 0.014359 seconds.
Begin MonoManager ReloadAssembly
Native extension for WindowsStandalone target not found
Native extension for WebGL target not found
Refreshing native plugins compatible for Editor in 1.73 ms, found 4 plugins.
Preloading 0 native plugins for Editor in 0.00 ms.
Mono: successfully reloaded assembly
- Completed reload, in  2.232 seconds
Domain Reload Profiling:
	ReloadAssembly (2233ms)
		BeginReloadAssembly (255ms)
			ExecutionOrderSort (0ms)
			DisableScriptedObjects (11ms)
			BackupInstance (0ms)
			ReleaseScriptingObjects (0ms)
			CreateAndSetChildDomain (63ms)
		EndReloadAssembly (1790ms)
			LoadAssemblies (180ms)
			RebuildTransferFunctionScriptingTraits (0ms)
			SetupTypeCache (498ms)
			ReleaseScriptCaches (3ms)
			RebuildScriptCaches (105ms)
			SetupLoadedEditorAssemblies (865ms)
				LogAssemblyErrors (0ms)
				InitializePlatformSupportModulesInManaged (38ms)
				SetLoadedEditorAssemblies (2ms)
				RefreshPlugins (2ms)
				BeforeProcessingInitializeOnLoad (147ms)
				ProcessInitializeOnLoadAttributes (592ms)
				ProcessInitializeOnLoadMethodAttributes (62ms)
				AfterProcessingInitializeOnLoad (22ms)
				EditorAssembliesLoaded (0ms)
			ExecutionOrderSort2 (0ms)
			AwakeInstancesAfterBackupRestoration (15ms)
Platform modules already initialized, skipping
Refreshing native plugins compatible for Editor in 7.02 ms, found 4 plugins.
Preloading 0 native plugins for Editor in 0.00 ms.
Unloading 4318 Unused Serialized files (Serialized files now loaded: 0)
Unloading 29 unused Assets / (166.3 KB). Loaded Objects now: 4878.
Memory consumption went from 170.3 MB to 170.1 MB.
Total: 6.739800 ms (FindLiveObjects: 0.369100 ms CreateObjectMapping: 0.181700 ms MarkObjects: 5.921900 ms  DeleteObjects: 0.264900 ms)

AssetImportParameters requested are different than current active one (requested -> active):
  custom:video-decoder-ogg-theora: a1e56fd34408186e4bbccfd4996cb3dc -> 
  custom:container-muxer-webm: aa71ff27fc2769a1b78a27578f13a17b -> 
  custom:container-demuxer-webm: 4f35f7cbe854078d1ac9338744f61a02 -> 
  custom:video-encoder-webm-vp8: eb34c28f22e8b96e1ab97ce403110664 -> 
  custom:audio-encoder-webm-vorbis: bf7c407c2cedff20999df2af8eb42d56 -> 
  custom:framework-win-MediaFoundation: 216162199b28c13a410421893ffa2e32 -> 
  custom:container-demuxer-ogg: 62fdf1f143b41e24485cea50d1cbac27 -> 
  custom:video-decoder-webm-vp8: 9c59270c3fd7afecdb556c50c9e8de78 -> 
  custom:audio-decoder-ogg-vorbis: bf7c407c2cedff20999df2af8eb42d56 -> 
========================================================================
Received Prepare
Registering precompiled user dll's ...
Registered in 0.014273 seconds.
Begin MonoManager ReloadAssembly
Native extension for WindowsStandalone target not found
Native extension for WebGL target not found
Refreshing native plugins compatible for Editor in 2.18 ms, found 4 plugins.
Preloading 0 native plugins for Editor in 0.00 ms.
Mono: successfully reloaded assembly
- Completed reload, in  2.091 seconds
Domain Reload Profiling:
	ReloadAssembly (2092ms)
		BeginReloadAssembly (231ms)
			ExecutionOrderSort (0ms)
			DisableScriptedObjects (15ms)
			BackupInstance (0ms)
			ReleaseScriptingObjects (0ms)
			CreateAndSetChildDomain (56ms)
		EndReloadAssembly (1655ms)
			LoadAssemblies (173ms)
			RebuildTransferFunctionScriptingTraits (0ms)
			SetupTypeCache (439ms)
			ReleaseScriptCaches (4ms)
			RebuildScriptCaches (101ms)
			SetupLoadedEditorAssemblies (825ms)
				LogAssemblyErrors (0ms)
				InitializePlatformSupportModulesInManaged (30ms)
				SetLoadedEditorAssemblies (1ms)
				RefreshPlugins (2ms)
				BeforeProcessingInitializeOnLoad (155ms)
				ProcessInitializeOnLoadAttributes (554ms)
				ProcessInitializeOnLoadMethodAttributes (65ms)
				AfterProcessingInitializeOnLoad (17ms)
				EditorAssembliesLoaded (0ms)
			ExecutionOrderSort2 (0ms)
			AwakeInstancesAfterBackupRestoration (17ms)
Platform modules already initialized, skipping
Refreshing native plugins compatible for Editor in 5.22 ms, found 4 plugins.
Preloading 0 native plugins for Editor in 0.00 ms.
Unloading 4318 Unused Serialized files (Serialized files now loaded: 0)
Unloading 29 unused Assets / (166.3 KB). Loaded Objects now: 4881.
Memory consumption went from 170.3 MB to 170.1 MB.
Total: 6.147000 ms (FindLiveObjects: 0.893400 ms CreateObjectMapping: 0.255500 ms MarkObjects: 4.800400 ms  DeleteObjects: 0.195000 ms)

AssetImportParameters requested are different than current active one (requested -> active):
  custom:video-decoder-ogg-theora: a1e56fd34408186e4bbccfd4996cb3dc -> 
  custom:container-muxer-webm: aa71ff27fc2769a1b78a27578f13a17b -> 
  custom:container-demuxer-webm: 4f35f7cbe854078d1ac9338744f61a02 -> 
  custom:video-encoder-webm-vp8: eb34c28f22e8b96e1ab97ce403110664 -> 
  custom:audio-encoder-webm-vorbis: bf7c407c2cedff20999df2af8eb42d56 -> 
  custom:framework-win-MediaFoundation: 216162199b28c13a410421893ffa2e32 -> 
  custom:container-demuxer-ogg: 62fdf1f143b41e24485cea50d1cbac27 -> 
  custom:video-decoder-webm-vp8: 9c59270c3fd7afecdb556c50c9e8de78 -> 
  custom:audio-decoder-ogg-vorbis: bf7c407c2cedff20999df2af8eb42d56 -> 
========================================================================
Received Prepare
Registering precompiled user dll's ...
Registered in 0.012957 seconds.
Begin MonoManager ReloadAssembly
Native extension for WindowsStandalone target not found
Native extension for WebGL target not found
Refreshing native plugins compatible for Editor in 2.09 ms, found 4 plugins.
Preloading 0 native plugins for Editor in 0.00 ms.
Mono: successfully reloaded assembly
- Completed reload, in  2.034 seconds
Domain Reload Profiling:
	ReloadAssembly (2036ms)
		BeginReloadAssembly (217ms)
			ExecutionOrderSort (0ms)
			DisableScriptedObjects (12ms)
			BackupInstance (0ms)
			ReleaseScriptingObjects (0ms)
			CreateAndSetChildDomain (55ms)
		EndReloadAssembly (1650ms)
			LoadAssemblies (154ms)
			RebuildTransferFunctionScriptingTraits (0ms)
			SetupTypeCache (476ms)
			ReleaseScriptCaches (2ms)
			RebuildScriptCaches (96ms)
			SetupLoadedEditorAssemblies (796ms)
				LogAssemblyErrors (0ms)
				InitializePlatformSupportModulesInManaged (28ms)
				SetLoadedEditorAssemblies (1ms)
				RefreshPlugins (2ms)
				BeforeProcessingInitializeOnLoad (143ms)
				ProcessInitializeOnLoadAttributes (549ms)
				ProcessInitializeOnLoadMethodAttributes (54ms)
				AfterProcessingInitializeOnLoad (18ms)
				EditorAssembliesLoaded (0ms)
			ExecutionOrderSort2 (0ms)
			AwakeInstancesAfterBackupRestoration (14ms)
Platform modules already initialized, skipping
Refreshing native plugins compatible for Editor in 5.57 ms, found 4 plugins.
Preloading 0 native plugins for Editor in 0.00 ms.
Unloading 4318 Unused Serialized files (Serialized files now loaded: 0)
Unloading 29 unused Assets / (166.3 KB). Loaded Objects now: 4884.
Memory consumption went from 170.3 MB to 170.1 MB.
Total: 6.798900 ms (FindLiveObjects: 0.754300 ms CreateObjectMapping: 0.446100 ms MarkObjects: 5.420600 ms  DeleteObjects: 0.176100 ms)

AssetImportParameters requested are different than current active one (requested -> active):
  custom:video-decoder-ogg-theora: a1e56fd34408186e4bbccfd4996cb3dc -> 
  custom:container-muxer-webm: aa71ff27fc2769a1b78a27578f13a17b -> 
  custom:container-demuxer-webm: 4f35f7cbe854078d1ac9338744f61a02 -> 
  custom:video-encoder-webm-vp8: eb34c28f22e8b96e1ab97ce403110664 -> 
  custom:audio-encoder-webm-vorbis: bf7c407c2cedff20999df2af8eb42d56 -> 
  custom:framework-win-MediaFoundation: 216162199b28c13a410421893ffa2e32 -> 
  custom:container-demuxer-ogg: 62fdf1f143b41e24485cea50d1cbac27 -> 
  custom:video-decoder-webm-vp8: 9c59270c3fd7afecdb556c50c9e8de78 -> 
  custom:audio-decoder-ogg-vorbis: bf7c407c2cedff20999df2af8eb42d56 -> 
========================================================================
Received Prepare
Registering precompiled user dll's ...
Registered in 0.010172 seconds.
Begin MonoManager ReloadAssembly
Native extension for WindowsStandalone target not found
Native extension for WebGL target not found
Refreshing native plugins compatible for Editor in 3.80 ms, found 4 plugins.
Preloading 0 native plugins for Editor in 0.00 ms.
Mono: successfully reloaded assembly
- Completed reload, in  2.408 seconds
Domain Reload Profiling:
	ReloadAssembly (2409ms)
		BeginReloadAssembly (238ms)
			ExecutionOrderSort (0ms)
			DisableScriptedObjects (13ms)
			BackupInstance (0ms)
			ReleaseScriptingObjects (0ms)
			CreateAndSetChildDomain (63ms)
		EndReloadAssembly (1994ms)
			LoadAssemblies (170ms)
			RebuildTransferFunctionScriptingTraits (0ms)
			SetupTypeCache (461ms)
			ReleaseScriptCaches (2ms)
			RebuildScriptCaches (98ms)
			SetupLoadedEditorAssemblies (1126ms)
				LogAssemblyErrors (0ms)
				InitializePlatformSupportModulesInManaged (60ms)
				SetLoadedEditorAssemblies (14ms)
				RefreshPlugins (4ms)
				BeforeProcessingInitializeOnLoad (222ms)
				ProcessInitializeOnLoadAttributes (737ms)
				ProcessInitializeOnLoadMethodAttributes (67ms)
				AfterProcessingInitializeOnLoad (22ms)
				EditorAssembliesLoaded (0ms)
			ExecutionOrderSort2 (0ms)
			AwakeInstancesAfterBackupRestoration (19ms)
Platform modules already initialized, skipping
Refreshing native plugins compatible for Editor in 6.33 ms, found 4 plugins.
Preloading 0 native plugins for Editor in 0.00 ms.
Unloading 4318 Unused Serialized files (Serialized files now loaded: 0)
Unloading 29 unused Assets / (166.2 KB). Loaded Objects now: 4887.
Memory consumption went from 170.3 MB to 170.1 MB.
Total: 4.804000 ms (FindLiveObjects: 0.453100 ms CreateObjectMapping: 0.343800 ms MarkObjects: 3.694000 ms  DeleteObjects: 0.310600 ms)

AssetImportParameters requested are different than current active one (requested -> active):
  custom:video-decoder-ogg-theora: a1e56fd34408186e4bbccfd4996cb3dc -> 
  custom:container-muxer-webm: aa71ff27fc2769a1b78a27578f13a17b -> 
  custom:container-demuxer-webm: 4f35f7cbe854078d1ac9338744f61a02 -> 
  custom:video-encoder-webm-vp8: eb34c28f22e8b96e1ab97ce403110664 -> 
  custom:audio-encoder-webm-vorbis: bf7c407c2cedff20999df2af8eb42d56 -> 
  custom:framework-win-MediaFoundation: 216162199b28c13a410421893ffa2e32 -> 
  custom:container-demuxer-ogg: 62fdf1f143b41e24485cea50d1cbac27 -> 
  custom:video-decoder-webm-vp8: 9c59270c3fd7afecdb556c50c9e8de78 -> 
  custom:audio-decoder-ogg-vorbis: bf7c407c2cedff20999df2af8eb42d56 -> 
========================================================================
Received Import Request.
  Time since last request: 1565.359821 seconds.
  path: Assets/подсказка.png
  artifactKey: Guid(8e6bbce1eb0cc0c499feceff2ae66bec) Importer(815301076,1909f56bfc062723c751e8b465ee728b)
Start importing Assets/подсказка.png using Guid(8e6bbce1eb0cc0c499feceff2ae66bec) Importer(815301076,1909f56bfc062723c751e8b465ee728b)  -> (artifact id: 'd9bf182960bc99d91da75d587fe8fd60') in 0.089642 seconds 
========================================================================
Received Import Request.
  Time since last request: 99.193506 seconds.
  path: Assets/prefabs/Павук.prefab
  artifactKey: Guid(d047d75aa898fbc48b2d5d174c530314) Importer(815301076,1909f56bfc062723c751e8b465ee728b)
Start importing Assets/prefabs/Павук.prefab using Guid(d047d75aa898fbc48b2d5d174c530314) Importer(815301076,1909f56bfc062723c751e8b465ee728b)  -> (artifact id: '9929ffdd09cb1efb1c91f07e88fbd6f6') in 0.152117 seconds 
========================================================================
Received Import Request.
  Time since last request: 0.000033 seconds.
  path: Assets/prefabs/монетка.prefab
  artifactKey: Guid(bada6ea3f54051c49bffff02422608d0) Importer(815301076,1909f56bfc062723c751e8b465ee728b)
Start importing Assets/prefabs/монетка.prefab using Guid(bada6ea3f54051c49bffff02422608d0) Importer(815301076,1909f56bfc062723c751e8b465ee728b)  -> (artifact id: '5eea5d92c6ff33e979e2334808cbf9a0') in 0.052020 seconds 
========================================================================
Received Import Request.
  Time since last request: 1.639385 seconds.
  path: Assets/prefabs/icons_for_chest/Arrow_for_market.prefab
  artifactKey: Guid(5ce5caa3835f3284192130c4a09167aa) Importer(815301076,1909f56bfc062723c751e8b465ee728b)
Start importing Assets/prefabs/icons_for_chest/Arrow_for_market.prefab using Guid(5ce5caa3835f3284192130c4a09167aa) Importer(815301076,1909f56bfc062723c751e8b465ee728b)  -> (artifact id: 'b5c977121d0c64a3700ba4e7d3aa3f80') in 0.030646 seconds 
========================================================================
Received Import Request.
  Time since last request: 0.000039 seconds.
  path: Assets/prefabs/icons_for_chest/Мясо.prefab
  artifactKey: Guid(ee6beb0e9dc3c75428aa0ae63756b1e6) Importer(815301076,1909f56bfc062723c751e8b465ee728b)
Start importing Assets/prefabs/icons_for_chest/Мясо.prefab using Guid(ee6beb0e9dc3c75428aa0ae63756b1e6) Importer(815301076,1909f56bfc062723c751e8b465ee728b)  -> (artifact id: 'dddd326b437a81ff7b53395db71e8a12') in 0.030016 seconds 
========================================================================
Received Import Request.
  Time since last request: 0.000053 seconds.
  path: Assets/prefabs/icons_for_chest/Яблоко.prefab
  artifactKey: Guid(f289c9050cee4834abb58a257c940ace) Importer(815301076,1909f56bfc062723c751e8b465ee728b)
Start importing Assets/prefabs/icons_for_chest/Яблоко.prefab using Guid(f289c9050cee4834abb58a257c940ace) Importer(815301076,1909f56bfc062723c751e8b465ee728b)  -> (artifact id: 'b3f31c76aee447b334932dfee68b02ea') in 0.028093 seconds 
Editor requested this worker to shutdown with reason: Scaling down because of idle timeout
AssetImportWorker is now disconnected from the server
Process exiting
Exiting without the bug reporter. Application will terminate with return code 0