Using pre-set license
Built from '2021.3/staging' branch; Version is '2021.3.13f1 (9e7d58001ecf) revision 10386776'; Using compiler version '192829333'; Build Type 'Release'
OS: 'Windows 10  (10.0.19045) 64bit CoreSingleLanguage' Language: 'ru' Physical Memory: 16140 MB
BatchMode: 1, IsHumanControllingUs: 0, StartBugReporterOnCrash: 0, Is64bit: 1, IsPro: 1

COMMAND LINE ARGUMENTS:
C:\Program Files\Unity\Hub\Editor\2021.3.13f1\Editor\Unity.exe
-adb2
-batchMode
-noUpm
-name
AssetImportWorker3
-projectPath
C:/Users/HP/Desktop/проект наташи/-
-logFile
Logs/AssetImportWorker3.log
-srvPort
57926
Successfully changed project path to: C:/Users/HP/Desktop/проект наташи/-
C:/Users/HP/Desktop/проект наташи/-
[UnityMemory] Configuration Parameters - Can be set up in boot.config
    "memorysetup-bucket-allocator-granularity=16"
    "memorysetup-bucket-allocator-bucket-count=8"
    "memorysetup-bucket-allocator-block-size=33554432"
    "memorysetup-bucket-allocator-block-count=8"
    "memorysetup-main-allocator-block-size=16777216"
    "memorysetup-thread-allocator-block-size=16777216"
    "memorysetup-gfx-main-allocator-block-size=16777216"
    "memorysetup-gfx-thread-allocator-block-size=16777216"
    "memorysetup-cache-allocator-block-size=4194304"
    "memorysetup-typetree-allocator-block-size=2097152"
    "memorysetup-profiler-bucket-allocator-granularity=16"
    "memorysetup-profiler-bucket-allocator-bucket-count=8"
    "memorysetup-profiler-bucket-allocator-block-size=33554432"
    "memorysetup-profiler-bucket-allocator-block-count=8"
    "memorysetup-profiler-allocator-block-size=16777216"
    "memorysetup-profiler-editor-allocator-block-size=1048576"
    "memorysetup-temp-allocator-size-main=16777216"
    "memorysetup-job-temp-allocator-block-size=2097152"
    "memorysetup-job-temp-allocator-block-size-background=1048576"
    "memorysetup-job-temp-allocator-reduction-small-platforms=262144"
    "memorysetup-temp-allocator-size-background-worker=32768"
    "memorysetup-temp-allocator-size-job-worker=262144"
    "memorysetup-temp-allocator-size-preload-manager=33554432"
    "memorysetup-temp-allocator-size-nav-mesh-worker=65536"
    "memorysetup-temp-allocator-size-audio-worker=65536"
    "memorysetup-temp-allocator-size-cloud-worker=32768"
    "memorysetup-temp-allocator-size-gi-baking-worker=262144"
    "memorysetup-temp-allocator-size-gfx=262144"
Refreshing native plugins compatible for Editor in 304.00 ms, found 4 plugins.
Preloading 0 native plugins for Editor in 0.00 ms.
Initialize engine version: 2021.3.13f1 (9e7d58001ecf)
[Subsystems] Discovering subsystems at path C:/Program Files/Unity/Hub/Editor/2021.3.13f1/Editor/Data/Resources/UnitySubsystems
[Subsystems] Discovering subsystems at path C:/Users/HP/Desktop/проект наташи/-/Assets
GfxDevice: creating device client; threaded=0; jobified=0
Direct3D:
    Version:  Direct3D 11.0 [level 11.1]
    Renderer: NVIDIA GeForce MX350 (ID=0x1c94)
    Vendor:   NVIDIA
    VRAM:     1978 MB
    Driver:   31.0.15.4626
Initialize mono
Mono path[0] = 'C:/Program Files/Unity/Hub/Editor/2021.3.13f1/Editor/Data/Managed'
Mono path[1] = 'C:/Program Files/Unity/Hub/Editor/2021.3.13f1/Editor/Data/MonoBleedingEdge/lib/mono/unityjit-win32'
Mono config path = 'C:/Program Files/Unity/Hub/Editor/2021.3.13f1/Editor/Data/MonoBleedingEdge/etc'
Using monoOptions --debugger-agent=transport=dt_socket,embedding=1,server=y,suspend=n,address=127.0.0.1:56392
Begin MonoManager ReloadAssembly
Registering precompiled unity dll's ...
Register platform support module: C:/Program Files/Unity/Hub/Editor/2021.3.13f1/Editor/Data/PlaybackEngines/WebGLSupport/UnityEditor.WebGL.Extensions.dll
Register platform support module: C:/Program Files/Unity/Hub/Editor/2021.3.13f1/Editor/Data/PlaybackEngines/WindowsStandaloneSupport/UnityEditor.WindowsStandalone.Extensions.dll
Registered in 0.035334 seconds.
Native extension for WindowsStandalone target not found
Native extension for WebGL target not found
Refreshing native plugins compatible for Editor in 198.31 ms, found 4 plugins.
Preloading 0 native plugins for Editor in 0.00 ms.
Mono: successfully reloaded assembly
- Completed reload, in  1.849 seconds
Domain Reload Profiling:
	ReloadAssembly (1850ms)
		BeginReloadAssembly (320ms)
			ExecutionOrderSort (0ms)
			DisableScriptedObjects (0ms)
			BackupInstance (0ms)
			ReleaseScriptingObjects (0ms)
			CreateAndSetChildDomain (3ms)
		EndReloadAssembly (1047ms)
			LoadAssemblies (300ms)
			RebuildTransferFunctionScriptingTraits (0ms)
			SetupTypeCache (344ms)
			ReleaseScriptCaches (0ms)
			RebuildScriptCaches (46ms)
			SetupLoadedEditorAssemblies (496ms)
				LogAssemblyErrors (0ms)
				InitializePlatformSupportModulesInManaged (16ms)
				SetLoadedEditorAssemblies (0ms)
				RefreshPlugins (199ms)
				BeforeProcessingInitializeOnLoad (2ms)
				ProcessInitializeOnLoadAttributes (203ms)
				ProcessInitializeOnLoadMethodAttributes (76ms)
				AfterProcessingInitializeOnLoad (0ms)
				EditorAssembliesLoaded (0ms)
			ExecutionOrderSort2 (0ms)
			AwakeInstancesAfterBackupRestoration (0ms)
Platform modules already initialized, skipping
Registering precompiled user dll's ...
Registered in 0.014347 seconds.
Begin MonoManager ReloadAssembly
Native extension for WindowsStandalone target not found
Native extension for WebGL target not found
Refreshing native plugins compatible for Editor in 175.61 ms, found 4 plugins.
Preloading 0 native plugins for Editor in 0.00 ms.
Mono: successfully reloaded assembly
- Completed reload, in  2.476 seconds
Domain Reload Profiling:
	ReloadAssembly (2477ms)
		BeginReloadAssembly (184ms)
			ExecutionOrderSort (0ms)
			DisableScriptedObjects (10ms)
			BackupInstance (0ms)
			ReleaseScriptingObjects (0ms)
			CreateAndSetChildDomain (32ms)
		EndReloadAssembly (2095ms)
			LoadAssemblies (140ms)
			RebuildTransferFunctionScriptingTraits (0ms)
			SetupTypeCache (393ms)
			ReleaseScriptCaches (1ms)
			RebuildScriptCaches (222ms)
			SetupLoadedEditorAssemblies (1215ms)
				LogAssemblyErrors (0ms)
				InitializePlatformSupportModulesInManaged (17ms)
				SetLoadedEditorAssemblies (0ms)
				RefreshPlugins (176ms)
				BeforeProcessingInitializeOnLoad (148ms)
				ProcessInitializeOnLoadAttributes (763ms)
				ProcessInitializeOnLoadMethodAttributes (82ms)
				AfterProcessingInitializeOnLoad (29ms)
				EditorAssembliesLoaded (0ms)
			ExecutionOrderSort2 (0ms)
			AwakeInstancesAfterBackupRestoration (17ms)
Platform modules already initialized, skipping
========================================================================
Worker process is ready to serve import requests
Launched and connected shader compiler UnityShaderCompiler.exe after 0.22 seconds
Refreshing native plugins compatible for Editor in 3.21 ms, found 4 plugins.
Preloading 0 native plugins for Editor in 0.00 ms.
Unloading 4345 Unused Serialized files (Serialized files now loaded: 0)
Unloading 38 unused Assets / (31.5 KB). Loaded Objects now: 4810.
Memory consumption went from 168.5 MB to 168.4 MB.
Total: 10.036800 ms (FindLiveObjects: 0.614200 ms CreateObjectMapping: 0.547200 ms MarkObjects: 8.672500 ms  DeleteObjects: 0.201200 ms)

AssetImportParameters requested are different than current active one (requested -> active):
  custom:video-decoder-ogg-theora: a1e56fd34408186e4bbccfd4996cb3dc -> 
  custom:container-muxer-webm: aa71ff27fc2769a1b78a27578f13a17b -> 
  custom:container-demuxer-webm: 4f35f7cbe854078d1ac9338744f61a02 -> 
  custom:video-encoder-webm-vp8: eb34c28f22e8b96e1ab97ce403110664 -> 
  custom:audio-encoder-webm-vorbis: bf7c407c2cedff20999df2af8eb42d56 -> 
  custom:framework-win-MediaFoundation: 216162199b28c13a410421893ffa2e32 -> 
  custom:container-demuxer-ogg: 62fdf1f143b41e24485cea50d1cbac27 -> 
  custom:video-decoder-webm-vp8: 9c59270c3fd7afecdb556c50c9e8de78 -> 
  custom:audio-decoder-ogg-vorbis: bf7c407c2cedff20999df2af8eb42d56 -> 
========================================================================
Received Import Request.
  Time since last request: 11013.339573 seconds.
  path: Assets/monsters/classic/monster_174_kamikazeleech.png
  artifactKey: Guid(3d02b010ca5f9ef4cb6271d28090b103) Importer(815301076,1909f56bfc062723c751e8b465ee728b)
Start importing Assets/monsters/classic/monster_174_kamikazeleech.png using Guid(3d02b010ca5f9ef4cb6271d28090b103) Importer(815301076,1909f56bfc062723c751e8b465ee728b)  -> (artifact id: 'c31dc50fa43fca752890d116b66bbfe4') in 0.376834 seconds 
========================================================================
Received Import Request.
  Time since last request: 0.000044 seconds.
  path: Assets/monsters/classic/monster_199_parabite.png
  artifactKey: Guid(39ced94a2fac3a64b9a5dbc8d0c08493) Importer(815301076,1909f56bfc062723c751e8b465ee728b)
Start importing Assets/monsters/classic/monster_199_parabite.png using Guid(39ced94a2fac3a64b9a5dbc8d0c08493) Importer(815301076,1909f56bfc062723c751e8b465ee728b)  -> (artifact id: '2202bef3c53282fc5c0fd08dadac3f7f') in 0.085963 seconds 
========================================================================
Received Import Request.
  Time since last request: 0.000070 seconds.
  path: Assets/monsters/classic/monster_183_hanger.png
  artifactKey: Guid(daab931fc58515f439a2ee1e89a543f1) Importer(815301076,1909f56bfc062723c751e8b465ee728b)
Start importing Assets/monsters/classic/monster_183_hanger.png using Guid(daab931fc58515f439a2ee1e89a543f1) Importer(815301076,1909f56bfc062723c751e8b465ee728b)  -> (artifact id: '69ca11c1593af59307f329e58be87977') in 0.201236 seconds 
========================================================================
Received Import Request.
  Time since last request: 0.000054 seconds.
  path: Assets/monsters/classic/monster_154_embryo.png
  artifactKey: Guid(18b0578078fee434894af3d7ed0aeb07) Importer(815301076,1909f56bfc062723c751e8b465ee728b)
Start importing Assets/monsters/classic/monster_154_embryo.png using Guid(18b0578078fee434894af3d7ed0aeb07) Importer(815301076,1909f56bfc062723c751e8b465ee728b)  -> (artifact id: '774b2f2fd1d824cda169614918ac71cb') in 0.088943 seconds 
========================================================================
Received Import Request.
  Time since last request: 0.000064 seconds.
  path: Assets/monsters/classic/monster_079_spit.png
  artifactKey: Guid(648e80938441423478658698b5c99c5c) Importer(815301076,1909f56bfc062723c751e8b465ee728b)
Start importing Assets/monsters/classic/monster_079_spit.png using Guid(648e80938441423478658698b5c99c5c) Importer(815301076,1909f56bfc062723c751e8b465ee728b)  -> (artifact id: '9795e33a47af106c3c6afb51c19460a6') in 0.058703 seconds 
========================================================================
Received Import Request.
  Time since last request: 0.000041 seconds.
  path: Assets/monsters/classic/monster_198_lump (2).png
  artifactKey: Guid(c157d0dd1fe2b254fa4e1fc51b26f305) Importer(815301076,1909f56bfc062723c751e8b465ee728b)
Start importing Assets/monsters/classic/monster_198_lump (2).png using Guid(c157d0dd1fe2b254fa4e1fc51b26f305) Importer(815301076,1909f56bfc062723c751e8b465ee728b)  -> (artifact id: '3deda9222f72878c701d2cc325ca2894') in 0.070698 seconds 
========================================================================
Received Import Request.
  Time since last request: 0.000037 seconds.
  path: Assets/monsters/classic/monster_010_eternalfly (2).png
  artifactKey: Guid(8139cf1dc2b6a6947b72028334825ca5) Importer(815301076,1909f56bfc062723c751e8b465ee728b)
Start importing Assets/monsters/classic/monster_010_eternalfly (2).png using Guid(8139cf1dc2b6a6947b72028334825ca5) Importer(815301076,1909f56bfc062723c751e8b465ee728b)  -> (artifact id: '9a4fb8bee7503987969563716daf3137') in 0.088418 seconds 
========================================================================
Received Import Request.
  Time since last request: 0.000055 seconds.
  path: Assets/monsters/classic/monster_078_sucker.png
  artifactKey: Guid(e58e55a3285a0e649908d1d2e25c837b) Importer(815301076,1909f56bfc062723c751e8b465ee728b)
Start importing Assets/monsters/classic/monster_078_sucker.png using Guid(e58e55a3285a0e649908d1d2e25c837b) Importer(815301076,1909f56bfc062723c751e8b465ee728b)  -> (artifact id: 'f3d77f5893defc4857155b81826b4710') in 0.088162 seconds 
========================================================================
Received Import Request.
  Time since last request: 0.000066 seconds.
  path: Assets/monsters/classic/monster_197_fred.png
  artifactKey: Guid(8d8b8e0f83bd8374282758f798a100ed) Importer(815301076,1909f56bfc062723c751e8b465ee728b)
Start importing Assets/monsters/classic/monster_197_fred.png using Guid(8d8b8e0f83bd8374282758f798a100ed) Importer(815301076,1909f56bfc062723c751e8b465ee728b)  -> (artifact id: '6fc2153697211b0999a4f4304dd241d8') in 0.099736 seconds 
========================================================================
Received Import Request.
  Time since last request: 0.000048 seconds.
  path: Assets/monsters/classic/monster_122_host.png
  artifactKey: Guid(b3da8731ec404654892a92925646727f) Importer(815301076,1909f56bfc062723c751e8b465ee728b)
Start importing Assets/monsters/classic/monster_122_host.png using Guid(b3da8731ec404654892a92925646727f) Importer(815301076,1909f56bfc062723c751e8b465ee728b)  -> (artifact id: 'd47d1c7ce10077efed4d1eac5b7f7ca7') in 0.071138 seconds 
========================================================================
Received Import Request.
  Time since last request: 17.108558 seconds.
  path: Assets/monsters/rebirth/monster_244_roundworm.png
  artifactKey: Guid(2f625cbbb6fb9064fabe44e24ca84307) Importer(815301076,1909f56bfc062723c751e8b465ee728b)
Start importing Assets/monsters/rebirth/monster_244_roundworm.png using Guid(2f625cbbb6fb9064fabe44e24ca84307) Importer(815301076,1909f56bfc062723c751e8b465ee728b)  -> (artifact id: '05676571af650c7a2ed8462303dd0430') in 0.036802 seconds 
========================================================================
Received Import Request.
  Time since last request: 0.000030 seconds.
  path: Assets/monsters/rebirth/monster_248_psychic horf (2).png
  artifactKey: Guid(1240149fafdec804f8740cf1b555746f) Importer(815301076,1909f56bfc062723c751e8b465ee728b)
Start importing Assets/monsters/rebirth/monster_248_psychic horf (2).png using Guid(1240149fafdec804f8740cf1b555746f) Importer(815301076,1909f56bfc062723c751e8b465ee728b)  -> (artifact id: 'a8c4ec1749c61746800ddb5e14a1e822') in 0.042380 seconds 
========================================================================
Received Import Request.
  Time since last request: 0.000031 seconds.
  path: Assets/monsters/rebirth/monster_253_psytumer.png
  artifactKey: Guid(e02c94ba2eb76aa48b5b97cea8739db2) Importer(815301076,1909f56bfc062723c751e8b465ee728b)
Start importing Assets/monsters/rebirth/monster_253_psytumer.png using Guid(e02c94ba2eb76aa48b5b97cea8739db2) Importer(815301076,1909f56bfc062723c751e8b465ee728b)  -> (artifact id: 'c6d17d9f42d4ba633db7385c64e98fed') in 0.062047 seconds 
========================================================================
Received Import Request.
  Time since last request: 0.000028 seconds.
  path: Assets/monsters/rebirth/monster_254_floating knight.png
  artifactKey: Guid(a72081c656190a64da3a166f19b1863e) Importer(815301076,1909f56bfc062723c751e8b465ee728b)
Start importing Assets/monsters/rebirth/monster_254_floating knight.png using Guid(a72081c656190a64da3a166f19b1863e) Importer(815301076,1909f56bfc062723c751e8b465ee728b)  -> (artifact id: '27fed1c1325cce2457a4950a88df257a') in 0.047144 seconds 
========================================================================
Received Import Request.
  Time since last request: 0.000043 seconds.
  path: Assets/monsters/rebirth/monster_252_nullhead.png
  artifactKey: Guid(57260edaf3fafa3449be5ac2ce06b86b) Importer(815301076,1909f56bfc062723c751e8b465ee728b)
Start importing Assets/monsters/rebirth/monster_252_nullhead.png using Guid(57260edaf3fafa3449be5ac2ce06b86b) Importer(815301076,1909f56bfc062723c751e8b465ee728b)  -> (artifact id: '8ab5feb8ce16d23e8e652a2191db8121') in 0.038784 seconds 
========================================================================
Received Import Request.
  Time since last request: 0.000027 seconds.
  path: Assets/monsters/rebirth/monster_246_ragling.png
  artifactKey: Guid(70fef1d9cf488ad438c2d3fa28143e9d) Importer(815301076,1909f56bfc062723c751e8b465ee728b)
Start importing Assets/monsters/rebirth/monster_246_ragling.png using Guid(70fef1d9cf488ad438c2d3fa28143e9d) Importer(815301076,1909f56bfc062723c751e8b465ee728b)  -> (artifact id: '4704cb29e00abc5987112bce3aa6ef65') in 0.048021 seconds 
========================================================================
Received Import Request.
  Time since last request: 873.789256 seconds.
  path: Assets/Fallen_Angels_1/PNG/PNG Sequences/Dying/0_Fallen_Angels_Dying_001.png
  artifactKey: Guid(4d6bf5bf60f22c947a17548caabdd9eb) Importer(815301076,1909f56bfc062723c751e8b465ee728b)
Start importing Assets/Fallen_Angels_1/PNG/PNG Sequences/Dying/0_Fallen_Angels_Dying_001.png using Guid(4d6bf5bf60f22c947a17548caabdd9eb) Importer(815301076,1909f56bfc062723c751e8b465ee728b)  -> (artifact id: 'a00892f4e22bb065e1f56ee124f86942') in 0.128731 seconds 
========================================================================
Received Import Request.
  Time since last request: 0.000051 seconds.
  path: Assets/Fallen_Angels_1/PNG/PNG Sequences/Dying/0_Fallen_Angels_Dying_013.png
  artifactKey: Guid(a32ee7044bcce0e48b21bd1f5551e527) Importer(815301076,1909f56bfc062723c751e8b465ee728b)
Start importing Assets/Fallen_Angels_1/PNG/PNG Sequences/Dying/0_Fallen_Angels_Dying_013.png using Guid(a32ee7044bcce0e48b21bd1f5551e527) Importer(815301076,1909f56bfc062723c751e8b465ee728b)  -> (artifact id: '062b2666a35a8f3d7ac557e5c4912194') in 0.092467 seconds 
========================================================================
Received Import Request.
  Time since last request: 0.000046 seconds.
  path: Assets/Fallen_Angels_1/PNG/PNG Sequences/Dying/0_Fallen_Angels_Dying_009.png
  artifactKey: Guid(bba8323f22394cd4ea3821e1abedde4b) Importer(815301076,1909f56bfc062723c751e8b465ee728b)
Start importing Assets/Fallen_Angels_1/PNG/PNG Sequences/Dying/0_Fallen_Angels_Dying_009.png using Guid(bba8323f22394cd4ea3821e1abedde4b) Importer(815301076,1909f56bfc062723c751e8b465ee728b)  -> (artifact id: 'c44a766b26f69f23d4fbfca118420229') in 0.106016 seconds 
========================================================================
Received Import Request.
  Time since last request: 0.000049 seconds.
  path: Assets/Fallen_Angels_1/PNG/PNG Sequences/Dying/0_Fallen_Angels_Dying_002.png
  artifactKey: Guid(e1aa20b64cd300b489a9026e10c37365) Importer(815301076,1909f56bfc062723c751e8b465ee728b)
Start importing Assets/Fallen_Angels_1/PNG/PNG Sequences/Dying/0_Fallen_Angels_Dying_002.png using Guid(e1aa20b64cd300b489a9026e10c37365) Importer(815301076,1909f56bfc062723c751e8b465ee728b)  -> (artifact id: '3fde6c319ec7342001de182c4e605e53') in 0.098959 seconds 
========================================================================
Received Import Request.
  Time since last request: 0.000047 seconds.
  path: Assets/Fallen_Angels_1/PNG/PNG Sequences/Dying/0_Fallen_Angels_Dying_008.png
  artifactKey: Guid(9eaa4566bd45ac2409c79ca044cf6c7a) Importer(815301076,1909f56bfc062723c751e8b465ee728b)
Start importing Assets/Fallen_Angels_1/PNG/PNG Sequences/Dying/0_Fallen_Angels_Dying_008.png using Guid(9eaa4566bd45ac2409c79ca044cf6c7a) Importer(815301076,1909f56bfc062723c751e8b465ee728b)  -> (artifact id: 'ec1505713c4eb1ceb0957a57f418f06a') in 0.112097 seconds 
========================================================================
Received Import Request.
  Time since last request: 0.000037 seconds.
  path: Assets/Fallen_Angels_1/PNG/PNG Sequences/Dying/0_Fallen_Angels_Dying_011.png
  artifactKey: Guid(29b3fcb5ebdb9534da4f50120727485e) Importer(815301076,1909f56bfc062723c751e8b465ee728b)
Start importing Assets/Fallen_Angels_1/PNG/PNG Sequences/Dying/0_Fallen_Angels_Dying_011.png using Guid(29b3fcb5ebdb9534da4f50120727485e) Importer(815301076,1909f56bfc062723c751e8b465ee728b)  -> (artifact id: '0558ce78c977251d8dbfc914c382d7f5') in 0.089157 seconds 
========================================================================
Received Import Request.
  Time since last request: 0.000050 seconds.
  path: Assets/Fallen_Angels_1/PNG/PNG Sequences/Dying/0_Fallen_Angels_Dying_005.png
  artifactKey: Guid(6a79681ec33efa440828698e420099ea) Importer(815301076,1909f56bfc062723c751e8b465ee728b)
Start importing Assets/Fallen_Angels_1/PNG/PNG Sequences/Dying/0_Fallen_Angels_Dying_005.png using Guid(6a79681ec33efa440828698e420099ea) Importer(815301076,1909f56bfc062723c751e8b465ee728b)  -> (artifact id: '605bdde2cb47afa732986d34645eb38e') in 0.102088 seconds 
Editor requested this worker to shutdown with reason: Scaling down because of idle timeout
AssetImportWorker is now disconnected from the server
Process exiting
Exiting without the bug reporter. Application will terminate with return code 0