Using pre-set license
Built from '2022.3/staging' branch; Version is '2022.3.4f1 (35713cd46cd7) revision 3502396'; Using compiler version '192829333'; Build Type 'Release'
OS: 'Windows 10  (10.0.19045) 64bit CoreSingleLanguage' Language: 'ru' Physical Memory: 16140 MB
BatchMode: 1, IsHumanControllingUs: 0, StartBugReporterOnCrash: 0, Is64bit: 1, IsPro: 1

COMMAND LINE ARGUMENTS:
C:\Program Files\Unity\Hub\Editor\2022.3.4f1\Editor\Unity.exe
-adb2
-batchMode
-noUpm
-name
AssetImportWorker0
-projectPath
C:/Users/HP/Desktop/проект наташи/-
-logFile
Logs/AssetImportWorker0.log
-srvPort
57502
Successfully changed project path to: C:/Users/HP/Desktop/проект наташи/-
C:/Users/HP/Desktop/проект наташи/-
[UnityMemory] Configuration Parameters - Can be set up in boot.config
    "memorysetup-bucket-allocator-granularity=16"
    "memorysetup-bucket-allocator-bucket-count=8"
    "memorysetup-bucket-allocator-block-size=33554432"
    "memorysetup-bucket-allocator-block-count=8"
    "memorysetup-main-allocator-block-size=16777216"
    "memorysetup-thread-allocator-block-size=16777216"
    "memorysetup-gfx-main-allocator-block-size=16777216"
    "memorysetup-gfx-thread-allocator-block-size=16777216"
    "memorysetup-cache-allocator-block-size=4194304"
    "memorysetup-typetree-allocator-block-size=2097152"
    "memorysetup-profiler-bucket-allocator-granularity=16"
    "memorysetup-profiler-bucket-allocator-bucket-count=8"
    "memorysetup-profiler-bucket-allocator-block-size=33554432"
    "memorysetup-profiler-bucket-allocator-block-count=8"
    "memorysetup-profiler-allocator-block-size=16777216"
    "memorysetup-profiler-editor-allocator-block-size=1048576"
    "memorysetup-temp-allocator-size-main=16777216"
    "memorysetup-job-temp-allocator-block-size=2097152"
    "memorysetup-job-temp-allocator-block-size-background=1048576"
    "memorysetup-job-temp-allocator-reduction-small-platforms=262144"
    "memorysetup-allocator-temp-initial-block-size-main=262144"
    "memorysetup-allocator-temp-initial-block-size-worker=262144"
    "memorysetup-temp-allocator-size-background-worker=32768"
    "memorysetup-temp-allocator-size-job-worker=262144"
    "memorysetup-temp-allocator-size-preload-manager=33554432"
    "memorysetup-temp-allocator-size-nav-mesh-worker=65536"
    "memorysetup-temp-allocator-size-audio-worker=65536"
    "memorysetup-temp-allocator-size-cloud-worker=32768"
    "memorysetup-temp-allocator-size-gi-baking-worker=262144"
    "memorysetup-temp-allocator-size-gfx=262144"
Player connection [6832] Host "[IP] 192.168.56.1 [Port] 0 [Flags] 2 [Guid] 3659941485 [EditorId] 3659941485 [Version] 1048832 [Id] WindowsEditor(7,LAPTOP-UIU8MEDP) [Debug] 1 [PackageName] WindowsEditor [ProjectName] Editor" joined multi-casting on [225.0.0.222:54997]...

Player connection [6832] Host "[IP] 192.168.56.1 [Port] 0 [Flags] 2 [Guid] 3659941485 [EditorId] 3659941485 [Version] 1048832 [Id] WindowsEditor(7,LAPTOP-UIU8MEDP) [Debug] 1 [PackageName] WindowsEditor [ProjectName] Editor" joined alternative multi-casting on [225.0.0.222:34997]...

Refreshing native plugins compatible for Editor in 30.38 ms, found 4 plugins.
Preloading 0 native plugins for Editor in 0.00 ms.
Initialize engine version: 2022.3.4f1 (35713cd46cd7)
[Subsystems] Discovering subsystems at path C:/Program Files/Unity/Hub/Editor/2022.3.4f1/Editor/Data/Resources/UnitySubsystems
[Subsystems] Discovering subsystems at path C:/Users/HP/Desktop/проект наташи/-/Assets
GfxDevice: creating device client; threaded=0; jobified=0
Direct3D:
    Version:  Direct3D 11.0 [level 11.1]
    Renderer: NVIDIA GeForce MX350 (ID=0x1c94)
    Vendor:   NVIDIA
    VRAM:     1978 MB
    Driver:   31.0.15.4626
Initialize mono
Mono path[0] = 'C:/Program Files/Unity/Hub/Editor/2022.3.4f1/Editor/Data/Managed'
Mono path[1] = 'C:/Program Files/Unity/Hub/Editor/2022.3.4f1/Editor/Data/MonoBleedingEdge/lib/mono/unityjit-win32'
Mono config path = 'C:/Program Files/Unity/Hub/Editor/2022.3.4f1/Editor/Data/MonoBleedingEdge/etc'
Using monoOptions --debugger-agent=transport=dt_socket,embedding=1,server=y,suspend=n,address=127.0.0.1:56164
Begin MonoManager ReloadAssembly
Registering precompiled unity dll's ...
Register platform support module: C:/Program Files/Unity/Hub/Editor/2022.3.4f1/Editor/Data/PlaybackEngines/WindowsStandaloneSupport/UnityEditor.WindowsStandalone.Extensions.dll
Registered in 0.027712 seconds.
- Loaded All Assemblies, in  0.777 seconds
Native extension for WindowsStandalone target not found
Mono: successfully reloaded assembly
- Finished resetting the current domain, in  0.709 seconds
Domain Reload Profiling: 1481ms
	BeginReloadAssembly (173ms)
		ExecutionOrderSort (0ms)
		DisableScriptedObjects (0ms)
		BackupInstance (0ms)
		ReleaseScriptingObjects (0ms)
		CreateAndSetChildDomain (1ms)
	RebuildCommonClasses (64ms)
	RebuildNativeTypeToScriptingClass (25ms)
	initialDomainReloadingComplete (183ms)
	LoadAllAssembliesAndSetupDomain (327ms)
		LoadAssemblies (169ms)
		RebuildTransferFunctionScriptingTraits (0ms)
		AnalyzeDomain (311ms)
			TypeCache.Refresh (309ms)
				TypeCache.ScanAssembly (282ms)
			ScanForSourceGeneratedMonoScriptInfo (1ms)
			ResolveRequiredComponents (1ms)
	FinalizeReload (709ms)
		ReleaseScriptCaches (0ms)
		RebuildScriptCaches (0ms)
		SetupLoadedEditorAssemblies (568ms)
			LogAssemblyErrors (0ms)
			InitializePlatformSupportModulesInManaged (27ms)
			SetLoadedEditorAssemblies (16ms)
			RefreshPlugins (0ms)
			BeforeProcessingInitializeOnLoad (4ms)
			ProcessInitializeOnLoadAttributes (371ms)
			ProcessInitializeOnLoadMethodAttributes (149ms)
			AfterProcessingInitializeOnLoad (0ms)
			EditorAssembliesLoaded (0ms)
		ExecutionOrderSort2 (0ms)
		AwakeInstancesAfterBackupRestoration (0ms)
========================================================================
Worker process is ready to serve import requests
Begin MonoManager ReloadAssembly
- Loaded All Assemblies, in  1.954 seconds
Refreshing native plugins compatible for Editor in 18.61 ms, found 4 plugins.
Native extension for WindowsStandalone target not found
Package Manager log level set to [2]
[Package Manager] Server::EnsureServerProcessIsRunning -- launch failed, reason: Unity was launched with the -noUpm command-line argument
[Package Manager] UpmClient::Send -- Unable to send message (not connected to UPM process).
[Package Manager] Cannot connect to Unity Package Manager local server
Mono: successfully reloaded assembly
- Finished resetting the current domain, in  2.171 seconds
Domain Reload Profiling: 4106ms
	BeginReloadAssembly (317ms)
		ExecutionOrderSort (0ms)
		DisableScriptedObjects (13ms)
		BackupInstance (0ms)
		ReleaseScriptingObjects (0ms)
		CreateAndSetChildDomain (45ms)
	RebuildCommonClasses (91ms)
	RebuildNativeTypeToScriptingClass (31ms)
	initialDomainReloadingComplete (120ms)
	LoadAllAssembliesAndSetupDomain (1375ms)
		LoadAssemblies (738ms)
		RebuildTransferFunctionScriptingTraits (0ms)
		AnalyzeDomain (781ms)
			TypeCache.Refresh (709ms)
				TypeCache.ScanAssembly (682ms)
			ScanForSourceGeneratedMonoScriptInfo (56ms)
			ResolveRequiredComponents (15ms)
	FinalizeReload (2172ms)
		ReleaseScriptCaches (0ms)
		RebuildScriptCaches (0ms)
		SetupLoadedEditorAssemblies (1676ms)
			LogAssemblyErrors (0ms)
			InitializePlatformSupportModulesInManaged (18ms)
			SetLoadedEditorAssemblies (14ms)
			RefreshPlugins (0ms)
			BeforeProcessingInitializeOnLoad (453ms)
			ProcessInitializeOnLoadAttributes (1081ms)
			ProcessInitializeOnLoadMethodAttributes (86ms)
			AfterProcessingInitializeOnLoad (25ms)
			EditorAssembliesLoaded (0ms)
		ExecutionOrderSort2 (0ms)
		AwakeInstancesAfterBackupRestoration (18ms)
Launched and connected shader compiler UnityShaderCompiler.exe after 0.13 seconds
Refreshing native plugins compatible for Editor in 16.09 ms, found 4 plugins.
Preloading 0 native plugins for Editor in 0.00 ms.
Unloading 4615 Unused Serialized files (Serialized files now loaded: 0)
Unloading 70 unused Assets / (35.2 KB). Loaded Objects now: 5085.
Memory consumption went from 158.1 MB to 158.1 MB.
Total: 9.003100 ms (FindLiveObjects: 1.022800 ms CreateObjectMapping: 0.542600 ms MarkObjects: 6.807200 ms  DeleteObjects: 0.512000 ms)

AssetImportParameters requested are different than current active one (requested -> active):
  custom:container-demuxer-ogg: 62fdf1f143b41e24485cea50d1cbac27 -> 
  custom:video-decoder-ogg-theora: a1e56fd34408186e4bbccfd4996cb3dc -> 
  custom:framework-win-MediaFoundation: 216162199b28c13a410421893ffa2e32 -> 
  custom:CustomObjectIndexerAttribute: 756ad292c208cfabdd7b50bc23989ffe -> 
  custom:container-demuxer-webm: 4f35f7cbe854078d1ac9338744f61a02 -> 
  custom:container-muxer-webm: aa71ff27fc2769a1b78a27578f13a17b -> 
  custom:video-decoder-webm-vp8: 9c59270c3fd7afecdb556c50c9e8de78 -> 
  custom:AudioImporter_EditorPlatform: d09bf68614088b80899f8185d706f6e7 -> 
  custom:video-encoder-webm-vp8: eb34c28f22e8b96e1ab97ce403110664 -> 
  custom:audio-decoder-ogg-vorbis: bf7c407c2cedff20999df2af8eb42d56 -> 
  custom:audio-encoder-webm-vorbis: bf7c407c2cedff20999df2af8eb42d56 -> 
========================================================================
Received Import Request.
  Time since last request: 23272.603579 seconds.
  path: Assets/monsters/rebirth
  artifactKey: Guid(f3f6045c603d63b47ac9f8607a5aee8f) Importer(815301076,1909f56bfc062723c751e8b465ee728b)
Start importing Assets/monsters/rebirth using Guid(f3f6045c603d63b47ac9f8607a5aee8f) Importer(815301076,1909f56bfc062723c751e8b465ee728b)  -> (artifact id: 'af71492b5751c5d633f833de714362e5') in 0.004555 seconds
Number of updated asset objects reloaded before import = 0
Number of asset objects unloaded after import = 0
========================================================================
Received Import Request.
  Time since last request: 0.000075 seconds.
  path: Assets/monsters/rebirth/monster_206_crazy long legs_small.png
  artifactKey: Guid(5f1d7356fb354c6479d6cc237ed0860c) Importer(815301076,1909f56bfc062723c751e8b465ee728b)
Start importing Assets/monsters/rebirth/monster_206_crazy long legs_small.png using Guid(5f1d7356fb354c6479d6cc237ed0860c) Importer(815301076,1909f56bfc062723c751e8b465ee728b)  -> (artifact id: '6e1831f3b87da37dd03a5ed277cd7c1e') in 0.255493 seconds
Number of updated asset objects reloaded before import = 0
Number of asset objects unloaded after import = 3
========================================================================
Received Import Request.
  Time since last request: 0.000044 seconds.
  path: Assets/monsters/rebirth/monster_221_swinger.png
  artifactKey: Guid(0bd8b237b1d40534eaa74b8750a1d68a) Importer(815301076,1909f56bfc062723c751e8b465ee728b)
Start importing Assets/monsters/rebirth/monster_221_swinger.png using Guid(0bd8b237b1d40534eaa74b8750a1d68a) Importer(815301076,1909f56bfc062723c751e8b465ee728b)  -> (artifact id: '333b02c380528e69343e2a8bea683477') in 0.098274 seconds
Number of updated asset objects reloaded before import = 0
Number of asset objects unloaded after import = 3
========================================================================
Received Import Request.
  Time since last request: 0.000035 seconds.
  path: Assets/monsters/rebirth/monster_220_codworm.png
  artifactKey: Guid(88279f10e60f19949afc036d39cea408) Importer(815301076,1909f56bfc062723c751e8b465ee728b)
Start importing Assets/monsters/rebirth/monster_220_codworm.png using Guid(88279f10e60f19949afc036d39cea408) Importer(815301076,1909f56bfc062723c751e8b465ee728b)  -> (artifact id: 'e25bd29e8d0b44b5c177af7d882d6301') in 0.068290 seconds
Number of updated asset objects reloaded before import = 0
Number of asset objects unloaded after import = 3
========================================================================
Received Import Request.
  Time since last request: 0.003443 seconds.
  path: Assets/monsters/rebirth/monster_219_wizoob.png
  artifactKey: Guid(ffb296576c1e67c4c99d19aabaff213a) Importer(815301076,1909f56bfc062723c751e8b465ee728b)
Start importing Assets/monsters/rebirth/monster_219_wizoob.png using Guid(ffb296576c1e67c4c99d19aabaff213a) Importer(815301076,1909f56bfc062723c751e8b465ee728b)  -> (artifact id: '3994ee1def1f00677bc7e3647c828b98') in 1.404873 seconds
Number of updated asset objects reloaded before import = 0
Number of asset objects unloaded after import = 3
========================================================================
Received Import Request.
  Time since last request: 0.000049 seconds.
  path: Assets/monsters/rebirth/260.010_lilhaunt.png
  artifactKey: Guid(a771afb00d513194883de3e7fc0633c8) Importer(815301076,1909f56bfc062723c751e8b465ee728b)
Start importing Assets/monsters/rebirth/260.010_lilhaunt.png using Guid(a771afb00d513194883de3e7fc0633c8) Importer(815301076,1909f56bfc062723c751e8b465ee728b)  -> (artifact id: '8a2a020723572b5409e050fde4fb440e') in 0.056177 seconds
Number of updated asset objects reloaded before import = 0
Number of asset objects unloaded after import = 3
========================================================================
Received Import Request.
  Time since last request: 0.000044 seconds.
  path: Assets/monsters/rebirth/monster_213_level2fly.png
  artifactKey: Guid(02fe654d8673a8b4cb9a21608912fbcb) Importer(815301076,1909f56bfc062723c751e8b465ee728b)
Start importing Assets/monsters/rebirth/monster_213_level2fly.png using Guid(02fe654d8673a8b4cb9a21608912fbcb) Importer(815301076,1909f56bfc062723c751e8b465ee728b)  -> (artifact id: '345b5b74c7e3dcfe3d1ae4ffe8fb5a07') in 0.109158 seconds
Number of updated asset objects reloaded before import = 0
Number of asset objects unloaded after import = 3
========================================================================
Received Import Request.
  Time since last request: 0.000067 seconds.
  path: Assets/monsters/rebirth/monster_219_squirt.png
  artifactKey: Guid(8843e424abaeccb4aa3dec888da3df70) Importer(815301076,1909f56bfc062723c751e8b465ee728b)
Start importing Assets/monsters/rebirth/monster_219_squirt.png using Guid(8843e424abaeccb4aa3dec888da3df70) Importer(815301076,1909f56bfc062723c751e8b465ee728b)  -> (artifact id: '167c9d73f6766476fb568eee7c5315e9') in 0.086334 seconds
Number of updated asset objects reloaded before import = 0
Number of asset objects unloaded after import = 3
========================================================================
Received Import Request.
  Time since last request: 0.000025 seconds.
  path: Assets/monsters/rebirth/monster_203_brimstone head.png
  artifactKey: Guid(ab76f4230d6f51446b248da343d387a7) Importer(815301076,1909f56bfc062723c751e8b465ee728b)
Start importing Assets/monsters/rebirth/monster_203_brimstone head.png using Guid(ab76f4230d6f51446b248da343d387a7) Importer(815301076,1909f56bfc062723c751e8b465ee728b)  -> (artifact id: 'bd568325eac5e1e62a4bffe3b459e1a4') in 0.112177 seconds
Number of updated asset objects reloaded before import = 0
Number of asset objects unloaded after import = 3
========================================================================
Received Import Request.
  Time since last request: 0.000033 seconds.
  path: Assets/monsters/rebirth/monster_228_homunculus (2).png
  artifactKey: Guid(43c7492c5b776194b8bb230ac4c968fb) Importer(815301076,1909f56bfc062723c751e8b465ee728b)
Start importing Assets/monsters/rebirth/monster_228_homunculus (2).png using Guid(43c7492c5b776194b8bb230ac4c968fb) Importer(815301076,1909f56bfc062723c751e8b465ee728b)  -> (artifact id: '3dec3ee11e1191c84cbe93a679f1b169') in 0.049748 seconds
Number of updated asset objects reloaded before import = 0
Number of asset objects unloaded after import = 3
========================================================================
Received Import Request.
  Time since last request: 0.000192 seconds.
  path: Assets/monsters/rebirth/monster_211_deathshead.png
  artifactKey: Guid(0a0c2adc4d12f4f4583f55ce20b8bdf3) Importer(815301076,1909f56bfc062723c751e8b465ee728b)
Start importing Assets/monsters/rebirth/monster_211_deathshead.png using Guid(0a0c2adc4d12f4f4583f55ce20b8bdf3) Importer(815301076,1909f56bfc062723c751e8b465ee728b)  -> (artifact id: 'ef5b25e44b7b30f6675869edfbaa648e') in 0.100219 seconds
Number of updated asset objects reloaded before import = 0
Number of asset objects unloaded after import = 3
========================================================================
Received Import Request.
  Time since last request: 0.000028 seconds.
  path: Assets/monsters/rebirth/monster_205_baby long legs_small.png
  artifactKey: Guid(4cd7dac13b39fc3429ee0ec11a3c07ec) Importer(815301076,1909f56bfc062723c751e8b465ee728b)
Start importing Assets/monsters/rebirth/monster_205_baby long legs_small.png using Guid(4cd7dac13b39fc3429ee0ec11a3c07ec) Importer(815301076,1909f56bfc062723c751e8b465ee728b)  -> (artifact id: '511313dc777db46fc8300e903a654a45') in 0.046161 seconds
Number of updated asset objects reloaded before import = 0
Number of asset objects unloaded after import = 3
========================================================================
Received Import Request.
  Time since last request: 0.000030 seconds.
  path: Assets/monsters/rebirth/204.001_mobile host head.png
  artifactKey: Guid(25ca996239b9ba74a981b7bda9af05b3) Importer(815301076,1909f56bfc062723c751e8b465ee728b)
Start importing Assets/monsters/rebirth/204.001_mobile host head.png using Guid(25ca996239b9ba74a981b7bda9af05b3) Importer(815301076,1909f56bfc062723c751e8b465ee728b)  -> (artifact id: 'a7fa4630104a708ea064af6cba6df820') in 0.041314 seconds
Number of updated asset objects reloaded before import = 0
Number of asset objects unloaded after import = 3
========================================================================
Received Import Request.
  Time since last request: 0.000030 seconds.
  path: Assets/monsters/rebirth/monster_210_halfsack.png
  artifactKey: Guid(c318c3554946aaa4eb5836b3de47d4c1) Importer(815301076,1909f56bfc062723c751e8b465ee728b)
Start importing Assets/monsters/rebirth/monster_210_halfsack.png using Guid(c318c3554946aaa4eb5836b3de47d4c1) Importer(815301076,1909f56bfc062723c751e8b465ee728b)  -> (artifact id: '622620086baf6e003aebea48b082047b') in 0.059401 seconds
Number of updated asset objects reloaded before import = 0
Number of asset objects unloaded after import = 3
========================================================================
Received Import Request.
  Time since last request: 0.002748 seconds.
  path: Assets/monsters/rebirth/monster_237_gurgling.png
  artifactKey: Guid(6301d5548d4d9aa4cadf684cfb7ea375) Importer(815301076,1909f56bfc062723c751e8b465ee728b)
Start importing Assets/monsters/rebirth/monster_237_gurgling.png using Guid(6301d5548d4d9aa4cadf684cfb7ea375) Importer(815301076,1909f56bfc062723c751e8b465ee728b)  -> (artifact id: '6a88ea90b8c3c645e508ae75e1dba510') in 0.066455 seconds
Number of updated asset objects reloaded before import = 0
Number of asset objects unloaded after import = 3
========================================================================
Received Import Request.
  Time since last request: 0.000025 seconds.
  path: Assets/monsters/rebirth/monster_214_level2spider_small (2).png
  artifactKey: Guid(cde3313d396f41e40b5c1469ea22d6f2) Importer(815301076,1909f56bfc062723c751e8b465ee728b)
Start importing Assets/monsters/rebirth/monster_214_level2spider_small (2).png using Guid(cde3313d396f41e40b5c1469ea22d6f2) Importer(815301076,1909f56bfc062723c751e8b465ee728b)  -> (artifact id: 'ad2c56a154106452c959c43e657d95a3') in 0.095793 seconds
Number of updated asset objects reloaded before import = 0
Number of asset objects unloaded after import = 3
========================================================================
Received Import Request.
  Time since last request: 0.000204 seconds.
  path: Assets/monsters/rebirth/monster_222_dinga (2).png
  artifactKey: Guid(744c875cebe7fac479e7b91e624d5df0) Importer(815301076,1909f56bfc062723c751e8b465ee728b)
Start importing Assets/monsters/rebirth/monster_222_dinga (2).png using Guid(744c875cebe7fac479e7b91e624d5df0) Importer(815301076,1909f56bfc062723c751e8b465ee728b)  -> (artifact id: 'cf19929e0a36be19f16853a2c7effaf1') in 0.110914 seconds
Number of updated asset objects reloaded before import = 0
Number of asset objects unloaded after import = 3
========================================================================
Received Import Request.
  Time since last request: 0.000718 seconds.
  path: Assets/monsters/rebirth/monster_236_broken gapingmaw.png
  artifactKey: Guid(61e5015317edcd64398a44d5c92c2eea) Importer(815301076,1909f56bfc062723c751e8b465ee728b)
Start importing Assets/monsters/rebirth/monster_236_broken gapingmaw.png using Guid(61e5015317edcd64398a44d5c92c2eea) Importer(815301076,1909f56bfc062723c751e8b465ee728b)  -> (artifact id: '53b3e40ba9bd8ca234331b617743b851') in 0.059509 seconds
Number of updated asset objects reloaded before import = 0
Number of asset objects unloaded after import = 3
========================================================================
Received Import Request.
  Time since last request: 0.000025 seconds.
  path: Assets/monsters/rebirth/monster_206_crazy long legs_small (2).png
  artifactKey: Guid(0f7d36573d076514587f48ff05329044) Importer(815301076,1909f56bfc062723c751e8b465ee728b)
Start importing Assets/monsters/rebirth/monster_206_crazy long legs_small (2).png using Guid(0f7d36573d076514587f48ff05329044) Importer(815301076,1909f56bfc062723c751e8b465ee728b)  -> (artifact id: '37639c0bde110795e0ab9afbe50aa969') in 0.056301 seconds
Number of updated asset objects reloaded before import = 0
Number of asset objects unloaded after import = 3
========================================================================
Received Import Request.
  Time since last request: 0.000045 seconds.
  path: Assets/monsters/rebirth/monster_229_tumor (2).png
  artifactKey: Guid(c3ef5120a6ed36343a76f557c94b017c) Importer(815301076,1909f56bfc062723c751e8b465ee728b)
Start importing Assets/monsters/rebirth/monster_229_tumor (2).png using Guid(c3ef5120a6ed36343a76f557c94b017c) Importer(815301076,1909f56bfc062723c751e8b465ee728b)  -> (artifact id: '996a78434b49756f785344995fa7d266') in 0.039906 seconds
Number of updated asset objects reloaded before import = 0
Number of asset objects unloaded after import = 3
========================================================================
Received Import Request.
  Time since last request: 0.000179 seconds.
  path: Assets/monsters/rebirth/monster_205_baby long legs (2).png
  artifactKey: Guid(88c64349b2298b94b8387876504d14e3) Importer(815301076,1909f56bfc062723c751e8b465ee728b)
Start importing Assets/monsters/rebirth/monster_205_baby long legs (2).png using Guid(88c64349b2298b94b8387876504d14e3) Importer(815301076,1909f56bfc062723c751e8b465ee728b)  -> (artifact id: 'f776d5eb11a307e83f38a90376b529f4') in 0.116082 seconds
Number of updated asset objects reloaded before import = 0
Number of asset objects unloaded after import = 3
========================================================================
Received Import Request.
  Time since last request: 1.162451 seconds.
  path: Assets/monsters/rebirth/monster_237_gurgling hands.png
  artifactKey: Guid(16455f20aaf89a44ea64c1ec7cfcd091) Importer(815301076,1909f56bfc062723c751e8b465ee728b)
Start importing Assets/monsters/rebirth/monster_237_gurgling hands.png using Guid(16455f20aaf89a44ea64c1ec7cfcd091) Importer(815301076,1909f56bfc062723c751e8b465ee728b)  -> (artifact id: 'e80709af3c49c421b5e8aa9d80880f3d') in 0.052224 seconds
Number of updated asset objects reloaded before import = 0
Number of asset objects unloaded after import = 3
========================================================================
Received Import Request.
  Time since last request: 0.000030 seconds.
  path: Assets/monsters/rebirth/monster_239_grub (2).png
  artifactKey: Guid(4dc6b551f7e1b5543945370b767f171e) Importer(815301076,1909f56bfc062723c751e8b465ee728b)
Start importing Assets/monsters/rebirth/monster_239_grub (2).png using Guid(4dc6b551f7e1b5543945370b767f171e) Importer(815301076,1909f56bfc062723c751e8b465ee728b)  -> (artifact id: '8b9a978095335d4be5b03a90c25b9eb6') in 0.044004 seconds
Number of updated asset objects reloaded before import = 0
Number of asset objects unloaded after import = 3
========================================================================
Received Import Request.
  Time since last request: 0.001971 seconds.
  path: Assets/monsters/rebirth/monster_243_conjoined spitty.png
  artifactKey: Guid(b526bf149ecad49458568af42eae46b8) Importer(815301076,1909f56bfc062723c751e8b465ee728b)
Start importing Assets/monsters/rebirth/monster_243_conjoined spitty.png using Guid(b526bf149ecad49458568af42eae46b8) Importer(815301076,1909f56bfc062723c751e8b465ee728b)  -> (artifact id: '789644ebad31589f95ef927b35c6b7b3') in 0.049187 seconds
Number of updated asset objects reloaded before import = 0
Number of asset objects unloaded after import = 3
========================================================================
Received Import Request.
  Time since last request: 0.340843 seconds.
  path: Assets/monsters/rebirth/monster_246_ragling.png
  artifactKey: Guid(70fef1d9cf488ad438c2d3fa28143e9d) Importer(815301076,1909f56bfc062723c751e8b465ee728b)
Start importing Assets/monsters/rebirth/monster_246_ragling.png using Guid(70fef1d9cf488ad438c2d3fa28143e9d) Importer(815301076,1909f56bfc062723c751e8b465ee728b)  -> (artifact id: '927ee805638ce04679c6e2fbcbd0cb6a') in 0.086767 seconds
Number of updated asset objects reloaded before import = 0
Number of asset objects unloaded after import = 3
========================================================================
Received Import Request.
  Time since last request: 0.000029 seconds.
  path: Assets/monsters/rebirth/monster_248_psychic horf (2).png
  artifactKey: Guid(1240149fafdec804f8740cf1b555746f) Importer(815301076,1909f56bfc062723c751e8b465ee728b)
Start importing Assets/monsters/rebirth/monster_248_psychic horf (2).png using Guid(1240149fafdec804f8740cf1b555746f) Importer(815301076,1909f56bfc062723c751e8b465ee728b)  -> (artifact id: '10c061230385eb7d86e7e6bba2f22190') in 0.121627 seconds
Number of updated asset objects reloaded before import = 0
Number of asset objects unloaded after import = 3
========================================================================
Received Import Request.
  Time since last request: 1.135626 seconds.
  path: Assets/monsters/rebirth/monster_254_floating knight (2).png
  artifactKey: Guid(682865cc2d9303a4a9debef8d69c2ed9) Importer(815301076,1909f56bfc062723c751e8b465ee728b)
Start importing Assets/monsters/rebirth/monster_254_floating knight (2).png using Guid(682865cc2d9303a4a9debef8d69c2ed9) Importer(815301076,1909f56bfc062723c751e8b465ee728b)  -> (artifact id: '448cd3395e6578e74c9aa3e7ea129873') in 0.070047 seconds
Number of updated asset objects reloaded before import = 0
Number of asset objects unloaded after import = 3
Editor requested this worker to shutdown with reason: Scaling down because of idle timeout
TcpMessagingSession - receive error
AssetImportWorkerClient::OnTransportError - code=2 error=End of file
AssetImportWorker is now disconnected from the server
Process exiting
Exiting without the bug reporter. Application will terminate with return code 0