Using pre-set license
Built from '2021.3/staging' branch; Version is '2021.3.13f1 (9e7d58001ecf) revision 10386776'; Using compiler version '192829333'; Build Type 'Release'
OS: 'Windows 10  (10.0.19045) 64bit CoreSingleLanguage' Language: 'ru' Physical Memory: 16140 MB
BatchMode: 1, IsHumanControllingUs: 0, StartBugReporterOnCrash: 0, Is64bit: 1, IsPro: 1

COMMAND LINE ARGUMENTS:
C:\Program Files\Unity\Hub\Editor\2021.3.13f1\Editor\Unity.exe
-adb2
-batchMode
-noUpm
-name
AssetImportWorker2
-projectPath
C:/Users/HP/Desktop/проект наташи/-
-logFile
Logs/AssetImportWorker2.log
-srvPort
57926
Successfully changed project path to: C:/Users/HP/Desktop/проект наташи/-
C:/Users/HP/Desktop/проект наташи/-
[UnityMemory] Configuration Parameters - Can be set up in boot.config
    "memorysetup-bucket-allocator-granularity=16"
    "memorysetup-bucket-allocator-bucket-count=8"
    "memorysetup-bucket-allocator-block-size=33554432"
    "memorysetup-bucket-allocator-block-count=8"
    "memorysetup-main-allocator-block-size=16777216"
    "memorysetup-thread-allocator-block-size=16777216"
    "memorysetup-gfx-main-allocator-block-size=16777216"
    "memorysetup-gfx-thread-allocator-block-size=16777216"
    "memorysetup-cache-allocator-block-size=4194304"
    "memorysetup-typetree-allocator-block-size=2097152"
    "memorysetup-profiler-bucket-allocator-granularity=16"
    "memorysetup-profiler-bucket-allocator-bucket-count=8"
    "memorysetup-profiler-bucket-allocator-block-size=33554432"
    "memorysetup-profiler-bucket-allocator-block-count=8"
    "memorysetup-profiler-allocator-block-size=16777216"
    "memorysetup-profiler-editor-allocator-block-size=1048576"
    "memorysetup-temp-allocator-size-main=16777216"
    "memorysetup-job-temp-allocator-block-size=2097152"
    "memorysetup-job-temp-allocator-block-size-background=1048576"
    "memorysetup-job-temp-allocator-reduction-small-platforms=262144"
    "memorysetup-temp-allocator-size-background-worker=32768"
    "memorysetup-temp-allocator-size-job-worker=262144"
    "memorysetup-temp-allocator-size-preload-manager=33554432"
    "memorysetup-temp-allocator-size-nav-mesh-worker=65536"
    "memorysetup-temp-allocator-size-audio-worker=65536"
    "memorysetup-temp-allocator-size-cloud-worker=32768"
    "memorysetup-temp-allocator-size-gi-baking-worker=262144"
    "memorysetup-temp-allocator-size-gfx=262144"
Refreshing native plugins compatible for Editor in 308.17 ms, found 4 plugins.
Preloading 0 native plugins for Editor in 0.00 ms.
Initialize engine version: 2021.3.13f1 (9e7d58001ecf)
[Subsystems] Discovering subsystems at path C:/Program Files/Unity/Hub/Editor/2021.3.13f1/Editor/Data/Resources/UnitySubsystems
[Subsystems] Discovering subsystems at path C:/Users/HP/Desktop/проект наташи/-/Assets
GfxDevice: creating device client; threaded=0; jobified=0
Direct3D:
    Version:  Direct3D 11.0 [level 11.1]
    Renderer: NVIDIA GeForce MX350 (ID=0x1c94)
    Vendor:   NVIDIA
    VRAM:     1978 MB
    Driver:   31.0.15.4626
Initialize mono
Mono path[0] = 'C:/Program Files/Unity/Hub/Editor/2021.3.13f1/Editor/Data/Managed'
Mono path[1] = 'C:/Program Files/Unity/Hub/Editor/2021.3.13f1/Editor/Data/MonoBleedingEdge/lib/mono/unityjit-win32'
Mono config path = 'C:/Program Files/Unity/Hub/Editor/2021.3.13f1/Editor/Data/MonoBleedingEdge/etc'
Using monoOptions --debugger-agent=transport=dt_socket,embedding=1,server=y,suspend=n,address=127.0.0.1:56736
Begin MonoManager ReloadAssembly
Registering precompiled unity dll's ...
Register platform support module: C:/Program Files/Unity/Hub/Editor/2021.3.13f1/Editor/Data/PlaybackEngines/WebGLSupport/UnityEditor.WebGL.Extensions.dll
Register platform support module: C:/Program Files/Unity/Hub/Editor/2021.3.13f1/Editor/Data/PlaybackEngines/WindowsStandaloneSupport/UnityEditor.WindowsStandalone.Extensions.dll
Registered in 0.028648 seconds.
Native extension for WindowsStandalone target not found
Native extension for WebGL target not found
Refreshing native plugins compatible for Editor in 192.47 ms, found 4 plugins.
Preloading 0 native plugins for Editor in 0.00 ms.
Mono: successfully reloaded assembly
- Completed reload, in  1.837 seconds
Domain Reload Profiling:
	ReloadAssembly (1837ms)
		BeginReloadAssembly (282ms)
			ExecutionOrderSort (0ms)
			DisableScriptedObjects (0ms)
			BackupInstance (0ms)
			ReleaseScriptingObjects (0ms)
			CreateAndSetChildDomain (4ms)
		EndReloadAssembly (1092ms)
			LoadAssemblies (274ms)
			RebuildTransferFunctionScriptingTraits (1ms)
			SetupTypeCache (357ms)
			ReleaseScriptCaches (0ms)
			RebuildScriptCaches (60ms)
			SetupLoadedEditorAssemblies (501ms)
				LogAssemblyErrors (0ms)
				InitializePlatformSupportModulesInManaged (15ms)
				SetLoadedEditorAssemblies (0ms)
				RefreshPlugins (193ms)
				BeforeProcessingInitializeOnLoad (2ms)
				ProcessInitializeOnLoadAttributes (213ms)
				ProcessInitializeOnLoadMethodAttributes (78ms)
				AfterProcessingInitializeOnLoad (0ms)
				EditorAssembliesLoaded (0ms)
			ExecutionOrderSort2 (0ms)
			AwakeInstancesAfterBackupRestoration (0ms)
Platform modules already initialized, skipping
Registering precompiled user dll's ...
Registered in 0.014013 seconds.
Begin MonoManager ReloadAssembly
Native extension for WindowsStandalone target not found
Native extension for WebGL target not found
Refreshing native plugins compatible for Editor in 193.08 ms, found 4 plugins.
Preloading 0 native plugins for Editor in 0.00 ms.
Mono: successfully reloaded assembly
- Completed reload, in  2.455 seconds
Domain Reload Profiling:
	ReloadAssembly (2456ms)
		BeginReloadAssembly (186ms)
			ExecutionOrderSort (0ms)
			DisableScriptedObjects (11ms)
			BackupInstance (0ms)
			ReleaseScriptingObjects (0ms)
			CreateAndSetChildDomain (34ms)
		EndReloadAssembly (2067ms)
			LoadAssemblies (150ms)
			RebuildTransferFunctionScriptingTraits (0ms)
			SetupTypeCache (375ms)
			ReleaseScriptCaches (2ms)
			RebuildScriptCaches (201ms)
			SetupLoadedEditorAssemblies (1214ms)
				LogAssemblyErrors (0ms)
				InitializePlatformSupportModulesInManaged (16ms)
				SetLoadedEditorAssemblies (0ms)
				RefreshPlugins (193ms)
				BeforeProcessingInitializeOnLoad (153ms)
				ProcessInitializeOnLoadAttributes (743ms)
				ProcessInitializeOnLoadMethodAttributes (90ms)
				AfterProcessingInitializeOnLoad (20ms)
				EditorAssembliesLoaded (0ms)
			ExecutionOrderSort2 (0ms)
			AwakeInstancesAfterBackupRestoration (15ms)
Platform modules already initialized, skipping
========================================================================
Worker process is ready to serve import requests
Launched and connected shader compiler UnityShaderCompiler.exe after 0.16 seconds
Refreshing native plugins compatible for Editor in 5.74 ms, found 4 plugins.
Preloading 0 native plugins for Editor in 0.00 ms.
Unloading 4345 Unused Serialized files (Serialized files now loaded: 0)
Unloading 38 unused Assets / (30.2 KB). Loaded Objects now: 4810.
Memory consumption went from 168.5 MB to 168.4 MB.
Total: 10.739200 ms (FindLiveObjects: 1.029700 ms CreateObjectMapping: 0.961700 ms MarkObjects: 8.667300 ms  DeleteObjects: 0.078300 ms)

AssetImportParameters requested are different than current active one (requested -> active):
  custom:video-decoder-ogg-theora: a1e56fd34408186e4bbccfd4996cb3dc -> 
  custom:container-muxer-webm: aa71ff27fc2769a1b78a27578f13a17b -> 
  custom:container-demuxer-webm: 4f35f7cbe854078d1ac9338744f61a02 -> 
  custom:video-encoder-webm-vp8: eb34c28f22e8b96e1ab97ce403110664 -> 
  custom:audio-encoder-webm-vorbis: bf7c407c2cedff20999df2af8eb42d56 -> 
  custom:framework-win-MediaFoundation: 216162199b28c13a410421893ffa2e32 -> 
  custom:container-demuxer-ogg: 62fdf1f143b41e24485cea50d1cbac27 -> 
  custom:video-decoder-webm-vp8: 9c59270c3fd7afecdb556c50c9e8de78 -> 
  custom:audio-decoder-ogg-vorbis: bf7c407c2cedff20999df2af8eb42d56 -> 
========================================================================
Received Import Request.
  Time since last request: 11013.141056 seconds.
  path: Assets/monsters/classic/monster_141_maw.png
  artifactKey: Guid(02c983db7f340b348b71300900fe4554) Importer(815301076,1909f56bfc062723c751e8b465ee728b)
Start importing Assets/monsters/classic/monster_141_maw.png using Guid(02c983db7f340b348b71300900fe4554) Importer(815301076,1909f56bfc062723c751e8b465ee728b)  -> (artifact id: '2b936a022a528021e183ce9b37e4be79') in 0.380664 seconds 
========================================================================
Received Import Request.
  Time since last request: 0.000047 seconds.
  path: Assets/monsters/classic/monster_161_globin.png
  artifactKey: Guid(a789c665464e3a949ae9fe8714870421) Importer(815301076,1909f56bfc062723c751e8b465ee728b)
Start importing Assets/monsters/classic/monster_161_globin.png using Guid(a789c665464e3a949ae9fe8714870421) Importer(815301076,1909f56bfc062723c751e8b465ee728b)  -> (artifact id: '4ac00980d58045c8766255e464e798e2') in 0.085734 seconds 
========================================================================
Received Import Request.
  Time since last request: 0.000071 seconds.
  path: Assets/monsters/classic/monster_150_selflessknight.png
  artifactKey: Guid(2ec5544716f919841a6ac895be37846a) Importer(815301076,1909f56bfc062723c751e8b465ee728b)
Start importing Assets/monsters/classic/monster_150_selflessknight.png using Guid(2ec5544716f919841a6ac895be37846a) Importer(815301076,1909f56bfc062723c751e8b465ee728b)  -> (artifact id: '1affc5950907d7b00fe3734f7563304d') in 0.084517 seconds 
========================================================================
Received Import Request.
  Time since last request: 0.000057 seconds.
  path: Assets/monsters/classic/monster_189_poky.png
  artifactKey: Guid(b29c11db0da3aff4186b45d917c5dcb5) Importer(815301076,1909f56bfc062723c751e8b465ee728b)
Start importing Assets/monsters/classic/monster_189_poky.png using Guid(b29c11db0da3aff4186b45d917c5dcb5) Importer(815301076,1909f56bfc062723c751e8b465ee728b)  -> (artifact id: '9ef31b4fdc5ed108d2b7b52ce5d579fa') in 0.082269 seconds 
========================================================================
Received Import Request.
  Time since last request: 0.000044 seconds.
  path: Assets/monsters/classic/monster_158_brain (2).png
  artifactKey: Guid(e934228e7a663f5418c6e8763cbcdcaa) Importer(815301076,1909f56bfc062723c751e8b465ee728b)
Start importing Assets/monsters/classic/monster_158_brain (2).png using Guid(e934228e7a663f5418c6e8763cbcdcaa) Importer(815301076,1909f56bfc062723c751e8b465ee728b)  -> (artifact id: '59e5eb41b1475c0e53ee95bc71e570b4') in 0.144072 seconds 
========================================================================
Received Import Request.
  Time since last request: 0.000066 seconds.
  path: Assets/monsters/classic/monster_170_mamaguts.png
  artifactKey: Guid(0105384734708e34baec9ceb1abd0bbb) Importer(815301076,1909f56bfc062723c751e8b465ee728b)
Start importing Assets/monsters/classic/monster_170_mamaguts.png using Guid(0105384734708e34baec9ceb1abd0bbb) Importer(815301076,1909f56bfc062723c751e8b465ee728b)  -> (artifact id: '762fc7eb31ba28f710b2f490d655f82e') in 0.117585 seconds 
========================================================================
Received Import Request.
  Time since last request: 0.000054 seconds.
  path: Assets/monsters/classic/monster_176_cagevis.png
  artifactKey: Guid(32028e522b9ccfc4491f093e712fb602) Importer(815301076,1909f56bfc062723c751e8b465ee728b)
Start importing Assets/monsters/classic/monster_176_cagevis.png using Guid(32028e522b9ccfc4491f093e712fb602) Importer(815301076,1909f56bfc062723c751e8b465ee728b)  -> (artifact id: '70b39eabdbc53d34a5280f09dbbd88a4') in 0.078918 seconds 
========================================================================
Received Import Request.
  Time since last request: 0.000045 seconds.
  path: Assets/monsters/classic/monster_096_boomfly.png
  artifactKey: Guid(6229c110c60f24345809fba93de6ae4f) Importer(815301076,1909f56bfc062723c751e8b465ee728b)
Start importing Assets/monsters/classic/monster_096_boomfly.png using Guid(6229c110c60f24345809fba93de6ae4f) Importer(815301076,1909f56bfc062723c751e8b465ee728b)  -> (artifact id: 'a4e3f486067159342e1af32e7bb359a1') in 0.061385 seconds 
========================================================================
Received Import Request.
  Time since last request: 0.000182 seconds.
  path: Assets/monsters/classic/monster_155_baby.png
  artifactKey: Guid(55b02ac9774250542b2211cd2f3b3bde) Importer(815301076,1909f56bfc062723c751e8b465ee728b)
Start importing Assets/monsters/classic/monster_155_baby.png using Guid(55b02ac9774250542b2211cd2f3b3bde) Importer(815301076,1909f56bfc062723c751e8b465ee728b)  -> (artifact id: '5c8d7ac2923073bc9f9cd5e15a8a1356') in 0.061126 seconds 
========================================================================
Received Import Request.
  Time since last request: 0.000049 seconds.
  path: Assets/monsters/classic/monster_127_redhost.png
  artifactKey: Guid(d63f06aee1b850549a725728d1855f3a) Importer(815301076,1909f56bfc062723c751e8b465ee728b)
Start importing Assets/monsters/classic/monster_127_redhost.png using Guid(d63f06aee1b850549a725728d1855f3a) Importer(815301076,1909f56bfc062723c751e8b465ee728b)  -> (artifact id: 'ee4e617dced099f6428d35e1ae72acba') in 0.074323 seconds 
========================================================================
Received Import Request.
  Time since last request: 0.000047 seconds.
  path: Assets/monsters/classic/monster_029_horf.png
  artifactKey: Guid(96bd27e23c16dd448ac0acebe1c3176f) Importer(815301076,1909f56bfc062723c751e8b465ee728b)
Start importing Assets/monsters/classic/monster_029_horf.png using Guid(96bd27e23c16dd448ac0acebe1c3176f) Importer(815301076,1909f56bfc062723c751e8b465ee728b)  -> (artifact id: '16cd78631782c05643d1d5f6e9d7b925') in 0.066918 seconds 
========================================================================
Received Import Request.
  Time since last request: 0.000049 seconds.
  path: Assets/monsters/classic/monster_194_eye.png
  artifactKey: Guid(0188a6de094f11e4a8ce770c94cbe056) Importer(815301076,1909f56bfc062723c751e8b465ee728b)
Start importing Assets/monsters/classic/monster_194_eye.png using Guid(0188a6de094f11e4a8ce770c94cbe056) Importer(815301076,1909f56bfc062723c751e8b465ee728b)  -> (artifact id: '2299209ffe49fb7a41dba25ad8b26b2d') in 0.081480 seconds 
========================================================================
Received Import Request.
  Time since last request: 0.000067 seconds.
  path: Assets/monsters/classic/monster_080_spider.png
  artifactKey: Guid(e05136091dc43e444b783bd2b4c94713) Importer(815301076,1909f56bfc062723c751e8b465ee728b)
Start importing Assets/monsters/classic/monster_080_spider.png using Guid(e05136091dc43e444b783bd2b4c94713) Importer(815301076,1909f56bfc062723c751e8b465ee728b)  -> (artifact id: '678e3652588e20dc95d2eeb7e70a832b') in 0.091236 seconds 
========================================================================
Received Import Request.
  Time since last request: 17.068399 seconds.
  path: Assets/monsters/rebirth/monster_242_blindcreep.png
  artifactKey: Guid(c83bdb9a5a3d300478325b6480e1d26a) Importer(815301076,1909f56bfc062723c751e8b465ee728b)
Start importing Assets/monsters/rebirth/monster_242_blindcreep.png using Guid(c83bdb9a5a3d300478325b6480e1d26a) Importer(815301076,1909f56bfc062723c751e8b465ee728b)  -> (artifact id: '99efc61c83b00d60d98bd14f248d68b9') in 0.040003 seconds 
========================================================================
Received Import Request.
  Time since last request: 0.000032 seconds.
  path: Assets/monsters/rebirth/monster_244_roundworm_scarred.png
  artifactKey: Guid(c364f6a43dfeeb1419ec7001048a0e54) Importer(815301076,1909f56bfc062723c751e8b465ee728b)
Start importing Assets/monsters/rebirth/monster_244_roundworm_scarred.png using Guid(c364f6a43dfeeb1419ec7001048a0e54) Importer(815301076,1909f56bfc062723c751e8b465ee728b)  -> (artifact id: '59a63ac410d0e693301c57cf139f4a06') in 0.039420 seconds 
========================================================================
Received Import Request.
  Time since last request: 0.000022 seconds.
  path: Assets/monsters/rebirth/monster_255_nightcrawler (2).png
  artifactKey: Guid(1804f65d99f05dd45abd8ebb05ba2392) Importer(815301076,1909f56bfc062723c751e8b465ee728b)
Start importing Assets/monsters/rebirth/monster_255_nightcrawler (2).png using Guid(1804f65d99f05dd45abd8ebb05ba2392) Importer(815301076,1909f56bfc062723c751e8b465ee728b)  -> (artifact id: '23817fc7cd5e70f8675dbe2a24e93bb2') in 0.054782 seconds 
========================================================================
Received Import Request.
  Time since last request: 0.000027 seconds.
  path: Assets/monsters/rebirth/monster_249_full fly (2).png
  artifactKey: Guid(ff1d189f3e048cb45ad290519f4c38fd) Importer(815301076,1909f56bfc062723c751e8b465ee728b)
Start importing Assets/monsters/rebirth/monster_249_full fly (2).png using Guid(ff1d189f3e048cb45ad290519f4c38fd) Importer(815301076,1909f56bfc062723c751e8b465ee728b)  -> (artifact id: '140b666cde82a1dfd1e9598dff05b8a6') in 0.045427 seconds 
========================================================================
Received Import Request.
  Time since last request: 0.000039 seconds.
  path: Assets/monsters/rebirth/monster_252_nullbody.png
  artifactKey: Guid(bd6229ba520301b43b2aeec3ebed08e1) Importer(815301076,1909f56bfc062723c751e8b465ee728b)
Start importing Assets/monsters/rebirth/monster_252_nullbody.png using Guid(bd6229ba520301b43b2aeec3ebed08e1) Importer(815301076,1909f56bfc062723c751e8b465ee728b)  -> (artifact id: '98dae934e0a99b8bdc203f7ed3589cd2') in 0.040585 seconds 
========================================================================
Received Import Request.
  Time since last request: 0.000035 seconds.
  path: Assets/monsters/rebirth/monster_249_full fly.png
  artifactKey: Guid(00944455baa7264438d2e52af4f7eddc) Importer(815301076,1909f56bfc062723c751e8b465ee728b)
Start importing Assets/monsters/rebirth/monster_249_full fly.png using Guid(00944455baa7264438d2e52af4f7eddc) Importer(815301076,1909f56bfc062723c751e8b465ee728b)  -> (artifact id: '527f56ce4c90bbf397050ceb3b62b15f') in 0.042056 seconds 
Editor requested this worker to shutdown with reason: Scaling down because of idle timeout
AssetImportWorker is now disconnected from the server
Process exiting
Exiting without the bug reporter. Application will terminate with return code 0