Using pre-set license
Built from '2021.3/staging' branch; Version is '2021.3.13f1 (9e7d58001ecf) revision 10386776'; Using compiler version '192829333'; Build Type 'Release'
OS: 'Windows 10  (10.0.19045) 64bit CoreSingleLanguage' Language: 'ru' Physical Memory: 16140 MB
BatchMode: 1, IsHumanControllingUs: 0, StartBugReporterOnCrash: 0, Is64bit: 1, IsPro: 1

COMMAND LINE ARGUMENTS:
C:\Program Files\Unity\Hub\Editor\2021.3.13f1\Editor\Unity.exe
-adb2
-batchMode
-noUpm
-name
AssetImportWorker6
-projectPath
C:/Users/HP/Desktop/проект наташи/-
-logFile
Logs/AssetImportWorker6.log
-srvPort
64388
Successfully changed project path to: C:/Users/HP/Desktop/проект наташи/-
C:/Users/HP/Desktop/проект наташи/-
[UnityMemory] Configuration Parameters - Can be set up in boot.config
    "memorysetup-bucket-allocator-granularity=16"
    "memorysetup-bucket-allocator-bucket-count=8"
    "memorysetup-bucket-allocator-block-size=33554432"
    "memorysetup-bucket-allocator-block-count=8"
    "memorysetup-main-allocator-block-size=16777216"
    "memorysetup-thread-allocator-block-size=16777216"
    "memorysetup-gfx-main-allocator-block-size=16777216"
    "memorysetup-gfx-thread-allocator-block-size=16777216"
    "memorysetup-cache-allocator-block-size=4194304"
    "memorysetup-typetree-allocator-block-size=2097152"
    "memorysetup-profiler-bucket-allocator-granularity=16"
    "memorysetup-profiler-bucket-allocator-bucket-count=8"
    "memorysetup-profiler-bucket-allocator-block-size=33554432"
    "memorysetup-profiler-bucket-allocator-block-count=8"
    "memorysetup-profiler-allocator-block-size=16777216"
    "memorysetup-profiler-editor-allocator-block-size=1048576"
    "memorysetup-temp-allocator-size-main=16777216"
    "memorysetup-job-temp-allocator-block-size=2097152"
    "memorysetup-job-temp-allocator-block-size-background=1048576"
    "memorysetup-job-temp-allocator-reduction-small-platforms=262144"
    "memorysetup-temp-allocator-size-background-worker=32768"
    "memorysetup-temp-allocator-size-job-worker=262144"
    "memorysetup-temp-allocator-size-preload-manager=33554432"
    "memorysetup-temp-allocator-size-nav-mesh-worker=65536"
    "memorysetup-temp-allocator-size-audio-worker=65536"
    "memorysetup-temp-allocator-size-cloud-worker=32768"
    "memorysetup-temp-allocator-size-gi-baking-worker=262144"
    "memorysetup-temp-allocator-size-gfx=262144"
Refreshing native plugins compatible for Editor in 314.29 ms, found 4 plugins.
Preloading 0 native plugins for Editor in 0.00 ms.
Initialize engine version: 2021.3.13f1 (9e7d58001ecf)
[Subsystems] Discovering subsystems at path C:/Program Files/Unity/Hub/Editor/2021.3.13f1/Editor/Data/Resources/UnitySubsystems
[Subsystems] Discovering subsystems at path C:/Users/HP/Desktop/проект наташи/-/Assets
GfxDevice: creating device client; threaded=0; jobified=0
Direct3D:
    Version:  Direct3D 11.0 [level 11.1]
    Renderer: NVIDIA GeForce MX350 (ID=0x1c94)
    Vendor:   NVIDIA
    VRAM:     1978 MB
    Driver:   31.0.15.4626
Initialize mono
Mono path[0] = 'C:/Program Files/Unity/Hub/Editor/2021.3.13f1/Editor/Data/Managed'
Mono path[1] = 'C:/Program Files/Unity/Hub/Editor/2021.3.13f1/Editor/Data/MonoBleedingEdge/lib/mono/unityjit-win32'
Mono config path = 'C:/Program Files/Unity/Hub/Editor/2021.3.13f1/Editor/Data/MonoBleedingEdge/etc'
Using monoOptions --debugger-agent=transport=dt_socket,embedding=1,server=y,suspend=n,address=127.0.0.1:56364
Begin MonoManager ReloadAssembly
Registering precompiled unity dll's ...
Register platform support module: C:/Program Files/Unity/Hub/Editor/2021.3.13f1/Editor/Data/PlaybackEngines/WebGLSupport/UnityEditor.WebGL.Extensions.dll
Register platform support module: C:/Program Files/Unity/Hub/Editor/2021.3.13f1/Editor/Data/PlaybackEngines/WindowsStandaloneSupport/UnityEditor.WindowsStandalone.Extensions.dll
Registered in 0.025594 seconds.
Native extension for WindowsStandalone target not found
Native extension for WebGL target not found
Refreshing native plugins compatible for Editor in 250.33 ms, found 4 plugins.
Preloading 0 native plugins for Editor in 0.00 ms.
Mono: successfully reloaded assembly
- Completed reload, in  1.524 seconds
Domain Reload Profiling:
	ReloadAssembly (1526ms)
		BeginReloadAssembly (201ms)
			ExecutionOrderSort (0ms)
			DisableScriptedObjects (0ms)
			BackupInstance (0ms)
			ReleaseScriptingObjects (0ms)
			CreateAndSetChildDomain (1ms)
		EndReloadAssembly (980ms)
			LoadAssemblies (195ms)
			RebuildTransferFunctionScriptingTraits (0ms)
			SetupTypeCache (217ms)
			ReleaseScriptCaches (0ms)
			RebuildScriptCaches (54ms)
			SetupLoadedEditorAssemblies (605ms)
				LogAssemblyErrors (0ms)
				InitializePlatformSupportModulesInManaged (17ms)
				SetLoadedEditorAssemblies (0ms)
				RefreshPlugins (251ms)
				BeforeProcessingInitializeOnLoad (2ms)
				ProcessInitializeOnLoadAttributes (243ms)
				ProcessInitializeOnLoadMethodAttributes (91ms)
				AfterProcessingInitializeOnLoad (0ms)
				EditorAssembliesLoaded (0ms)
			ExecutionOrderSort2 (0ms)
			AwakeInstancesAfterBackupRestoration (0ms)
Platform modules already initialized, skipping
Registering precompiled user dll's ...
Registered in 0.018723 seconds.
Begin MonoManager ReloadAssembly
Native extension for WindowsStandalone target not found
Native extension for WebGL target not found
Refreshing native plugins compatible for Editor in 177.04 ms, found 4 plugins.
Preloading 0 native plugins for Editor in 0.00 ms.
Mono: successfully reloaded assembly
- Completed reload, in  2.222 seconds
Domain Reload Profiling:
	ReloadAssembly (2223ms)
		BeginReloadAssembly (201ms)
			ExecutionOrderSort (0ms)
			DisableScriptedObjects (14ms)
			BackupInstance (0ms)
			ReleaseScriptingObjects (0ms)
			CreateAndSetChildDomain (30ms)
		EndReloadAssembly (1799ms)
			LoadAssemblies (169ms)
			RebuildTransferFunctionScriptingTraits (0ms)
			SetupTypeCache (453ms)
			ReleaseScriptCaches (1ms)
			RebuildScriptCaches (99ms)
			SetupLoadedEditorAssemblies (1007ms)
				LogAssemblyErrors (0ms)
				InitializePlatformSupportModulesInManaged (13ms)
				SetLoadedEditorAssemblies (0ms)
				RefreshPlugins (177ms)
				BeforeProcessingInitializeOnLoad (167ms)
				ProcessInitializeOnLoadAttributes (576ms)
				ProcessInitializeOnLoadMethodAttributes (57ms)
				AfterProcessingInitializeOnLoad (16ms)
				EditorAssembliesLoaded (0ms)
			ExecutionOrderSort2 (0ms)
			AwakeInstancesAfterBackupRestoration (11ms)
Platform modules already initialized, skipping
========================================================================
Worker process is ready to serve import requests
Launched and connected shader compiler UnityShaderCompiler.exe after 0.07 seconds
Refreshing native plugins compatible for Editor in 1.14 ms, found 4 plugins.
Preloading 0 native plugins for Editor in 0.00 ms.
Unloading 4345 Unused Serialized files (Serialized files now loaded: 0)
Unloading 38 unused Assets / (30.2 KB). Loaded Objects now: 4810.
Memory consumption went from 168.5 MB to 168.5 MB.
Total: 5.907000 ms (FindLiveObjects: 0.888200 ms CreateObjectMapping: 0.408800 ms MarkObjects: 4.547100 ms  DeleteObjects: 0.060800 ms)

AssetImportParameters requested are different than current active one (requested -> active):
  custom:video-decoder-ogg-theora: a1e56fd34408186e4bbccfd4996cb3dc -> 
  custom:container-muxer-webm: aa71ff27fc2769a1b78a27578f13a17b -> 
  custom:container-demuxer-webm: 4f35f7cbe854078d1ac9338744f61a02 -> 
  custom:video-encoder-webm-vp8: eb34c28f22e8b96e1ab97ce403110664 -> 
  custom:audio-encoder-webm-vorbis: bf7c407c2cedff20999df2af8eb42d56 -> 
  custom:framework-win-MediaFoundation: 216162199b28c13a410421893ffa2e32 -> 
  custom:container-demuxer-ogg: 62fdf1f143b41e24485cea50d1cbac27 -> 
  custom:video-decoder-webm-vp8: 9c59270c3fd7afecdb556c50c9e8de78 -> 
  custom:audio-decoder-ogg-vorbis: bf7c407c2cedff20999df2af8eb42d56 -> 
========================================================================
Received Prepare
Registering precompiled user dll's ...
Registered in 0.018335 seconds.
Begin MonoManager ReloadAssembly
Native extension for WindowsStandalone target not found
Native extension for WebGL target not found
Refreshing native plugins compatible for Editor in 2.45 ms, found 4 plugins.
Preloading 0 native plugins for Editor in 0.00 ms.
Mono: successfully reloaded assembly
- Completed reload, in  3.040 seconds
Domain Reload Profiling:
	ReloadAssembly (3042ms)
		BeginReloadAssembly (332ms)
			ExecutionOrderSort (0ms)
			DisableScriptedObjects (15ms)
			BackupInstance (0ms)
			ReleaseScriptingObjects (0ms)
			CreateAndSetChildDomain (76ms)
		EndReloadAssembly (2444ms)
			LoadAssemblies (252ms)
			RebuildTransferFunctionScriptingTraits (0ms)
			SetupTypeCache (743ms)
			ReleaseScriptCaches (3ms)
			RebuildScriptCaches (110ms)
			SetupLoadedEditorAssemblies (1165ms)
				LogAssemblyErrors (0ms)
				InitializePlatformSupportModulesInManaged (45ms)
				SetLoadedEditorAssemblies (1ms)
				RefreshPlugins (3ms)
				BeforeProcessingInitializeOnLoad (238ms)
				ProcessInitializeOnLoadAttributes (776ms)
				ProcessInitializeOnLoadMethodAttributes (84ms)
				AfterProcessingInitializeOnLoad (18ms)
				EditorAssembliesLoaded (0ms)
			ExecutionOrderSort2 (0ms)
			AwakeInstancesAfterBackupRestoration (27ms)
Platform modules already initialized, skipping
Refreshing native plugins compatible for Editor in 9.44 ms, found 4 plugins.
Preloading 0 native plugins for Editor in 0.00 ms.
Unloading 4313 Unused Serialized files (Serialized files now loaded: 0)
Unloading 24 unused Assets / (24.6 KB). Loaded Objects now: 4813.
Memory consumption went from 165.6 MB to 165.6 MB.
Total: 3.900400 ms (FindLiveObjects: 0.326000 ms CreateObjectMapping: 0.161400 ms MarkObjects: 3.380500 ms  DeleteObjects: 0.031000 ms)

AssetImportParameters requested are different than current active one (requested -> active):
  custom:video-decoder-ogg-theora: a1e56fd34408186e4bbccfd4996cb3dc -> 
  custom:container-muxer-webm: aa71ff27fc2769a1b78a27578f13a17b -> 
  custom:container-demuxer-webm: 4f35f7cbe854078d1ac9338744f61a02 -> 
  custom:video-encoder-webm-vp8: eb34c28f22e8b96e1ab97ce403110664 -> 
  custom:audio-encoder-webm-vorbis: bf7c407c2cedff20999df2af8eb42d56 -> 
  custom:framework-win-MediaFoundation: 216162199b28c13a410421893ffa2e32 -> 
  custom:container-demuxer-ogg: 62fdf1f143b41e24485cea50d1cbac27 -> 
  custom:video-decoder-webm-vp8: 9c59270c3fd7afecdb556c50c9e8de78 -> 
  custom:audio-decoder-ogg-vorbis: bf7c407c2cedff20999df2af8eb42d56 -> 
========================================================================
Received Import Request.
  Time since last request: 21990.317941 seconds.
  path: Assets/Персонаж/IsometricElfFreeVer/prefabs/ArrowController.prefab
  artifactKey: Guid(1fbc3bb319ccb2b4ab4afcd48eb89c12) Importer(815301076,1909f56bfc062723c751e8b465ee728b)
Start importing Assets/Персонаж/IsometricElfFreeVer/prefabs/ArrowController.prefab using Guid(1fbc3bb319ccb2b4ab4afcd48eb89c12) Importer(815301076,1909f56bfc062723c751e8b465ee728b)  -> (artifact id: '58ff11bab95e7d9d4695dc4378c8a081') in 0.161377 seconds 
========================================================================
Received Import Request.
  Time since last request: 1.711036 seconds.
  path: Assets/Персонаж/IsometricElfFreeVer/prefabs/ArrowController.prefab
  artifactKey: Guid(1fbc3bb319ccb2b4ab4afcd48eb89c12) Importer(815301076,1909f56bfc062723c751e8b465ee728b)
Start importing Assets/Персонаж/IsometricElfFreeVer/prefabs/ArrowController.prefab using Guid(1fbc3bb319ccb2b4ab4afcd48eb89c12) Importer(815301076,1909f56bfc062723c751e8b465ee728b)  -> (artifact id: 'd7745d461bcfc2ae1c267698a03b3aec') in 0.021242 seconds 
========================================================================
Received Prepare
Registering precompiled user dll's ...
Registered in 0.016561 seconds.
Begin MonoManager ReloadAssembly
Native extension for WindowsStandalone target not found
Native extension for WebGL target not found
Refreshing native plugins compatible for Editor in 1.90 ms, found 4 plugins.
Preloading 0 native plugins for Editor in 0.00 ms.
Mono: successfully reloaded assembly
- Completed reload, in  2.126 seconds
Domain Reload Profiling:
	ReloadAssembly (2127ms)
		BeginReloadAssembly (218ms)
			ExecutionOrderSort (0ms)
			DisableScriptedObjects (8ms)
			BackupInstance (0ms)
			ReleaseScriptingObjects (0ms)
			CreateAndSetChildDomain (70ms)
		EndReloadAssembly (1724ms)
			LoadAssemblies (146ms)
			RebuildTransferFunctionScriptingTraits (0ms)
			SetupTypeCache (458ms)
			ReleaseScriptCaches (3ms)
			RebuildScriptCaches (103ms)
			SetupLoadedEditorAssemblies (881ms)
				LogAssemblyErrors (0ms)
				InitializePlatformSupportModulesInManaged (33ms)
				SetLoadedEditorAssemblies (1ms)
				RefreshPlugins (2ms)
				BeforeProcessingInitializeOnLoad (164ms)
				ProcessInitializeOnLoadAttributes (606ms)
				ProcessInitializeOnLoadMethodAttributes (59ms)
				AfterProcessingInitializeOnLoad (15ms)
				EditorAssembliesLoaded (0ms)
			ExecutionOrderSort2 (0ms)
			AwakeInstancesAfterBackupRestoration (17ms)
Platform modules already initialized, skipping
Refreshing native plugins compatible for Editor in 5.31 ms, found 4 plugins.
Preloading 0 native plugins for Editor in 0.00 ms.
Unloading 4313 Unused Serialized files (Serialized files now loaded: 0)
Unloading 24 unused Assets / (24.6 KB). Loaded Objects now: 4824.
Memory consumption went from 170.0 MB to 170.0 MB.
Total: 4.888000 ms (FindLiveObjects: 0.354200 ms CreateObjectMapping: 0.191100 ms MarkObjects: 4.294000 ms  DeleteObjects: 0.046900 ms)

AssetImportParameters requested are different than current active one (requested -> active):
  custom:video-decoder-ogg-theora: a1e56fd34408186e4bbccfd4996cb3dc -> 
  custom:container-muxer-webm: aa71ff27fc2769a1b78a27578f13a17b -> 
  custom:container-demuxer-webm: 4f35f7cbe854078d1ac9338744f61a02 -> 
  custom:video-encoder-webm-vp8: eb34c28f22e8b96e1ab97ce403110664 -> 
  custom:audio-encoder-webm-vorbis: bf7c407c2cedff20999df2af8eb42d56 -> 
  custom:framework-win-MediaFoundation: 216162199b28c13a410421893ffa2e32 -> 
  custom:container-demuxer-ogg: 62fdf1f143b41e24485cea50d1cbac27 -> 
  custom:video-decoder-webm-vp8: 9c59270c3fd7afecdb556c50c9e8de78 -> 
  custom:audio-decoder-ogg-vorbis: bf7c407c2cedff20999df2af8eb42d56 -> 
========================================================================
Received Import Request.
  Time since last request: 51.935710 seconds.
  path: Assets/Персонаж/IsometricElfFreeVer/prefabs/ArrowController 1.prefab
  artifactKey: Guid(ac13452c0ac85f04b8bf694f8c17afb5) Importer(815301076,1909f56bfc062723c751e8b465ee728b)
Start importing Assets/Персонаж/IsometricElfFreeVer/prefabs/ArrowController 1.prefab using Guid(ac13452c0ac85f04b8bf694f8c17afb5) Importer(815301076,1909f56bfc062723c751e8b465ee728b)  -> (artifact id: '498efcd779b17673e69fcdf5a8005d1a') in 0.075933 seconds 
========================================================================
Received Import Request.
  Time since last request: 9.834389 seconds.
  path: Assets/Персонаж/IsometricElfFreeVer/prefabs/PotionArrowController.prefab
  artifactKey: Guid(ac13452c0ac85f04b8bf694f8c17afb5) Importer(815301076,1909f56bfc062723c751e8b465ee728b)
Start importing Assets/Персонаж/IsometricElfFreeVer/prefabs/PotionArrowController.prefab using Guid(ac13452c0ac85f04b8bf694f8c17afb5) Importer(815301076,1909f56bfc062723c751e8b465ee728b)  -> (artifact id: '75e92160ee7a2a55318ba1a7d2e29d3c') in 0.016322 seconds 
========================================================================
Received Import Request.
  Time since last request: 4.573283 seconds.
  path: Assets/Персонаж/IsometricElfFreeVer/prefabs/PotionArrowController.prefab
  artifactKey: Guid(ac13452c0ac85f04b8bf694f8c17afb5) Importer(815301076,1909f56bfc062723c751e8b465ee728b)
Start importing Assets/Персонаж/IsometricElfFreeVer/prefabs/PotionArrowController.prefab using Guid(ac13452c0ac85f04b8bf694f8c17afb5) Importer(815301076,1909f56bfc062723c751e8b465ee728b)  -> (artifact id: '10bbc78808788980ec12e13d92027ea0') in 0.019148 seconds 
========================================================================
Received Import Request.
  Time since last request: 0.588856 seconds.
  path: Assets/Персонаж/IsometricElfFreeVer/prefabs/PotionArrowController.prefab
  artifactKey: Guid(ac13452c0ac85f04b8bf694f8c17afb5) Importer(815301076,1909f56bfc062723c751e8b465ee728b)
Start importing Assets/Персонаж/IsometricElfFreeVer/prefabs/PotionArrowController.prefab using Guid(ac13452c0ac85f04b8bf694f8c17afb5) Importer(815301076,1909f56bfc062723c751e8b465ee728b)  -> (artifact id: '164db38d8f9acee044579971bde8e1b1') in 0.017422 seconds 
========================================================================
Received Import Request.
  Time since last request: 0.605367 seconds.
  path: Assets/Персонаж/IsometricElfFreeVer/prefabs/PotionArrowController.prefab
  artifactKey: Guid(ac13452c0ac85f04b8bf694f8c17afb5) Importer(815301076,1909f56bfc062723c751e8b465ee728b)
Start importing Assets/Персонаж/IsometricElfFreeVer/prefabs/PotionArrowController.prefab using Guid(ac13452c0ac85f04b8bf694f8c17afb5) Importer(815301076,1909f56bfc062723c751e8b465ee728b)  -> (artifact id: '0fe4dc7c072d9fe91e2cd66528622b6b') in 0.017247 seconds 
========================================================================
Received Prepare
Registering precompiled user dll's ...
Registered in 0.010926 seconds.
Begin MonoManager ReloadAssembly
Native extension for WindowsStandalone target not found
Native extension for WebGL target not found
Refreshing native plugins compatible for Editor in 1.81 ms, found 4 plugins.
Preloading 0 native plugins for Editor in 0.00 ms.
Mono: successfully reloaded assembly
- Completed reload, in  2.025 seconds
Domain Reload Profiling:
	ReloadAssembly (2027ms)
		BeginReloadAssembly (220ms)
			ExecutionOrderSort (0ms)
			DisableScriptedObjects (8ms)
			BackupInstance (0ms)
			ReleaseScriptingObjects (0ms)
			CreateAndSetChildDomain (57ms)
		EndReloadAssembly (1630ms)
			LoadAssemblies (161ms)
			RebuildTransferFunctionScriptingTraits (0ms)
			SetupTypeCache (412ms)
			ReleaseScriptCaches (2ms)
			RebuildScriptCaches (72ms)
			SetupLoadedEditorAssemblies (877ms)
				LogAssemblyErrors (0ms)
				InitializePlatformSupportModulesInManaged (23ms)
				SetLoadedEditorAssemblies (1ms)
				RefreshPlugins (2ms)
				BeforeProcessingInitializeOnLoad (139ms)
				ProcessInitializeOnLoadAttributes (636ms)
				ProcessInitializeOnLoadMethodAttributes (60ms)
				AfterProcessingInitializeOnLoad (15ms)
				EditorAssembliesLoaded (0ms)
			ExecutionOrderSort2 (0ms)
			AwakeInstancesAfterBackupRestoration (19ms)
Platform modules already initialized, skipping
Refreshing native plugins compatible for Editor in 8.28 ms, found 4 plugins.
Preloading 0 native plugins for Editor in 0.00 ms.
Unloading 4313 Unused Serialized files (Serialized files now loaded: 0)
Unloading 24 unused Assets / (24.7 KB). Loaded Objects now: 4827.
Memory consumption went from 170.0 MB to 170.0 MB.
Total: 5.093000 ms (FindLiveObjects: 0.483000 ms CreateObjectMapping: 0.345000 ms MarkObjects: 4.221900 ms  DeleteObjects: 0.041200 ms)

AssetImportParameters requested are different than current active one (requested -> active):
  custom:video-decoder-ogg-theora: a1e56fd34408186e4bbccfd4996cb3dc -> 
  custom:container-muxer-webm: aa71ff27fc2769a1b78a27578f13a17b -> 
  custom:container-demuxer-webm: 4f35f7cbe854078d1ac9338744f61a02 -> 
  custom:video-encoder-webm-vp8: eb34c28f22e8b96e1ab97ce403110664 -> 
  custom:audio-encoder-webm-vorbis: bf7c407c2cedff20999df2af8eb42d56 -> 
  custom:framework-win-MediaFoundation: 216162199b28c13a410421893ffa2e32 -> 
  custom:container-demuxer-ogg: 62fdf1f143b41e24485cea50d1cbac27 -> 
  custom:video-decoder-webm-vp8: 9c59270c3fd7afecdb556c50c9e8de78 -> 
  custom:audio-decoder-ogg-vorbis: bf7c407c2cedff20999df2af8eb42d56 -> 
========================================================================
Received Import Request.
  Time since last request: 117.274739 seconds.
  path: Assets/Персонаж/IsometricElfFreeVer/prefabs/PArrowController Variant.prefab
  artifactKey: Guid(d0e35aad18f840d43ab549e40e5f272e) Importer(815301076,1909f56bfc062723c751e8b465ee728b)
Start importing Assets/Персонаж/IsometricElfFreeVer/prefabs/PArrowController Variant.prefab using Guid(d0e35aad18f840d43ab549e40e5f272e) Importer(815301076,1909f56bfc062723c751e8b465ee728b)  -> (artifact id: 'cb3dfbf3f1b798d3434899c2f410c815') in 0.082370 seconds 
========================================================================
Received Import Request.
  Time since last request: 11.201996 seconds.
  path: Assets/Персонаж/IsometricElfFreeVer/prefabs/PArrowController Variant.prefab
  artifactKey: Guid(d0e35aad18f840d43ab549e40e5f272e) Importer(815301076,1909f56bfc062723c751e8b465ee728b)
Start importing Assets/Персонаж/IsometricElfFreeVer/prefabs/PArrowController Variant.prefab using Guid(d0e35aad18f840d43ab549e40e5f272e) Importer(815301076,1909f56bfc062723c751e8b465ee728b)  -> (artifact id: '1c9807f152d044888185028d1be12e07') in 0.018408 seconds 
========================================================================
Received Prepare
Registering precompiled user dll's ...
Registered in 0.011380 seconds.
Begin MonoManager ReloadAssembly
Native extension for WindowsStandalone target not found
Native extension for WebGL target not found
Refreshing native plugins compatible for Editor in 2.20 ms, found 4 plugins.
Preloading 0 native plugins for Editor in 0.00 ms.
Mono: successfully reloaded assembly
- Completed reload, in  2.155 seconds
Domain Reload Profiling:
	ReloadAssembly (2157ms)
		BeginReloadAssembly (236ms)
			ExecutionOrderSort (0ms)
			DisableScriptedObjects (10ms)
			BackupInstance (0ms)
			ReleaseScriptingObjects (0ms)
			CreateAndSetChildDomain (60ms)
		EndReloadAssembly (1744ms)
			LoadAssemblies (173ms)
			RebuildTransferFunctionScriptingTraits (0ms)
			SetupTypeCache (448ms)
			ReleaseScriptCaches (3ms)
			RebuildScriptCaches (85ms)
			SetupLoadedEditorAssemblies (907ms)
				LogAssemblyErrors (0ms)
				InitializePlatformSupportModulesInManaged (40ms)
				SetLoadedEditorAssemblies (1ms)
				RefreshPlugins (2ms)
				BeforeProcessingInitializeOnLoad (147ms)
				ProcessInitializeOnLoadAttributes (635ms)
				ProcessInitializeOnLoadMethodAttributes (65ms)
				AfterProcessingInitializeOnLoad (17ms)
				EditorAssembliesLoaded (0ms)
			ExecutionOrderSort2 (0ms)
			AwakeInstancesAfterBackupRestoration (16ms)
Platform modules already initialized, skipping
Refreshing native plugins compatible for Editor in 7.10 ms, found 4 plugins.
Preloading 0 native plugins for Editor in 0.00 ms.
Unloading 4313 Unused Serialized files (Serialized files now loaded: 0)
Unloading 24 unused Assets / (24.6 KB). Loaded Objects now: 4830.
Memory consumption went from 170.1 MB to 170.0 MB.
Total: 4.629900 ms (FindLiveObjects: 0.704100 ms CreateObjectMapping: 0.367900 ms MarkObjects: 3.520300 ms  DeleteObjects: 0.035800 ms)

AssetImportParameters requested are different than current active one (requested -> active):
  custom:video-decoder-ogg-theora: a1e56fd34408186e4bbccfd4996cb3dc -> 
  custom:container-muxer-webm: aa71ff27fc2769a1b78a27578f13a17b -> 
  custom:container-demuxer-webm: 4f35f7cbe854078d1ac9338744f61a02 -> 
  custom:video-encoder-webm-vp8: eb34c28f22e8b96e1ab97ce403110664 -> 
  custom:audio-encoder-webm-vorbis: bf7c407c2cedff20999df2af8eb42d56 -> 
  custom:framework-win-MediaFoundation: 216162199b28c13a410421893ffa2e32 -> 
  custom:container-demuxer-ogg: 62fdf1f143b41e24485cea50d1cbac27 -> 
  custom:video-decoder-webm-vp8: 9c59270c3fd7afecdb556c50c9e8de78 -> 
  custom:audio-decoder-ogg-vorbis: bf7c407c2cedff20999df2af8eb42d56 -> 
========================================================================
Received Import Request.
  Time since last request: 129.675333 seconds.
  path: Assets/Персонаж/IsometricElfFreeVer/prefabs/ArrowController 1.prefab
  artifactKey: Guid(67f49a251beae0c438808ba77e2d5f0c) Importer(815301076,1909f56bfc062723c751e8b465ee728b)
Start importing Assets/Персонаж/IsometricElfFreeVer/prefabs/ArrowController 1.prefab using Guid(67f49a251beae0c438808ba77e2d5f0c) Importer(815301076,1909f56bfc062723c751e8b465ee728b)  -> (artifact id: '34389843a8829b99c4a761eac5de6987') in 0.073168 seconds 
========================================================================
Received Prepare
Registering precompiled user dll's ...
Registered in 0.011002 seconds.
Begin MonoManager ReloadAssembly
Native extension for WindowsStandalone target not found
Native extension for WebGL target not found
Refreshing native plugins compatible for Editor in 2.37 ms, found 4 plugins.
Preloading 0 native plugins for Editor in 0.00 ms.
Mono: successfully reloaded assembly
- Completed reload, in  2.235 seconds
Domain Reload Profiling:
	ReloadAssembly (2237ms)
		BeginReloadAssembly (226ms)
			ExecutionOrderSort (0ms)
			DisableScriptedObjects (13ms)
			BackupInstance (0ms)
			ReleaseScriptingObjects (0ms)
			CreateAndSetChildDomain (54ms)
		EndReloadAssembly (1836ms)
			LoadAssemblies (160ms)
			RebuildTransferFunctionScriptingTraits (0ms)
			SetupTypeCache (555ms)
			ReleaseScriptCaches (3ms)
			RebuildScriptCaches (80ms)
			SetupLoadedEditorAssemblies (952ms)
				LogAssemblyErrors (0ms)
				InitializePlatformSupportModulesInManaged (29ms)
				SetLoadedEditorAssemblies (1ms)
				RefreshPlugins (2ms)
				BeforeProcessingInitializeOnLoad (158ms)
				ProcessInitializeOnLoadAttributes (680ms)
				ProcessInitializeOnLoadMethodAttributes (58ms)
				AfterProcessingInitializeOnLoad (23ms)
				EditorAssembliesLoaded (0ms)
			ExecutionOrderSort2 (0ms)
			AwakeInstancesAfterBackupRestoration (14ms)
Platform modules already initialized, skipping
Refreshing native plugins compatible for Editor in 5.88 ms, found 4 plugins.
Preloading 0 native plugins for Editor in 0.00 ms.
Unloading 4313 Unused Serialized files (Serialized files now loaded: 0)
Unloading 24 unused Assets / (24.6 KB). Loaded Objects now: 4833.
Memory consumption went from 170.1 MB to 170.0 MB.
Total: 5.686900 ms (FindLiveObjects: 0.502400 ms CreateObjectMapping: 0.451500 ms MarkObjects: 4.686700 ms  DeleteObjects: 0.044400 ms)

AssetImportParameters requested are different than current active one (requested -> active):
  custom:video-decoder-ogg-theora: a1e56fd34408186e4bbccfd4996cb3dc -> 
  custom:container-muxer-webm: aa71ff27fc2769a1b78a27578f13a17b -> 
  custom:container-demuxer-webm: 4f35f7cbe854078d1ac9338744f61a02 -> 
  custom:video-encoder-webm-vp8: eb34c28f22e8b96e1ab97ce403110664 -> 
  custom:audio-encoder-webm-vorbis: bf7c407c2cedff20999df2af8eb42d56 -> 
  custom:framework-win-MediaFoundation: 216162199b28c13a410421893ffa2e32 -> 
  custom:container-demuxer-ogg: 62fdf1f143b41e24485cea50d1cbac27 -> 
  custom:video-decoder-webm-vp8: 9c59270c3fd7afecdb556c50c9e8de78 -> 
  custom:audio-decoder-ogg-vorbis: bf7c407c2cedff20999df2af8eb42d56 -> 
========================================================================
Received Import Request.
  Time since last request: 136.622252 seconds.
  path: Assets/Персонаж/IsometricElfFreeVer/prefabs/PArrowController Variant.prefab
  artifactKey: Guid(d0e35aad18f840d43ab549e40e5f272e) Importer(815301076,1909f56bfc062723c751e8b465ee728b)
Start importing Assets/Персонаж/IsometricElfFreeVer/prefabs/PArrowController Variant.prefab using Guid(d0e35aad18f840d43ab549e40e5f272e) Importer(815301076,1909f56bfc062723c751e8b465ee728b)  -> (artifact id: '0a375146ea7458f7d20378d298800e54') in 0.081739 seconds 
========================================================================
Received Import Request.
  Time since last request: 144.023159 seconds.
  path: Assets/Персонаж/IsometricElfFreeVer/prefabs/PArrowController Variant.prefab
  artifactKey: Guid(d0e35aad18f840d43ab549e40e5f272e) Importer(815301076,1909f56bfc062723c751e8b465ee728b)
Start importing Assets/Персонаж/IsometricElfFreeVer/prefabs/PArrowController Variant.prefab using Guid(d0e35aad18f840d43ab549e40e5f272e) Importer(815301076,1909f56bfc062723c751e8b465ee728b)  -> (artifact id: '01bb90b729c069d10b8d59613649f5e2') in 0.012645 seconds 
========================================================================
Received Import Request.
  Time since last request: 1.038019 seconds.
  path: Assets/Персонаж/IsometricElfFreeVer/prefabs/PArrowController Variant.prefab
  artifactKey: Guid(d0e35aad18f840d43ab549e40e5f272e) Importer(815301076,1909f56bfc062723c751e8b465ee728b)
Start importing Assets/Персонаж/IsometricElfFreeVer/prefabs/PArrowController Variant.prefab using Guid(d0e35aad18f840d43ab549e40e5f272e) Importer(815301076,1909f56bfc062723c751e8b465ee728b)  -> (artifact id: '3bad36b262e5cf075795fb18ebb22ae1') in 0.024855 seconds 
========================================================================
Received Import Request.
  Time since last request: 0.959829 seconds.
  path: Assets/Персонаж/IsometricElfFreeVer/prefabs/PArrowController Variant.prefab
  artifactKey: Guid(d0e35aad18f840d43ab549e40e5f272e) Importer(815301076,1909f56bfc062723c751e8b465ee728b)
Start importing Assets/Персонаж/IsometricElfFreeVer/prefabs/PArrowController Variant.prefab using Guid(d0e35aad18f840d43ab549e40e5f272e) Importer(815301076,1909f56bfc062723c751e8b465ee728b)  -> (artifact id: 'd0e008c6017d0bb64ddfb8e8ecb30538') in 0.021461 seconds 
========================================================================
Received Import Request.
  Time since last request: 9.535892 seconds.
  path: Assets/Персонаж/IsometricElfFreeVer/prefabs/PArrowController Variant.prefab
  artifactKey: Guid(d0e35aad18f840d43ab549e40e5f272e) Importer(815301076,1909f56bfc062723c751e8b465ee728b)
Start importing Assets/Персонаж/IsometricElfFreeVer/prefabs/PArrowController Variant.prefab using Guid(d0e35aad18f840d43ab549e40e5f272e) Importer(815301076,1909f56bfc062723c751e8b465ee728b)  -> (artifact id: 'e45b6a229e485dfdd5cbab4968113fd2') in 0.012554 seconds 
========================================================================
Received Import Request.
  Time since last request: 6.892444 seconds.
  path: Assets/Персонаж/IsometricElfFreeVer/prefabs/PArrowController Variant.prefab
  artifactKey: Guid(d0e35aad18f840d43ab549e40e5f272e) Importer(815301076,1909f56bfc062723c751e8b465ee728b)
Start importing Assets/Персонаж/IsometricElfFreeVer/prefabs/PArrowController Variant.prefab using Guid(d0e35aad18f840d43ab549e40e5f272e) Importer(815301076,1909f56bfc062723c751e8b465ee728b)  -> (artifact id: '2d49bcbd0d12f4ef27783c48f845ed97') in 0.018937 seconds 
========================================================================
Received Import Request.
  Time since last request: 5.121891 seconds.
  path: Assets/Персонаж/IsometricElfFreeVer/prefabs/ArrowController.prefab
  artifactKey: Guid(1fbc3bb319ccb2b4ab4afcd48eb89c12) Importer(815301076,1909f56bfc062723c751e8b465ee728b)
Start importing Assets/Персонаж/IsometricElfFreeVer/prefabs/ArrowController.prefab using Guid(1fbc3bb319ccb2b4ab4afcd48eb89c12) Importer(815301076,1909f56bfc062723c751e8b465ee728b)  -> (artifact id: 'ca7dc74622a1a7107a52e4e1f56147a9') in 0.024295 seconds 
========================================================================
Received Import Request.
  Time since last request: 0.149175 seconds.
  path: Assets/Персонаж/IsometricElfFreeVer/prefabs/PArrowController Variant.prefab
  artifactKey: Guid(d0e35aad18f840d43ab549e40e5f272e) Importer(815301076,1909f56bfc062723c751e8b465ee728b)
Start importing Assets/Персонаж/IsometricElfFreeVer/prefabs/PArrowController Variant.prefab using Guid(d0e35aad18f840d43ab549e40e5f272e) Importer(815301076,1909f56bfc062723c751e8b465ee728b)  -> (artifact id: 'b1c0ee62db6a6316ea35e175830b2348') in 0.012152 seconds 
========================================================================
Received Prepare
Registering precompiled user dll's ...
Registered in 0.012149 seconds.
Begin MonoManager ReloadAssembly
Native extension for WindowsStandalone target not found
Native extension for WebGL target not found
Refreshing native plugins compatible for Editor in 1.71 ms, found 4 plugins.
Preloading 0 native plugins for Editor in 0.00 ms.
Mono: successfully reloaded assembly
- Completed reload, in  1.982 seconds
Domain Reload Profiling:
	ReloadAssembly (1983ms)
		BeginReloadAssembly (215ms)
			ExecutionOrderSort (0ms)
			DisableScriptedObjects (11ms)
			BackupInstance (0ms)
			ReleaseScriptingObjects (0ms)
			CreateAndSetChildDomain (58ms)
		EndReloadAssembly (1599ms)
			LoadAssemblies (164ms)
			RebuildTransferFunctionScriptingTraits (0ms)
			SetupTypeCache (418ms)
			ReleaseScriptCaches (4ms)
			RebuildScriptCaches (76ms)
			SetupLoadedEditorAssemblies (840ms)
				LogAssemblyErrors (0ms)
				InitializePlatformSupportModulesInManaged (28ms)
				SetLoadedEditorAssemblies (1ms)
				RefreshPlugins (2ms)
				BeforeProcessingInitializeOnLoad (157ms)
				ProcessInitializeOnLoadAttributes (570ms)
				ProcessInitializeOnLoadMethodAttributes (58ms)
				AfterProcessingInitializeOnLoad (23ms)
				EditorAssembliesLoaded (1ms)
			ExecutionOrderSort2 (0ms)
			AwakeInstancesAfterBackupRestoration (20ms)
Platform modules already initialized, skipping
Refreshing native plugins compatible for Editor in 5.57 ms, found 4 plugins.
Preloading 0 native plugins for Editor in 0.00 ms.
Unloading 4313 Unused Serialized files (Serialized files now loaded: 0)
Unloading 24 unused Assets / (24.6 KB). Loaded Objects now: 4836.
Memory consumption went from 170.1 MB to 170.1 MB.
Total: 5.851200 ms (FindLiveObjects: 0.474900 ms CreateObjectMapping: 0.192700 ms MarkObjects: 5.116700 ms  DeleteObjects: 0.065000 ms)

AssetImportParameters requested are different than current active one (requested -> active):
  custom:video-decoder-ogg-theora: a1e56fd34408186e4bbccfd4996cb3dc -> 
  custom:container-muxer-webm: aa71ff27fc2769a1b78a27578f13a17b -> 
  custom:container-demuxer-webm: 4f35f7cbe854078d1ac9338744f61a02 -> 
  custom:video-encoder-webm-vp8: eb34c28f22e8b96e1ab97ce403110664 -> 
  custom:audio-encoder-webm-vorbis: bf7c407c2cedff20999df2af8eb42d56 -> 
  custom:framework-win-MediaFoundation: 216162199b28c13a410421893ffa2e32 -> 
  custom:container-demuxer-ogg: 62fdf1f143b41e24485cea50d1cbac27 -> 
  custom:video-decoder-webm-vp8: 9c59270c3fd7afecdb556c50c9e8de78 -> 
  custom:audio-decoder-ogg-vorbis: bf7c407c2cedff20999df2af8eb42d56 -> 
========================================================================
Received Prepare
Registering precompiled user dll's ...
Registered in 0.012528 seconds.
Begin MonoManager ReloadAssembly
Native extension for WindowsStandalone target not found
Native extension for WebGL target not found
Refreshing native plugins compatible for Editor in 2.34 ms, found 4 plugins.
Preloading 0 native plugins for Editor in 0.00 ms.
Mono: successfully reloaded assembly
- Completed reload, in  2.476 seconds
Domain Reload Profiling:
	ReloadAssembly (2480ms)
		BeginReloadAssembly (259ms)
			ExecutionOrderSort (0ms)
			DisableScriptedObjects (17ms)
			BackupInstance (0ms)
			ReleaseScriptingObjects (0ms)
			CreateAndSetChildDomain (63ms)
		EndReloadAssembly (2003ms)
			LoadAssemblies (187ms)
			RebuildTransferFunctionScriptingTraits (0ms)
			SetupTypeCache (543ms)
			ReleaseScriptCaches (2ms)
			RebuildScriptCaches (124ms)
			SetupLoadedEditorAssemblies (1000ms)
				LogAssemblyErrors (0ms)
				InitializePlatformSupportModulesInManaged (39ms)
				SetLoadedEditorAssemblies (1ms)
				RefreshPlugins (2ms)
				BeforeProcessingInitializeOnLoad (187ms)
				ProcessInitializeOnLoadAttributes (676ms)
				ProcessInitializeOnLoadMethodAttributes (71ms)
				AfterProcessingInitializeOnLoad (23ms)
				EditorAssembliesLoaded (0ms)
			ExecutionOrderSort2 (0ms)
			AwakeInstancesAfterBackupRestoration (17ms)
Platform modules already initialized, skipping
Refreshing native plugins compatible for Editor in 4.46 ms, found 4 plugins.
Preloading 0 native plugins for Editor in 0.00 ms.
Unloading 4313 Unused Serialized files (Serialized files now loaded: 0)
Unloading 24 unused Assets / (24.8 KB). Loaded Objects now: 4839.
Memory consumption went from 170.1 MB to 170.1 MB.
Total: 5.301800 ms (FindLiveObjects: 0.450200 ms CreateObjectMapping: 0.253000 ms MarkObjects: 4.560900 ms  DeleteObjects: 0.036300 ms)

AssetImportParameters requested are different than current active one (requested -> active):
  custom:video-decoder-ogg-theora: a1e56fd34408186e4bbccfd4996cb3dc -> 
  custom:container-muxer-webm: aa71ff27fc2769a1b78a27578f13a17b -> 
  custom:container-demuxer-webm: 4f35f7cbe854078d1ac9338744f61a02 -> 
  custom:video-encoder-webm-vp8: eb34c28f22e8b96e1ab97ce403110664 -> 
  custom:audio-encoder-webm-vorbis: bf7c407c2cedff20999df2af8eb42d56 -> 
  custom:framework-win-MediaFoundation: 216162199b28c13a410421893ffa2e32 -> 
  custom:container-demuxer-ogg: 62fdf1f143b41e24485cea50d1cbac27 -> 
  custom:video-decoder-webm-vp8: 9c59270c3fd7afecdb556c50c9e8de78 -> 
  custom:audio-decoder-ogg-vorbis: bf7c407c2cedff20999df2af8eb42d56 -> 
========================================================================
Received Import Request.
  Time since last request: 179.060611 seconds.
  path: Assets/Персонаж/IsometricElfFreeVer/prefabs/item_1.asset
  artifactKey: Guid(7f35a7e0d8d0f4249a09350c3de4d413) Importer(815301076,1909f56bfc062723c751e8b465ee728b)
Start importing Assets/Персонаж/IsometricElfFreeVer/prefabs/item_1.asset using Guid(7f35a7e0d8d0f4249a09350c3de4d413) Importer(815301076,1909f56bfc062723c751e8b465ee728b)  -> (artifact id: '4234b1c3565d30ffe485d262902d4d63') in 0.084593 seconds 
