Using pre-set license
Built from '2021.3/staging' branch; Version is '2021.3.13f1 (9e7d58001ecf) revision 10386776'; Using compiler version '192829333'; Build Type 'Release'
OS: 'Windows 10  (10.0.19045) 64bit CoreSingleLanguage' Language: 'ru' Physical Memory: 16140 MB
BatchMode: 1, IsHumanControllingUs: 0, StartBugReporterOnCrash: 0, Is64bit: 1, IsPro: 1

COMMAND LINE ARGUMENTS:
C:\Program Files\Unity\Hub\Editor\2021.3.13f1\Editor\Unity.exe
-adb2
-batchMode
-noUpm
-name
AssetImportWorker0
-projectPath
C:/Users/HP/Desktop/проект наташи/-
-logFile
Logs/AssetImportWorker0.log
-srvPort
64388
Successfully changed project path to: C:/Users/HP/Desktop/проект наташи/-
C:/Users/HP/Desktop/проект наташи/-
[UnityMemory] Configuration Parameters - Can be set up in boot.config
    "memorysetup-bucket-allocator-granularity=16"
    "memorysetup-bucket-allocator-bucket-count=8"
    "memorysetup-bucket-allocator-block-size=33554432"
    "memorysetup-bucket-allocator-block-count=8"
    "memorysetup-main-allocator-block-size=16777216"
    "memorysetup-thread-allocator-block-size=16777216"
    "memorysetup-gfx-main-allocator-block-size=16777216"
    "memorysetup-gfx-thread-allocator-block-size=16777216"
    "memorysetup-cache-allocator-block-size=4194304"
    "memorysetup-typetree-allocator-block-size=2097152"
    "memorysetup-profiler-bucket-allocator-granularity=16"
    "memorysetup-profiler-bucket-allocator-bucket-count=8"
    "memorysetup-profiler-bucket-allocator-block-size=33554432"
    "memorysetup-profiler-bucket-allocator-block-count=8"
    "memorysetup-profiler-allocator-block-size=16777216"
    "memorysetup-profiler-editor-allocator-block-size=1048576"
    "memorysetup-temp-allocator-size-main=16777216"
    "memorysetup-job-temp-allocator-block-size=2097152"
    "memorysetup-job-temp-allocator-block-size-background=1048576"
    "memorysetup-job-temp-allocator-reduction-small-platforms=262144"
    "memorysetup-temp-allocator-size-background-worker=32768"
    "memorysetup-temp-allocator-size-job-worker=262144"
    "memorysetup-temp-allocator-size-preload-manager=33554432"
    "memorysetup-temp-allocator-size-nav-mesh-worker=65536"
    "memorysetup-temp-allocator-size-audio-worker=65536"
    "memorysetup-temp-allocator-size-cloud-worker=32768"
    "memorysetup-temp-allocator-size-gi-baking-worker=262144"
    "memorysetup-temp-allocator-size-gfx=262144"
Refreshing native plugins compatible for Editor in 138.27 ms, found 3 plugins.
Preloading 0 native plugins for Editor in 0.00 ms.
Initialize engine version: 2021.3.13f1 (9e7d58001ecf)
[Subsystems] Discovering subsystems at path C:/Program Files/Unity/Hub/Editor/2021.3.13f1/Editor/Data/Resources/UnitySubsystems
[Subsystems] Discovering subsystems at path C:/Users/HP/Desktop/проект наташи/-/Assets
GfxDevice: creating device client; threaded=0; jobified=0
Direct3D:
    Version:  Direct3D 11.0 [level 11.1]
    Renderer: NVIDIA GeForce MX350 (ID=0x1c94)
    Vendor:   NVIDIA
    VRAM:     1978 MB
    Driver:   31.0.15.4626
Initialize mono
Mono path[0] = 'C:/Program Files/Unity/Hub/Editor/2021.3.13f1/Editor/Data/Managed'
Mono path[1] = 'C:/Program Files/Unity/Hub/Editor/2021.3.13f1/Editor/Data/MonoBleedingEdge/lib/mono/unityjit-win32'
Mono config path = 'C:/Program Files/Unity/Hub/Editor/2021.3.13f1/Editor/Data/MonoBleedingEdge/etc'
Using monoOptions --debugger-agent=transport=dt_socket,embedding=1,server=y,suspend=n,address=127.0.0.1:56088
Begin MonoManager ReloadAssembly
Registering precompiled unity dll's ...
Register platform support module: C:/Program Files/Unity/Hub/Editor/2021.3.13f1/Editor/Data/PlaybackEngines/WebGLSupport/UnityEditor.WebGL.Extensions.dll
Register platform support module: C:/Program Files/Unity/Hub/Editor/2021.3.13f1/Editor/Data/PlaybackEngines/WindowsStandaloneSupport/UnityEditor.WindowsStandalone.Extensions.dll
Registered in 0.020651 seconds.
Native extension for WindowsStandalone target not found
Native extension for WebGL target not found
Refreshing native plugins compatible for Editor in 140.29 ms, found 3 plugins.
Preloading 0 native plugins for Editor in 0.00 ms.
Mono: successfully reloaded assembly
- Completed reload, in  1.138 seconds
Domain Reload Profiling:
	ReloadAssembly (1139ms)
		BeginReloadAssembly (175ms)
			ExecutionOrderSort (0ms)
			DisableScriptedObjects (0ms)
			BackupInstance (0ms)
			ReleaseScriptingObjects (0ms)
			CreateAndSetChildDomain (2ms)
		EndReloadAssembly (728ms)
			LoadAssemblies (169ms)
			RebuildTransferFunctionScriptingTraits (0ms)
			SetupTypeCache (198ms)
			ReleaseScriptCaches (0ms)
			RebuildScriptCaches (40ms)
			SetupLoadedEditorAssemblies (405ms)
				LogAssemblyErrors (0ms)
				InitializePlatformSupportModulesInManaged (16ms)
				SetLoadedEditorAssemblies (0ms)
				RefreshPlugins (141ms)
				BeforeProcessingInitializeOnLoad (2ms)
				ProcessInitializeOnLoadAttributes (178ms)
				ProcessInitializeOnLoadMethodAttributes (69ms)
				AfterProcessingInitializeOnLoad (0ms)
				EditorAssembliesLoaded (0ms)
			ExecutionOrderSort2 (0ms)
			AwakeInstancesAfterBackupRestoration (0ms)
Platform modules already initialized, skipping
Registering precompiled user dll's ...
Registered in 0.009187 seconds.
Begin MonoManager ReloadAssembly
Native extension for WindowsStandalone target not found
Native extension for WebGL target not found
Refreshing native plugins compatible for Editor in 155.94 ms, found 3 plugins.
Preloading 0 native plugins for Editor in 0.00 ms.
Mono: successfully reloaded assembly
- Completed reload, in  2.350 seconds
Domain Reload Profiling:
	ReloadAssembly (2352ms)
		BeginReloadAssembly (188ms)
			ExecutionOrderSort (0ms)
			DisableScriptedObjects (7ms)
			BackupInstance (0ms)
			ReleaseScriptingObjects (0ms)
			CreateAndSetChildDomain (31ms)
		EndReloadAssembly (1868ms)
			LoadAssemblies (163ms)
			RebuildTransferFunctionScriptingTraits (0ms)
			SetupTypeCache (492ms)
			ReleaseScriptCaches (1ms)
			RebuildScriptCaches (91ms)
			SetupLoadedEditorAssemblies (1058ms)
				LogAssemblyErrors (0ms)
				InitializePlatformSupportModulesInManaged (9ms)
				SetLoadedEditorAssemblies (0ms)
				RefreshPlugins (156ms)
				BeforeProcessingInitializeOnLoad (127ms)
				ProcessInitializeOnLoadAttributes (729ms)
				ProcessInitializeOnLoadMethodAttributes (21ms)
				AfterProcessingInitializeOnLoad (16ms)
				EditorAssembliesLoaded (0ms)
			ExecutionOrderSort2 (0ms)
			AwakeInstancesAfterBackupRestoration (8ms)
Platform modules already initialized, skipping
========================================================================
Worker process is ready to serve import requests
Launched and connected shader compiler UnityShaderCompiler.exe after 0.07 seconds
Refreshing native plugins compatible for Editor in 1.35 ms, found 3 plugins.
Preloading 0 native plugins for Editor in 0.00 ms.
Unloading 3532 Unused Serialized files (Serialized files now loaded: 0)
Unloading 24 unused Assets / (21.9 KB). Loaded Objects now: 3999.
Memory consumption went from 130.8 MB to 130.8 MB.
Total: 4.927300 ms (FindLiveObjects: 0.423500 ms CreateObjectMapping: 0.264000 ms MarkObjects: 4.189700 ms  DeleteObjects: 0.048000 ms)

AssetImportParameters requested are different than current active one (requested -> active):
  custom:video-decoder-ogg-theora: a1e56fd34408186e4bbccfd4996cb3dc -> 
  custom:container-muxer-webm: aa71ff27fc2769a1b78a27578f13a17b -> 
  custom:container-demuxer-webm: 4f35f7cbe854078d1ac9338744f61a02 -> 
  custom:video-encoder-webm-vp8: eb34c28f22e8b96e1ab97ce403110664 -> 
  custom:audio-encoder-webm-vorbis: bf7c407c2cedff20999df2af8eb42d56 -> 
  custom:framework-win-MediaFoundation: 216162199b28c13a410421893ffa2e32 -> 
  custom:container-demuxer-ogg: 62fdf1f143b41e24485cea50d1cbac27 -> 
  custom:video-decoder-webm-vp8: 9c59270c3fd7afecdb556c50c9e8de78 -> 
  custom:audio-decoder-ogg-vorbis: bf7c407c2cedff20999df2af8eb42d56 -> 
========================================================================
Received Import Request.
  Time since last request: 18553.089801 seconds.
  path: Assets/icon.png
  artifactKey: Guid(c8f6cf896bab2c141a7b9580acbb3cd3) Importer(815301076,1909f56bfc062723c751e8b465ee728b)
Start importing Assets/icon.png using Guid(c8f6cf896bab2c141a7b9580acbb3cd3) Importer(815301076,1909f56bfc062723c751e8b465ee728b)  -> (artifact id: '7fbed5e140e88dab2520f17e21f1862d') in 0.366702 seconds 
========================================================================
Received Prepare
Registering precompiled user dll's ...
Registered in 0.011710 seconds.
Begin MonoManager ReloadAssembly
Native extension for WindowsStandalone target not found
Native extension for WebGL target not found
Refreshing native plugins compatible for Editor in 2.17 ms, found 3 plugins.
Preloading 0 native plugins for Editor in 0.00 ms.
Mono: successfully reloaded assembly
- Completed reload, in  2.452 seconds
Domain Reload Profiling:
	ReloadAssembly (2453ms)
		BeginReloadAssembly (262ms)
			ExecutionOrderSort (0ms)
			DisableScriptedObjects (8ms)
			BackupInstance (0ms)
			ReleaseScriptingObjects (0ms)
			CreateAndSetChildDomain (71ms)
		EndReloadAssembly (1977ms)
			LoadAssemblies (167ms)
			RebuildTransferFunctionScriptingTraits (0ms)
			SetupTypeCache (476ms)
			ReleaseScriptCaches (5ms)
			RebuildScriptCaches (103ms)
			SetupLoadedEditorAssemblies (1156ms)
				LogAssemblyErrors (0ms)
				InitializePlatformSupportModulesInManaged (81ms)
				SetLoadedEditorAssemblies (1ms)
				RefreshPlugins (2ms)
				BeforeProcessingInitializeOnLoad (137ms)
				ProcessInitializeOnLoadAttributes (894ms)
				ProcessInitializeOnLoadMethodAttributes (29ms)
				AfterProcessingInitializeOnLoad (12ms)
				EditorAssembliesLoaded (0ms)
			ExecutionOrderSort2 (0ms)
			AwakeInstancesAfterBackupRestoration (8ms)
Platform modules already initialized, skipping
Refreshing native plugins compatible for Editor in 3.95 ms, found 3 plugins.
Preloading 0 native plugins for Editor in 0.00 ms.
Unloading 3505 Unused Serialized files (Serialized files now loaded: 0)
Unloading 16 unused Assets / (24.6 KB). Loaded Objects now: 4009.
Memory consumption went from 132.8 MB to 132.7 MB.
Total: 3.004900 ms (FindLiveObjects: 0.267900 ms CreateObjectMapping: 0.136500 ms MarkObjects: 2.566000 ms  DeleteObjects: 0.033000 ms)

AssetImportParameters requested are different than current active one (requested -> active):
  custom:video-decoder-ogg-theora: a1e56fd34408186e4bbccfd4996cb3dc -> 
  custom:container-muxer-webm: aa71ff27fc2769a1b78a27578f13a17b -> 
  custom:container-demuxer-webm: 4f35f7cbe854078d1ac9338744f61a02 -> 
  custom:video-encoder-webm-vp8: eb34c28f22e8b96e1ab97ce403110664 -> 
  custom:audio-encoder-webm-vorbis: bf7c407c2cedff20999df2af8eb42d56 -> 
  custom:framework-win-MediaFoundation: 216162199b28c13a410421893ffa2e32 -> 
  custom:container-demuxer-ogg: 62fdf1f143b41e24485cea50d1cbac27 -> 
  custom:video-decoder-webm-vp8: 9c59270c3fd7afecdb556c50c9e8de78 -> 
  custom:audio-decoder-ogg-vorbis: bf7c407c2cedff20999df2af8eb42d56 -> 
========================================================================
Received Prepare
Registering precompiled user dll's ...
Registered in 0.006451 seconds.
Begin MonoManager ReloadAssembly
Native extension for WindowsStandalone target not found
Native extension for WebGL target not found
Refreshing native plugins compatible for Editor in 1.06 ms, found 3 plugins.
Preloading 0 native plugins for Editor in 0.00 ms.
Mono: successfully reloaded assembly
- Completed reload, in  2.050 seconds
Domain Reload Profiling:
	ReloadAssembly (2051ms)
		BeginReloadAssembly (221ms)
			ExecutionOrderSort (0ms)
			DisableScriptedObjects (7ms)
			BackupInstance (0ms)
			ReleaseScriptingObjects (0ms)
			CreateAndSetChildDomain (49ms)
		EndReloadAssembly (1603ms)
			LoadAssemblies (163ms)
			RebuildTransferFunctionScriptingTraits (0ms)
			SetupTypeCache (473ms)
			ReleaseScriptCaches (2ms)
			RebuildScriptCaches (81ms)
			SetupLoadedEditorAssemblies (798ms)
				LogAssemblyErrors (0ms)
				InitializePlatformSupportModulesInManaged (30ms)
				SetLoadedEditorAssemblies (1ms)
				RefreshPlugins (1ms)
				BeforeProcessingInitializeOnLoad (132ms)
				ProcessInitializeOnLoadAttributes (572ms)
				ProcessInitializeOnLoadMethodAttributes (42ms)
				AfterProcessingInitializeOnLoad (20ms)
				EditorAssembliesLoaded (0ms)
			ExecutionOrderSort2 (0ms)
			AwakeInstancesAfterBackupRestoration (12ms)
Platform modules already initialized, skipping
Refreshing native plugins compatible for Editor in 4.48 ms, found 3 plugins.
Preloading 0 native plugins for Editor in 0.00 ms.
Unloading 3505 Unused Serialized files (Serialized files now loaded: 0)
Unloading 16 unused Assets / (24.6 KB). Loaded Objects now: 4012.
Memory consumption went from 132.8 MB to 132.8 MB.
Total: 3.774200 ms (FindLiveObjects: 0.311400 ms CreateObjectMapping: 0.162200 ms MarkObjects: 3.263900 ms  DeleteObjects: 0.035100 ms)

AssetImportParameters requested are different than current active one (requested -> active):
  custom:video-decoder-ogg-theora: a1e56fd34408186e4bbccfd4996cb3dc -> 
  custom:container-muxer-webm: aa71ff27fc2769a1b78a27578f13a17b -> 
  custom:container-demuxer-webm: 4f35f7cbe854078d1ac9338744f61a02 -> 
  custom:video-encoder-webm-vp8: eb34c28f22e8b96e1ab97ce403110664 -> 
  custom:audio-encoder-webm-vorbis: bf7c407c2cedff20999df2af8eb42d56 -> 
  custom:framework-win-MediaFoundation: 216162199b28c13a410421893ffa2e32 -> 
  custom:container-demuxer-ogg: 62fdf1f143b41e24485cea50d1cbac27 -> 
  custom:video-decoder-webm-vp8: 9c59270c3fd7afecdb556c50c9e8de78 -> 
  custom:audio-decoder-ogg-vorbis: bf7c407c2cedff20999df2af8eb42d56 -> 
========================================================================
Received Prepare
Registering precompiled user dll's ...
Registered in 0.008383 seconds.
Begin MonoManager ReloadAssembly
Native extension for WindowsStandalone target not found
Native extension for WebGL target not found
Refreshing native plugins compatible for Editor in 1.51 ms, found 3 plugins.
Preloading 0 native plugins for Editor in 0.00 ms.
Mono: successfully reloaded assembly
- Completed reload, in  1.883 seconds
Domain Reload Profiling:
	ReloadAssembly (1884ms)
		BeginReloadAssembly (183ms)
			ExecutionOrderSort (0ms)
			DisableScriptedObjects (7ms)
			BackupInstance (0ms)
			ReleaseScriptingObjects (0ms)
			CreateAndSetChildDomain (45ms)
		EndReloadAssembly (1536ms)
			LoadAssemblies (132ms)
			RebuildTransferFunctionScriptingTraits (0ms)
			SetupTypeCache (426ms)
			ReleaseScriptCaches (3ms)
			RebuildScriptCaches (86ms)
			SetupLoadedEditorAssemblies (757ms)
				LogAssemblyErrors (0ms)
				InitializePlatformSupportModulesInManaged (31ms)
				SetLoadedEditorAssemblies (1ms)
				RefreshPlugins (2ms)
				BeforeProcessingInitializeOnLoad (117ms)
				ProcessInitializeOnLoadAttributes (554ms)
				ProcessInitializeOnLoadMethodAttributes (32ms)
				AfterProcessingInitializeOnLoad (20ms)
				EditorAssembliesLoaded (0ms)
			ExecutionOrderSort2 (0ms)
			AwakeInstancesAfterBackupRestoration (12ms)
Platform modules already initialized, skipping
Refreshing native plugins compatible for Editor in 5.00 ms, found 3 plugins.
Preloading 0 native plugins for Editor in 0.00 ms.
Unloading 3505 Unused Serialized files (Serialized files now loaded: 0)
Unloading 16 unused Assets / (24.7 KB). Loaded Objects now: 4015.
Memory consumption went from 132.8 MB to 132.8 MB.
Total: 3.662900 ms (FindLiveObjects: 0.350500 ms CreateObjectMapping: 0.152100 ms MarkObjects: 3.125300 ms  DeleteObjects: 0.032900 ms)

AssetImportParameters requested are different than current active one (requested -> active):
  custom:video-decoder-ogg-theora: a1e56fd34408186e4bbccfd4996cb3dc -> 
  custom:container-muxer-webm: aa71ff27fc2769a1b78a27578f13a17b -> 
  custom:container-demuxer-webm: 4f35f7cbe854078d1ac9338744f61a02 -> 
  custom:video-encoder-webm-vp8: eb34c28f22e8b96e1ab97ce403110664 -> 
  custom:audio-encoder-webm-vorbis: bf7c407c2cedff20999df2af8eb42d56 -> 
  custom:framework-win-MediaFoundation: 216162199b28c13a410421893ffa2e32 -> 
  custom:container-demuxer-ogg: 62fdf1f143b41e24485cea50d1cbac27 -> 
  custom:video-decoder-webm-vp8: 9c59270c3fd7afecdb556c50c9e8de78 -> 
  custom:audio-decoder-ogg-vorbis: bf7c407c2cedff20999df2af8eb42d56 -> 
========================================================================
Received Import Request.
  Time since last request: 120.233865 seconds.
  path: Assets/monsters
  artifactKey: Guid(e99e28afcdaa05043977992ecfe7adc3) Importer(815301076,1909f56bfc062723c751e8b465ee728b)
Start importing Assets/monsters using Guid(e99e28afcdaa05043977992ecfe7adc3) Importer(815301076,1909f56bfc062723c751e8b465ee728b)  -> (artifact id: '91edb0ae555aee2082b7f6d4311a38d3') in 0.021830 seconds 
========================================================================
Received Import Request.
  Time since last request: 1.199023 seconds.
  path: Assets/monsters/afterbirth
  artifactKey: Guid(963c29e23cea90b44a8c2e13ffaf3ed6) Importer(815301076,1909f56bfc062723c751e8b465ee728b)
Start importing Assets/monsters/afterbirth using Guid(963c29e23cea90b44a8c2e13ffaf3ed6) Importer(815301076,1909f56bfc062723c751e8b465ee728b)  -> (artifact id: 'dc0f7e0718c036a3f93795713164cc4b') in 0.010143 seconds 
========================================================================
Received Import Request.
  Time since last request: 0.051052 seconds.
  path: Assets/monsters/afterbirth/010.002_flaminggaper (2).png
  artifactKey: Guid(1d7b070629325e34aa3a5c5c17891de6) Importer(815301076,1909f56bfc062723c751e8b465ee728b)
Start importing Assets/monsters/afterbirth/010.002_flaminggaper (2).png using Guid(1d7b070629325e34aa3a5c5c17891de6) Importer(815301076,1909f56bfc062723c751e8b465ee728b)  -> (artifact id: 'f50542792c4163f2f77f9de19d053f5b') in 0.106689 seconds 
========================================================================
Received Import Request.
  Time since last request: 0.000367 seconds.
  path: Assets/monsters/afterbirth/286.000_fleshdeathshead.png
  artifactKey: Guid(c7ca0b12845a3fb418a86f0d28ec9955) Importer(815301076,1909f56bfc062723c751e8b465ee728b)
Start importing Assets/monsters/afterbirth/286.000_fleshdeathshead.png using Guid(c7ca0b12845a3fb418a86f0d28ec9955) Importer(815301076,1909f56bfc062723c751e8b465ee728b)  -> (artifact id: '03196e49472ab17e3eebf2603b8e9621') in 0.050049 seconds 
========================================================================
Received Import Request.
  Time since last request: 0.000038 seconds.
  path: Assets/monsters/afterbirth/258.000_fat bat.png
  artifactKey: Guid(f40670d64febd9e46ae0f94a971af751) Importer(815301076,1909f56bfc062723c751e8b465ee728b)
Start importing Assets/monsters/afterbirth/258.000_fat bat.png using Guid(f40670d64febd9e46ae0f94a971af751) Importer(815301076,1909f56bfc062723c751e8b465ee728b)  -> (artifact id: '3c2abdb5bf63c2e94815ca55a3d54e77') in 0.046183 seconds 
========================================================================
Received Import Request.
  Time since last request: 0.000034 seconds.
  path: Assets/monsters/afterbirth/279.000_blackglobinhead.png
  artifactKey: Guid(872a73a2535756644876f8e9cd503c2b) Importer(815301076,1909f56bfc062723c751e8b465ee728b)
Start importing Assets/monsters/afterbirth/279.000_blackglobinhead.png using Guid(872a73a2535756644876f8e9cd503c2b) Importer(815301076,1909f56bfc062723c751e8b465ee728b)  -> (artifact id: '6b951097bf1c811942345eb8e0f408c0') in 0.055482 seconds 
========================================================================
Received Import Request.
  Time since last request: 0.000034 seconds.
  path: Assets/monsters/afterbirth/282.000_megaclotty.png
  artifactKey: Guid(1ab71736f96eb174787e771b71f7ae8c) Importer(815301076,1909f56bfc062723c751e8b465ee728b)
Start importing Assets/monsters/afterbirth/282.000_megaclotty.png using Guid(1ab71736f96eb174787e771b71f7ae8c) Importer(815301076,1909f56bfc062723c751e8b465ee728b)  -> (artifact id: '68bfdc519ef56e09423bafec44a67fdb') in 0.060657 seconds 
========================================================================
Received Import Request.
  Time since last request: 0.000041 seconds.
  path: Assets/monsters/afterbirth/259.000_imp.png
  artifactKey: Guid(2e50cd932aa32c844854a5101a1e0abc) Importer(815301076,1909f56bfc062723c751e8b465ee728b)
Start importing Assets/monsters/afterbirth/259.000_imp.png using Guid(2e50cd932aa32c844854a5101a1e0abc) Importer(815301076,1909f56bfc062723c751e8b465ee728b)  -> (artifact id: '273286cb89363d573fb916ad719fe0d4') in 0.054294 seconds 
========================================================================
Received Import Request.
  Time since last request: 0.003047 seconds.
  path: Assets/monsters/afterbirth/207.002_flamingfatty.png
  artifactKey: Guid(4a0470bf43f61a94b912880d3ff1a258) Importer(815301076,1909f56bfc062723c751e8b465ee728b)
Start importing Assets/monsters/afterbirth/207.002_flamingfatty.png using Guid(4a0470bf43f61a94b912880d3ff1a258) Importer(815301076,1909f56bfc062723c751e8b465ee728b)  -> (artifact id: '03a8ebf0fb5320f2cf2d1b62883555e2') in 0.106896 seconds 
========================================================================
Received Import Request.
  Time since last request: 0.000771 seconds.
  path: Assets/monsters/afterbirth/246.001_ragmans ragling.png
  artifactKey: Guid(76d3d5c09e868b744bf46ac2a652a130) Importer(815301076,1909f56bfc062723c751e8b465ee728b)
Start importing Assets/monsters/afterbirth/246.001_ragmans ragling.png using Guid(76d3d5c09e868b744bf46ac2a652a130) Importer(815301076,1909f56bfc062723c751e8b465ee728b)  -> (artifact id: '9846a7c55793edae55f3b27c805755d4') in 0.085373 seconds 
========================================================================
Received Import Request.
  Time since last request: 0.000032 seconds.
  path: Assets/monsters/afterbirth/040.001_scarredguts.png
  artifactKey: Guid(75f7c0b803814334c94c026aa54a8916) Importer(815301076,1909f56bfc062723c751e8b465ee728b)
Start importing Assets/monsters/afterbirth/040.001_scarredguts.png using Guid(75f7c0b803814334c94c026aa54a8916) Importer(815301076,1909f56bfc062723c751e8b465ee728b)  -> (artifact id: 'd93d6d65b0cf13f67e0ece326f86a6cc') in 0.098356 seconds 
========================================================================
Received Import Request.
  Time since last request: 0.000042 seconds.
  path: Assets/monsters/afterbirth/278.000_blackglobin.png
  artifactKey: Guid(309177ee68c14d946be7e636c66adbe8) Importer(815301076,1909f56bfc062723c751e8b465ee728b)
Start importing Assets/monsters/afterbirth/278.000_blackglobin.png using Guid(309177ee68c14d946be7e636c66adbe8) Importer(815301076,1909f56bfc062723c751e8b465ee728b)  -> (artifact id: 'b421d807f9225ee438e508971fcb45b8') in 0.075271 seconds 
========================================================================
Received Import Request.
  Time since last request: 0.000052 seconds.
  path: Assets/monsters/afterbirth/022.001_drownedhive (2).png
  artifactKey: Guid(b6ec297adf6fb3b4fa8554bbf249138d) Importer(815301076,1909f56bfc062723c751e8b465ee728b)
Start importing Assets/monsters/afterbirth/022.001_drownedhive (2).png using Guid(b6ec297adf6fb3b4fa8554bbf249138d) Importer(815301076,1909f56bfc062723c751e8b465ee728b)  -> (artifact id: '1b1e5a674e92fcb9368fd35adaca20a8') in 0.076734 seconds 
========================================================================
Received Import Request.
  Time since last request: 0.000041 seconds.
  path: Assets/monsters/afterbirth/023.000.001_myshadow.png
  artifactKey: Guid(f2e07d405efb3f34ea3b0012684955df) Importer(815301076,1909f56bfc062723c751e8b465ee728b)
Start importing Assets/monsters/afterbirth/023.000.001_myshadow.png using Guid(f2e07d405efb3f34ea3b0012684955df) Importer(815301076,1909f56bfc062723c751e8b465ee728b)  -> (artifact id: '8ab9ab934836dbec80d7d0f6d9ddd597') in 0.054296 seconds 
========================================================================
Received Import Request.
  Time since last request: 0.000096 seconds.
  path: Assets/monsters/afterbirth/025.002_drownedboomfly (2).png
  artifactKey: Guid(beee6c22efd0dd54d8f56310ddca24b8) Importer(815301076,1909f56bfc062723c751e8b465ee728b)
Start importing Assets/monsters/afterbirth/025.002_drownedboomfly (2).png using Guid(beee6c22efd0dd54d8f56310ddca24b8) Importer(815301076,1909f56bfc062723c751e8b465ee728b)  -> (artifact id: '6d6a6690be19c5a1444a88449a12c673') in 0.059514 seconds 
========================================================================
Received Import Request.
  Time since last request: 0.000042 seconds.
  path: Assets/monsters/afterbirth/283.000_boneknight (2).png
  artifactKey: Guid(398e3e7c2d704d34fa3c22ae9ae8d524) Importer(815301076,1909f56bfc062723c751e8b465ee728b)
Start importing Assets/monsters/afterbirth/283.000_boneknight (2).png using Guid(398e3e7c2d704d34fa3c22ae9ae8d524) Importer(815301076,1909f56bfc062723c751e8b465ee728b)  -> (artifact id: '092568145055284e2feda79b59477373') in 0.050135 seconds 
========================================================================
Received Import Request.
  Time since last request: 0.000052 seconds.
  path: Assets/monsters/afterbirth/256.000_dartfly.png
  artifactKey: Guid(8f766ff4709cafb4fa3189ba80ec4d1e) Importer(815301076,1909f56bfc062723c751e8b465ee728b)
Start importing Assets/monsters/afterbirth/256.000_dartfly.png using Guid(8f766ff4709cafb4fa3189ba80ec4d1e) Importer(815301076,1909f56bfc062723c751e8b465ee728b)  -> (artifact id: '5830349d7e42c7a75a1e7650b438e314') in 0.057667 seconds 
========================================================================
Received Import Request.
  Time since last request: 0.000038 seconds.
  path: Assets/monsters/afterbirth/058.001_scarredparabite (2).png
  artifactKey: Guid(d774fe0efbee1964caef8409f9f40536) Importer(815301076,1909f56bfc062723c751e8b465ee728b)
Start importing Assets/monsters/afterbirth/058.001_scarredparabite (2).png using Guid(d774fe0efbee1964caef8409f9f40536) Importer(815301076,1909f56bfc062723c751e8b465ee728b)  -> (artifact id: 'b04fe864e6c34625f452784770eb24e7') in 0.045983 seconds 
========================================================================
Received Import Request.
  Time since last request: 0.000031 seconds.
  path: Assets/monsters/afterbirth/277.000_blackboney body.png
  artifactKey: Guid(0ed37ff01fab72545b7bbd3b699efc1f) Importer(815301076,1909f56bfc062723c751e8b465ee728b)
Start importing Assets/monsters/afterbirth/277.000_blackboney body.png using Guid(0ed37ff01fab72545b7bbd3b699efc1f) Importer(815301076,1909f56bfc062723c751e8b465ee728b)  -> (artifact id: '366b9d606ecee5d9ff6bc099b4e24a77') in 0.053120 seconds 
========================================================================
Received Import Request.
  Time since last request: 0.000047 seconds.
  path: Assets/monsters/afterbirth/257.000_conjoinedfatty.png
  artifactKey: Guid(e844f91ab7968f846920ee76b26f3c04) Importer(815301076,1909f56bfc062723c751e8b465ee728b)
Start importing Assets/monsters/afterbirth/257.000_conjoinedfatty.png using Guid(e844f91ab7968f846920ee76b26f3c04) Importer(815301076,1909f56bfc062723c751e8b465ee728b)  -> (artifact id: '75462ce619580572a7dd57315d6b543d') in 0.071537 seconds 
========================================================================
Received Import Request.
  Time since last request: 0.000043 seconds.
  path: Assets/monsters/afterbirth/022.001_drownedhive.png
  artifactKey: Guid(5bcce2cc3ebb755469ec1562710aa917) Importer(815301076,1909f56bfc062723c751e8b465ee728b)
Start importing Assets/monsters/afterbirth/022.001_drownedhive.png using Guid(5bcce2cc3ebb755469ec1562710aa917) Importer(815301076,1909f56bfc062723c751e8b465ee728b)  -> (artifact id: 'e3d8e2b687603b256157b773c44e9ce8') in 0.046280 seconds 
========================================================================
Received Import Request.
  Time since last request: 0.000057 seconds.
  path: Assets/monsters/afterbirth/257.001_blueconjoinedfatty (2).png
  artifactKey: Guid(e4c0ccabe1d387f408d66ab34decade6) Importer(815301076,1909f56bfc062723c751e8b465ee728b)
Start importing Assets/monsters/afterbirth/257.001_blueconjoinedfatty (2).png using Guid(e4c0ccabe1d387f408d66ab34decade6) Importer(815301076,1909f56bfc062723c751e8b465ee728b)  -> (artifact id: '96987afbc268b75e707230f9c7c2bace') in 0.090492 seconds 
========================================================================
Received Import Request.
  Time since last request: 0.000035 seconds.
  path: Assets/monsters/afterbirth/220.001_danksquirt.png
  artifactKey: Guid(af1158d875024ce43add38444005eb3a) Importer(815301076,1909f56bfc062723c751e8b465ee728b)
Start importing Assets/monsters/afterbirth/220.001_danksquirt.png using Guid(af1158d875024ce43add38444005eb3a) Importer(815301076,1909f56bfc062723c751e8b465ee728b)  -> (artifact id: 'eaa45b0384e7f698fcddda4cec5ef4e1') in 0.053720 seconds 
========================================================================
Received Import Request.
  Time since last request: 0.000039 seconds.
  path: Assets/monsters/afterbirth/280.000_blackglobinbody.png
  artifactKey: Guid(767bcb350e294dd408bdd4298e3c41c4) Importer(815301076,1909f56bfc062723c751e8b465ee728b)
Start importing Assets/monsters/afterbirth/280.000_blackglobinbody.png using Guid(767bcb350e294dd408bdd4298e3c41c4) Importer(815301076,1909f56bfc062723c751e8b465ee728b)  -> (artifact id: '162357805275144e5c7e86617cc181bb') in 0.047869 seconds 
========================================================================
Received Import Request.
  Time since last request: 0.000045 seconds.
  path: Assets/monsters/afterbirth/039.003_scarreddoublevis.png
  artifactKey: Guid(b6c97a8fc6dd6684eb22bb2e8ee71dc8) Importer(815301076,1909f56bfc062723c751e8b465ee728b)
Start importing Assets/monsters/afterbirth/039.003_scarreddoublevis.png using Guid(b6c97a8fc6dd6684eb22bb2e8ee71dc8) Importer(815301076,1909f56bfc062723c751e8b465ee728b)  -> (artifact id: 'e83df5b450551c29e05e5dc153c06bdd') in 0.045497 seconds 
========================================================================
Received Import Request.
  Time since last request: 0.000077 seconds.
  path: Assets/monsters/afterbirth/286.000_fleshdeathshead (2).png
  artifactKey: Guid(1283901ee7eda7c488eb02e47608297e) Importer(815301076,1909f56bfc062723c751e8b465ee728b)
Start importing Assets/monsters/afterbirth/286.000_fleshdeathshead (2).png using Guid(1283901ee7eda7c488eb02e47608297e) Importer(815301076,1909f56bfc062723c751e8b465ee728b)  -> (artifact id: '9a3654e48927adfcc4b029d4c47555de') in 0.055711 seconds 
========================================================================
Received Import Request.
  Time since last request: 1.025282 seconds.
  path: Assets/monsters/afterbirth/287.000_momsdead hand.png
  artifactKey: Guid(7a2121d3a0c311a448a5447a9c545fb0) Importer(815301076,1909f56bfc062723c751e8b465ee728b)
Start importing Assets/monsters/afterbirth/287.000_momsdead hand.png using Guid(7a2121d3a0c311a448a5447a9c545fb0) Importer(815301076,1909f56bfc062723c751e8b465ee728b)  -> (artifact id: '22a38fa60368800bcf26d698c4495896') in 0.084543 seconds 
========================================================================
Received Import Request.
  Time since last request: 0.000039 seconds.
  path: Assets/monsters/afterbirth/293.000_ultragreedhearteffect.png
  artifactKey: Guid(c7206ed077b6eef44a13eafdb3c09003) Importer(815301076,1909f56bfc062723c751e8b465ee728b)
Start importing Assets/monsters/afterbirth/293.000_ultragreedhearteffect.png using Guid(c7206ed077b6eef44a13eafdb3c09003) Importer(815301076,1909f56bfc062723c751e8b465ee728b)  -> (artifact id: 'a7e81311dcab02291ed09d96ffbe6702') in 0.058500 seconds 
========================================================================
Received Import Request.
  Time since last request: 0.000084 seconds.
  path: Assets/monsters/afterbirth/293.000_ultragreedcoins.png
  artifactKey: Guid(c72e1523c9831d44589770821e894b2d) Importer(815301076,1909f56bfc062723c751e8b465ee728b)
Start importing Assets/monsters/afterbirth/293.000_ultragreedcoins.png using Guid(c72e1523c9831d44589770821e894b2d) Importer(815301076,1909f56bfc062723c751e8b465ee728b)  -> (artifact id: 'c1defc9db157a6cf839892dbad12b40d') in 0.104425 seconds 
========================================================================
Received Import Request.
  Time since last request: 0.000052 seconds.
  path: Assets/monsters/afterbirth/293.000_ultragreedkeyeffect.png
  artifactKey: Guid(afd33d8aa9423a44b9107b226465f5d6) Importer(815301076,1909f56bfc062723c751e8b465ee728b)
Start importing Assets/monsters/afterbirth/293.000_ultragreedkeyeffect.png using Guid(afd33d8aa9423a44b9107b226465f5d6) Importer(815301076,1909f56bfc062723c751e8b465ee728b)  -> (artifact id: '5f25978d247ab4c5465c4808d1bb357a') in 0.073098 seconds 
========================================================================
Received Import Request.
  Time since last request: 0.000035 seconds.
  path: Assets/monsters/afterbirth/289.000_ulcer.png
  artifactKey: Guid(52e0940a4f019874aa7261f09fde5980) Importer(815301076,1909f56bfc062723c751e8b465ee728b)
Start importing Assets/monsters/afterbirth/289.000_ulcer.png using Guid(52e0940a4f019874aa7261f09fde5980) Importer(815301076,1909f56bfc062723c751e8b465ee728b)  -> (artifact id: '63216123ed6d49d8e62e78b9061db71b') in 0.189754 seconds 
========================================================================
Received Import Request.
  Time since last request: 0.000075 seconds.
  path: Assets/monsters/afterbirth/291.000_pitfall (2).png
  artifactKey: Guid(c55afc1184674394286b78535682b936) Importer(815301076,1909f56bfc062723c751e8b465ee728b)
Start importing Assets/monsters/afterbirth/291.000_pitfall (2).png using Guid(c55afc1184674394286b78535682b936) Importer(815301076,1909f56bfc062723c751e8b465ee728b)  -> (artifact id: '1b363ca2e23c312fe6f8dcda57b67ef2') in 0.172003 seconds 
========================================================================
Received Import Request.
  Time since last request: 12.153667 seconds.
  path: Assets/enemy/monster_205_baby long legs.png
  artifactKey: Guid(92ae3939aecb55847ba06b5b2021d137) Importer(815301076,1909f56bfc062723c751e8b465ee728b)
Start importing Assets/enemy/monster_205_baby long legs.png using Guid(92ae3939aecb55847ba06b5b2021d137) Importer(815301076,1909f56bfc062723c751e8b465ee728b)  -> (artifact id: 'febfb225c48385e2f7363c686a648436') in 0.037517 seconds 
Editor requested this worker to shutdown with reason: Scaling down because of idle timeout
AssetImportWorker is now disconnected from the server
Process exiting
Exiting without the bug reporter. Application will terminate with return code 0