Using pre-set license
Built from '2022.3/staging' branch; Version is '2022.3.4f1 (35713cd46cd7) revision 3502396'; Using compiler version '192829333'; Build Type 'Release'
OS: 'Windows 10  (10.0.19045) 64bit CoreSingleLanguage' Language: 'ru' Physical Memory: 16140 MB
BatchMode: 1, IsHumanControllingUs: 0, StartBugReporterOnCrash: 0, Is64bit: 1, IsPro: 1

COMMAND LINE ARGUMENTS:
C:\Program Files\Unity\Hub\Editor\2022.3.4f1\Editor\Unity.exe
-adb2
-batchMode
-noUpm
-name
AssetImportWorker1
-projectPath
C:/Users/HP/Desktop/РїСЂРѕРµРєС‚ РЅР°С‚Р°С€Рё/-
-logFile
Logs/AssetImportWorker1.log
-srvPort
61913
Successfully changed project path to: C:/Users/HP/Desktop/РїСЂРѕРµРєС‚ РЅР°С‚Р°С€Рё/-
C:/Users/HP/Desktop/РїСЂРѕРµРєС‚ РЅР°С‚Р°С€Рё/-
[UnityMemory] Configuration Parameters - Can be set up in boot.config
    "memorysetup-bucket-allocator-granularity=16"
    "memorysetup-bucket-allocator-bucket-count=8"
    "memorysetup-bucket-allocator-block-size=33554432"
    "memorysetup-bucket-allocator-block-count=8"
    "memorysetup-main-allocator-block-size=16777216"
    "memorysetup-thread-allocator-block-size=16777216"
    "memorysetup-gfx-main-allocator-block-size=16777216"
    "memorysetup-gfx-thread-allocator-block-size=16777216"
    "memorysetup-cache-allocator-block-size=4194304"
    "memorysetup-typetree-allocator-block-size=2097152"
    "memorysetup-profiler-bucket-allocator-granularity=16"
    "memorysetup-profiler-bucket-allocator-bucket-count=8"
    "memorysetup-profiler-bucket-allocator-block-size=33554432"
    "memorysetup-profiler-bucket-allocator-block-count=8"
    "memorysetup-profiler-allocator-block-size=16777216"
    "memorysetup-profiler-editor-allocator-block-size=1048576"
    "memorysetup-temp-allocator-size-main=16777216"
    "memorysetup-job-temp-allocator-block-size=2097152"
    "memorysetup-job-temp-allocator-block-size-background=1048576"
    "memorysetup-job-temp-allocator-reduction-small-platforms=262144"
    "memorysetup-allocator-temp-initial-block-size-main=262144"
    "memorysetup-allocator-temp-initial-block-size-worker=262144"
    "memorysetup-temp-allocator-size-background-worker=32768"
    "memorysetup-temp-allocator-size-job-worker=262144"
    "memorysetup-temp-allocator-size-preload-manager=33554432"
    "memorysetup-temp-allocator-size-nav-mesh-worker=65536"
    "memorysetup-temp-allocator-size-audio-worker=65536"
    "memorysetup-temp-allocator-size-cloud-worker=32768"
    "memorysetup-temp-allocator-size-gi-baking-worker=262144"
    "memorysetup-temp-allocator-size-gfx=262144"
Player connection [16560] Host "[IP] 192.168.56.1 [Port] 0 [Flags] 2 [Guid] 1822838298 [EditorId] 1822838298 [Version] 1048832 [Id] WindowsEditor(7,LAPTOP-UIU8MEDP) [Debug] 1 [PackageName] WindowsEditor [ProjectName] Editor" joined multi-casting on [225.0.0.222:54997]...

Player connection [16560] Host "[IP] 192.168.56.1 [Port] 0 [Flags] 2 [Guid] 1822838298 [EditorId] 1822838298 [Version] 1048832 [Id] WindowsEditor(7,LAPTOP-UIU8MEDP) [Debug] 1 [PackageName] WindowsEditor [ProjectName] Editor" joined alternative multi-casting on [225.0.0.222:34997]...

Refreshing native plugins compatible for Editor in 34.42 ms, found 4 plugins.
Preloading 0 native plugins for Editor in 0.00 ms.
Initialize engine version: 2022.3.4f1 (35713cd46cd7)
[Subsystems] Discovering subsystems at path C:/Program Files/Unity/Hub/Editor/2022.3.4f1/Editor/Data/Resources/UnitySubsystems
[Subsystems] Discovering subsystems at path C:/Users/HP/Desktop/РїСЂРѕРµРєС‚ РЅР°С‚Р°С€Рё/-/Assets
GfxDevice: creating device client; threaded=0; jobified=0
Direct3D:
    Version:  Direct3D 11.0 [level 11.1]
    Renderer: NVIDIA GeForce MX350 (ID=0x1c94)
    Vendor:   NVIDIA
    VRAM:     1978 MB
    Driver:   31.0.15.4626
Initialize mono
Mono path[0] = 'C:/Program Files/Unity/Hub/Editor/2022.3.4f1/Editor/Data/Managed'
Mono path[1] = 'C:/Program Files/Unity/Hub/Editor/2022.3.4f1/Editor/Data/MonoBleedingEdge/lib/mono/unityjit-win32'
Mono config path = 'C:/Program Files/Unity/Hub/Editor/2022.3.4f1/Editor/Data/MonoBleedingEdge/etc'
Using monoOptions --debugger-agent=transport=dt_socket,embedding=1,server=y,suspend=n,address=127.0.0.1:56948
Begin MonoManager ReloadAssembly
Registering precompiled unity dll's ...
Register platform support module: C:/Program Files/Unity/Hub/Editor/2022.3.4f1/Editor/Data/PlaybackEngines/WindowsStandaloneSupport/UnityEditor.WindowsStandalone.Extensions.dll
Registered in 0.026936 seconds.
- Loaded All Assemblies, in  0.814 seconds
Native extension for WindowsStandalone target not found
Mono: successfully reloaded assembly
- Finished resetting the current domain, in  1.242 seconds
Domain Reload Profiling: 2053ms
	BeginReloadAssembly (235ms)
		ExecutionOrderSort (0ms)
		DisableScriptedObjects (0ms)
		BackupInstance (0ms)
		ReleaseScriptingObjects (0ms)
		CreateAndSetChildDomain (1ms)
	RebuildCommonClasses (73ms)
	RebuildNativeTypeToScriptingClass (28ms)
	initialDomainReloadingComplete (165ms)
	LoadAllAssembliesAndSetupDomain (307ms)
		LoadAssemblies (228ms)
		RebuildTransferFunctionScriptingTraits (0ms)
		AnalyzeDomain (290ms)
			TypeCache.Refresh (287ms)
				TypeCache.ScanAssembly (266ms)
			ScanForSourceGeneratedMonoScriptInfo (1ms)
			ResolveRequiredComponents (2ms)
	FinalizeReload (1243ms)
		ReleaseScriptCaches (0ms)
		RebuildScriptCaches (0ms)
		SetupLoadedEditorAssemblies (1005ms)
			LogAssemblyErrors (0ms)
			InitializePlatformSupportModulesInManaged (39ms)
			SetLoadedEditorAssemblies (34ms)
			RefreshPlugins (0ms)
			BeforeProcessingInitializeOnLoad (8ms)
			ProcessInitializeOnLoadAttributes (634ms)
			ProcessInitializeOnLoadMethodAttributes (290ms)
			AfterProcessingInitializeOnLoad (0ms)
			EditorAssembliesLoaded (0ms)
		ExecutionOrderSort2 (0ms)
		AwakeInstancesAfterBackupRestoration (0ms)
========================================================================
Worker process is ready to serve import requests
Begin MonoManager ReloadAssembly
- Loaded All Assemblies, in  3.899 seconds
Refreshing native plugins compatible for Editor in 36.34 ms, found 4 plugins.
Native extension for WindowsStandalone target not found
Package Manager log level set to [2]
[Package Manager] Server::EnsureServerProcessIsRunning -- launch failed, reason: Unity was launched with the -noUpm command-line argument
[Package Manager] UpmClient::Send -- Unable to send message (not connected to UPM process).
[Package Manager] Cannot connect to Unity Package Manager local server
Mono: successfully reloaded assembly
- Finished resetting the current domain, in  2.843 seconds
Domain Reload Profiling: 6714ms
	BeginReloadAssembly (547ms)
		ExecutionOrderSort (0ms)
		DisableScriptedObjects (19ms)
		BackupInstance (0ms)
		ReleaseScriptingObjects (0ms)
		CreateAndSetChildDomain (72ms)
	RebuildCommonClasses (165ms)
	RebuildNativeTypeToScriptingClass (38ms)
	initialDomainReloadingComplete (207ms)
	LoadAllAssembliesAndSetupDomain (2914ms)
		LoadAssemblies (1413ms)
		RebuildTransferFunctionScriptingTraits (0ms)
		AnalyzeDomain (1740ms)
			TypeCache.Refresh (1495ms)
				TypeCache.ScanAssembly (1422ms)
			ScanForSourceGeneratedMonoScriptInfo (208ms)
			ResolveRequiredComponents (37ms)
	FinalizeReload (2844ms)
		ReleaseScriptCaches (0ms)
		RebuildScriptCaches (0ms)
		SetupLoadedEditorAssemblies (1996ms)
			LogAssemblyErrors (0ms)
			InitializePlatformSupportModulesInManaged (25ms)
			SetLoadedEditorAssemblies (14ms)
			RefreshPlugins (0ms)
			BeforeProcessingInitializeOnLoad (482ms)
			ProcessInitializeOnLoadAttributes (1337ms)
			ProcessInitializeOnLoadMethodAttributes (113ms)
			AfterProcessingInitializeOnLoad (24ms)
			EditorAssembliesLoaded (0ms)
		ExecutionOrderSort2 (0ms)
		AwakeInstancesAfterBackupRestoration (16ms)
Launched and connected shader compiler UnityShaderCompiler.exe after 0.17 seconds
Refreshing native plugins compatible for Editor in 28.55 ms, found 4 plugins.
Preloading 0 native plugins for Editor in 0.00 ms.
Unloading 4614 Unused Serialized files (Serialized files now loaded: 0)
Unloading 70 unused Assets / (35.1 KB). Loaded Objects now: 5084.
Memory consumption went from 157.7 MB to 157.7 MB.
Total: 15.260400 ms (FindLiveObjects: 1.873000 ms CreateObjectMapping: 3.398900 ms MarkObjects: 9.744500 ms  DeleteObjects: 0.241700 ms)

AssetImportParameters requested are different than current active one (requested -> active):
  custom:container-demuxer-ogg: 62fdf1f143b41e24485cea50d1cbac27 -> 
  custom:video-decoder-ogg-theora: a1e56fd34408186e4bbccfd4996cb3dc -> 
  custom:framework-win-MediaFoundation: 216162199b28c13a410421893ffa2e32 -> 
  custom:CustomObjectIndexerAttribute: 756ad292c208cfabdd7b50bc23989ffe -> 
  custom:container-demuxer-webm: 4f35f7cbe854078d1ac9338744f61a02 -> 
  custom:container-muxer-webm: aa71ff27fc2769a1b78a27578f13a17b -> 
  custom:video-decoder-webm-vp8: 9c59270c3fd7afecdb556c50c9e8de78 -> 
  custom:AudioImporter_EditorPlatform: d09bf68614088b80899f8185d706f6e7 -> 
  custom:video-encoder-webm-vp8: eb34c28f22e8b96e1ab97ce403110664 -> 
  custom:audio-decoder-ogg-vorbis: bf7c407c2cedff20999df2af8eb42d56 -> 
  custom:audio-encoder-webm-vorbis: bf7c407c2cedff20999df2af8eb42d56 -> 
========================================================================
Received Import Request.
  Time since last request: 32607.277744 seconds.
  path: Assets/Cainos/Pixel Art Icon Pack - RPG/Texture/Monster Part
  artifactKey: Guid(6440e8a38b985cc4990db0da6d690926) Importer(815301076,1909f56bfc062723c751e8b465ee728b)
Start importing Assets/Cainos/Pixel Art Icon Pack - RPG/Texture/Monster Part using Guid(6440e8a38b985cc4990db0da6d690926) Importer(815301076,1909f56bfc062723c751e8b465ee728b)  -> (artifact id: 'a7c3bba8d77725910a6c58cba4f44e2d') in 0.005777 seconds
Number of updated asset objects reloaded before import = 0
Number of asset objects unloaded after import = 0
========================================================================
Received Import Request.
  Time since last request: 0.000054 seconds.
  path: Assets/Cainos/Pixel Art Icon Pack - RPG/Texture/Potion
  artifactKey: Guid(f0d3f31025247424590e3740f1985791) Importer(815301076,1909f56bfc062723c751e8b465ee728b)
Start importing Assets/Cainos/Pixel Art Icon Pack - RPG/Texture/Potion using Guid(f0d3f31025247424590e3740f1985791) Importer(815301076,1909f56bfc062723c751e8b465ee728b)  -> (artifact id: '9d097e4fda03ae693c8f63371927fdbc') in 0.001087 seconds
Number of updated asset objects reloaded before import = 0
Number of asset objects unloaded after import = 0
========================================================================
Received Import Request.
  Time since last request: 0.000046 seconds.
  path: Assets/Cainos
  artifactKey: Guid(773cc321add715d409d155a647b40faf) Importer(815301076,1909f56bfc062723c751e8b465ee728b)
Start importing Assets/Cainos using Guid(773cc321add715d409d155a647b40faf) Importer(815301076,1909f56bfc062723c751e8b465ee728b)  -> (artifact id: 'a75622c0df04ba012ccbdcca12e6861e') in 0.001113 seconds
Number of updated asset objects reloaded before import = 0
Number of asset objects unloaded after import = 0
========================================================================
Received Import Request.
  Time since last request: 0.000083 seconds.
  path: Assets/Cainos/Pixel Art Icon Pack - RPG/Texture/Weapon & Tool
  artifactKey: Guid(975c9af9482263342b85bf0366a3f533) Importer(815301076,1909f56bfc062723c751e8b465ee728b)
Start importing Assets/Cainos/Pixel Art Icon Pack - RPG/Texture/Weapon & Tool using Guid(975c9af9482263342b85bf0366a3f533) Importer(815301076,1909f56bfc062723c751e8b465ee728b)  -> (artifact id: '008487c42df012a4915940c65ef77207') in 0.001443 seconds
Number of updated asset objects reloaded before import = 0
Number of asset objects unloaded after import = 0
========================================================================
Received Import Request.
  Time since last request: 0.000033 seconds.
  path: Assets/Cainos/Pixel Art Icon Pack - RPG/Texture
  artifactKey: Guid(2b31c5cb4593d414787a268307422aaa) Importer(815301076,1909f56bfc062723c751e8b465ee728b)
Start importing Assets/Cainos/Pixel Art Icon Pack - RPG/Texture using Guid(2b31c5cb4593d414787a268307422aaa) Importer(815301076,1909f56bfc062723c751e8b465ee728b)  -> (artifact id: '120f1a793132c063006052ce7d7abd7f') in 0.001229 seconds
Number of updated asset objects reloaded before import = 0
Number of asset objects unloaded after import = 0
========================================================================
Received Import Request.
  Time since last request: 0.000034 seconds.
  path: Assets/Cainos/Pixel Art Icon Pack - RPG/Material/MT Sprite Outline Dark.mat
  artifactKey: Guid(9ef09833dc2c3404d88335dc4ee33fd4) Importer(815301076,1909f56bfc062723c751e8b465ee728b)
Start importing Assets/Cainos/Pixel Art Icon Pack - RPG/Material/MT Sprite Outline Dark.mat using Guid(9ef09833dc2c3404d88335dc4ee33fd4) Importer(815301076,1909f56bfc062723c751e8b465ee728b)  -> (artifact id: 'f2d9edd5f9646b8689a569b9a6d93889') in 0.546070 seconds
Number of updated asset objects reloaded before import = 0
Number of asset objects unloaded after import = 1
========================================================================
Received Import Request.
  Time since last request: 0.000193 seconds.
  path: Assets/Cainos/Pixel Art Icon Pack - RPG/Material/MT Sprite Outline None.mat
  artifactKey: Guid(ab43b5449aabc884faa9439a63aa2035) Importer(815301076,1909f56bfc062723c751e8b465ee728b)
Start importing Assets/Cainos/Pixel Art Icon Pack - RPG/Material/MT Sprite Outline None.mat using Guid(ab43b5449aabc884faa9439a63aa2035) Importer(815301076,1909f56bfc062723c751e8b465ee728b)  -> (artifact id: '3e5a0508e6b2c7b2195e571bea8bb0c1') in 0.026702 seconds
Number of updated asset objects reloaded before import = 0
Number of asset objects unloaded after import = 1
========================================================================
Received Import Request.
  Time since last request: 0.000174 seconds.
  path: Assets/Cainos/Pixel Art Icon Pack - RPG/Texture/Misc
  artifactKey: Guid(e12afdf2f92b6e44aa3c4bae022e4a61) Importer(815301076,1909f56bfc062723c751e8b465ee728b)
Start importing Assets/Cainos/Pixel Art Icon Pack - RPG/Texture/Misc using Guid(e12afdf2f92b6e44aa3c4bae022e4a61) Importer(815301076,1909f56bfc062723c751e8b465ee728b)  -> (artifact id: 'c412f4270490432004aee3e3772e4a1c') in 0.002099 seconds
Number of updated asset objects reloaded before import = 0
Number of asset objects unloaded after import = 0
========================================================================
Received Import Request.
  Time since last request: 0.000107 seconds.
  path: Assets/Cainos/Pixel Art Icon Pack - RPG/Material/MT Sprite Outline Yellow.mat
  artifactKey: Guid(edc31919a4a0caa4eafbbd6eb17dfc39) Importer(815301076,1909f56bfc062723c751e8b465ee728b)
Start importing Assets/Cainos/Pixel Art Icon Pack - RPG/Material/MT Sprite Outline Yellow.mat using Guid(edc31919a4a0caa4eafbbd6eb17dfc39) Importer(815301076,1909f56bfc062723c751e8b465ee728b)  -> (artifact id: 'e624b73aee3176d29b51c7b4ec557b42') in 0.062249 seconds
Number of updated asset objects reloaded before import = 0
Number of asset objects unloaded after import = 1
========================================================================
Received Import Request.
  Time since last request: 0.000060 seconds.
  path: Assets/Cainos/Pixel Art Icon Pack - RPG/Material
  artifactKey: Guid(ac6725e78ae254f4f8fa9f2900d99ba2) Importer(815301076,1909f56bfc062723c751e8b465ee728b)
Start importing Assets/Cainos/Pixel Art Icon Pack - RPG/Material using Guid(ac6725e78ae254f4f8fa9f2900d99ba2) Importer(815301076,1909f56bfc062723c751e8b465ee728b)  -> (artifact id: '476fa48fd1428973b8bbef02fbf154ad') in 0.001081 seconds
Number of updated asset objects reloaded before import = 0
Number of asset objects unloaded after import = 0
Editor requested this worker to shutdown with reason: Scaling down because of idle timeout
TcpMessagingSession - receive error: operation aborted. errorcode: 995, details: Операция ввода/вывода была прервана из-за завершения потока команд или по запросу приложения.
AssetImportWorker is now disconnected from the server
Process exiting
Exiting without the bug reporter. Application will terminate with return code 0